19-Aug-2025 18:24:44.274 INFO [main] org.apache.catalina.startup.VersionLoggerListener.log Server version name:   Apache Tomcat/9.0.107
19-Aug-2025 18:24:44.285 INFO [main] org.apache.catalina.startup.VersionLoggerListener.log Server built:          Jul 2 2025 07:01:03 UTC
19-Aug-2025 18:24:44.285 INFO [main] org.apache.catalina.startup.VersionLoggerListener.log Server version number: 9.0.107.0
19-Aug-2025 18:24:44.285 INFO [main] org.apache.catalina.startup.VersionLoggerListener.log OS Name:               Mac OS X
19-Aug-2025 18:24:44.285 INFO [main] org.apache.catalina.startup.VersionLoggerListener.log OS Version:            15.5
19-Aug-2025 18:24:44.286 INFO [main] org.apache.catalina.startup.VersionLoggerListener.log Architecture:          x86_64
19-Aug-2025 18:24:44.286 INFO [main] org.apache.catalina.startup.VersionLoggerListener.log Java Home:             /Applications/Apache NetBeans.app/Contents/Home
19-Aug-2025 18:24:44.286 INFO [main] org.apache.catalina.startup.VersionLoggerListener.log JVM Version:           23.0.2+7
19-Aug-2025 18:24:44.286 INFO [main] org.apache.catalina.startup.VersionLoggerListener.log JVM Vendor:            Azul Systems, Inc.
19-Aug-2025 18:24:44.286 INFO [main] org.apache.catalina.startup.VersionLoggerListener.log CATALINA_BASE:         /Users/ritikpareek/Softwares/apache-tomcat-9.0.107 2
19-Aug-2025 18:24:44.286 INFO [main] org.apache.catalina.startup.VersionLoggerListener.log CATALINA_HOME:         /Users/ritikpareek/Softwares/apache-tomcat-9.0.107 2
19-Aug-2025 18:24:44.305 INFO [main] org.apache.catalina.startup.VersionLoggerListener.log Command line argument: --add-opens=java.base/java.lang=ALL-UNNAMED
19-Aug-2025 18:24:44.305 INFO [main] org.apache.catalina.startup.VersionLoggerListener.log Command line argument: --add-opens=java.base/java.lang.invoke=ALL-UNNAMED
19-Aug-2025 18:24:44.306 INFO [main] org.apache.catalina.startup.VersionLoggerListener.log Command line argument: --add-opens=java.base/java.lang.reflect=ALL-UNNAMED
19-Aug-2025 18:24:44.306 INFO [main] org.apache.catalina.startup.VersionLoggerListener.log Command line argument: --add-opens=java.base/java.io=ALL-UNNAMED
19-Aug-2025 18:24:44.306 INFO [main] org.apache.catalina.startup.VersionLoggerListener.log Command line argument: --add-opens=java.base/java.util=ALL-UNNAMED
19-Aug-2025 18:24:44.306 INFO [main] org.apache.catalina.startup.VersionLoggerListener.log Command line argument: --add-opens=java.base/java.util.concurrent=ALL-UNNAMED
19-Aug-2025 18:24:44.306 INFO [main] org.apache.catalina.startup.VersionLoggerListener.log Command line argument: --add-opens=java.rmi/sun.rmi.transport=ALL-UNNAMED
19-Aug-2025 18:24:44.306 INFO [main] org.apache.catalina.startup.VersionLoggerListener.log Command line argument: -Djava.util.logging.config.file=/Users/ritikpareek/Softwares/apache-tomcat-9.0.107 2/conf/logging.properties
19-Aug-2025 18:24:44.307 INFO [main] org.apache.catalina.startup.VersionLoggerListener.log Command line argument: -Djava.util.logging.manager=org.apache.juli.ClassLoaderLogManager
19-Aug-2025 18:24:44.307 INFO [main] org.apache.catalina.startup.VersionLoggerListener.log Command line argument: -Dhttp.nonProxyHosts=localhost|127.0.0.1|Ritiks-MacBook-Air.local
19-Aug-2025 18:24:44.307 INFO [main] org.apache.catalina.startup.VersionLoggerListener.log Command line argument: -Djdk.tls.ephemeralDHKeySize=2048
19-Aug-2025 18:24:44.307 INFO [main] org.apache.catalina.startup.VersionLoggerListener.log Command line argument: -Djava.protocol.handler.pkgs=org.apache.catalina.webresources
19-Aug-2025 18:24:44.307 INFO [main] org.apache.catalina.startup.VersionLoggerListener.log Command line argument: -Dsun.io.useCanonCaches=false
19-Aug-2025 18:24:44.308 INFO [main] org.apache.catalina.startup.VersionLoggerListener.log Command line argument: -Dorg.apache.catalina.security.SecurityListener.UMASK=0027
19-Aug-2025 18:24:44.308 INFO [main] org.apache.catalina.startup.VersionLoggerListener.log Command line argument: -Dignore.endorsed.dirs=
19-Aug-2025 18:24:44.308 INFO [main] org.apache.catalina.startup.VersionLoggerListener.log Command line argument: -Dcatalina.base=/Users/ritikpareek/Softwares/apache-tomcat-9.0.107 2
19-Aug-2025 18:24:44.308 INFO [main] org.apache.catalina.startup.VersionLoggerListener.log Command line argument: -Dcatalina.home=/Users/ritikpareek/Softwares/apache-tomcat-9.0.107 2
19-Aug-2025 18:24:44.308 INFO [main] org.apache.catalina.startup.VersionLoggerListener.log Command line argument: -Djava.io.tmpdir=/Users/ritikpareek/Softwares/apache-tomcat-9.0.107 2/temp
19-Aug-2025 18:24:44.320 INFO [main] org.apache.catalina.core.AprLifecycleListener.lifecycleEvent The Apache Tomcat Native library which allows using OpenSSL was not found on the java.library.path: [/Users/ritikpareek/Library/Java/Extensions:/Library/Java/Extensions:/Network/Library/Java/Extensions:/System/Library/Java/Extensions:/usr/lib/java:.]
19-Aug-2025 18:24:45.085 INFO [main] org.apache.coyote.AbstractProtocol.init Initializing ProtocolHandler ["http-nio-8086"]
19-Aug-2025 18:24:45.156 INFO [main] org.apache.catalina.startup.Catalina.load Server initialization in [1189] milliseconds
19-Aug-2025 18:24:45.245 INFO [main] org.apache.catalina.core.StandardService.startInternal Starting service [Catalina]
19-Aug-2025 18:24:45.246 INFO [main] org.apache.catalina.core.StandardEngine.startInternal Starting Servlet engine: [Apache Tomcat/9.0.107]
19-Aug-2025 18:24:45.256 INFO [main] org.apache.catalina.startup.HostConfig.deployDescriptor Deploying deployment descriptor [/Users/ritikpareek/Softwares/apache-tomcat-9.0.107 2/conf/Catalina/localhost/Bank-Ease.xml]
19-Aug-2025 18:24:45.276 WARNING [main] org.apache.catalina.startup.HostConfig.deployDescriptor The path attribute with value [/Bank-Ease] in deployment descriptor [/Users/ritikpareek/Softwares/apache-tomcat-9.0.107 2/conf/Catalina/localhost/Bank-Ease.xml] has been ignored
19-Aug-2025 18:24:45.528 WARNING [main] org.apache.tomcat.util.descriptor.web.WebXml.setVersion Unknown version string [6.1]. Default version will be used.
19-Aug-2025 18:24:46.038 INFO [main] org.apache.jasper.servlet.TldScanner.scanJars At least one JAR was scanned for TLDs yet contained no TLDs. Enable debug logging for this logger for a complete list of JARs that were scanned but no TLDs were found in them. Skipping unneeded JARs during scanning can improve startup time and JSP compilation time.
19-Aug-2025 18:24:46.134 INFO [main] org.apache.catalina.startup.HostConfig.deployDescriptor Deployment of deployment descriptor [/Users/ritikpareek/Softwares/apache-tomcat-9.0.107 2/conf/Catalina/localhost/Bank-Ease.xml] has finished in [877] ms
19-Aug-2025 18:24:46.135 INFO [main] org.apache.catalina.startup.HostConfig.deployDescriptor Deploying deployment descriptor [/Users/ritikpareek/Softwares/apache-tomcat-9.0.107 2/conf/Catalina/localhost/TestWeb.xml]
19-Aug-2025 18:24:46.137 WARNING [main] org.apache.catalina.startup.HostConfig.deployDescriptor The path attribute with value [/TestWeb] in deployment descriptor [/Users/ritikpareek/Softwares/apache-tomcat-9.0.107 2/conf/Catalina/localhost/TestWeb.xml] has been ignored
19-Aug-2025 18:24:46.972 INFO [main] org.apache.jasper.servlet.TldScanner.scanJars At least one JAR was scanned for TLDs yet contained no TLDs. Enable debug logging for this logger for a complete list of JARs that were scanned but no TLDs were found in them. Skipping unneeded JARs during scanning can improve startup time and JSP compilation time.
19-Aug-2025 18:24:47.142 INFO [main] com.opensymphony.xwork2.util.logging.commons.CommonsLogger.info Parsing configuration file [struts-default.xml]
19-Aug-2025 18:24:47.237 INFO [main] com.opensymphony.xwork2.util.logging.commons.CommonsLogger.info Parsing configuration file [struts-plugin.xml]
19-Aug-2025 18:24:47.250 INFO [main] com.opensymphony.xwork2.util.logging.commons.CommonsLogger.info Parsing configuration file [struts.xml]
19-Aug-2025 18:24:47.545 INFO [main] org.apache.catalina.startup.HostConfig.deployDescriptor Deployment of deployment descriptor [/Users/ritikpareek/Softwares/apache-tomcat-9.0.107 2/conf/Catalina/localhost/TestWeb.xml] has finished in [1,410] ms
19-Aug-2025 18:24:47.545 INFO [main] org.apache.catalina.startup.HostConfig.deployDescriptor Deploying deployment descriptor [/Users/ritikpareek/Softwares/apache-tomcat-9.0.107 2/conf/Catalina/localhost/Test_web.xml]
19-Aug-2025 18:24:47.554 WARNING [main] org.apache.catalina.startup.HostConfig.deployDescriptor The path attribute with value [/Test_web] in deployment descriptor [/Users/ritikpareek/Softwares/apache-tomcat-9.0.107 2/conf/Catalina/localhost/Test_web.xml] has been ignored
19-Aug-2025 18:24:47.573 SEVERE [main] org.apache.catalina.startup.HostConfig.deployDescriptor Error deploying deployment descriptor [/Users/ritikpareek/Softwares/apache-tomcat-9.0.107 2/conf/Catalina/localhost/Test_web.xml]
	java.lang.IllegalStateException: Error starting child
		at org.apache.catalina.core.ContainerBase.addChildInternal(ContainerBase.java:602)
		at org.apache.catalina.core.ContainerBase.addChild(ContainerBase.java:571)
		at org.apache.catalina.core.StandardHost.addChild(StandardHost.java:603)
		at org.apache.catalina.startup.HostConfig.deployDescriptor(HostConfig.java:680)
		at org.apache.catalina.startup.HostConfig$DeployDescriptor.run(HostConfig.java:1839)
		at java.base/java.util.concurrent.Executors$RunnableAdapter.call(Executors.java:572)
		at java.base/java.util.concurrent.FutureTask.run(FutureTask.java:317)
		at org.apache.tomcat.util.threads.InlineExecutorService.execute(InlineExecutorService.java:76)
		at java.base/java.util.concurrent.AbstractExecutorService.submit(AbstractExecutorService.java:124)
		at org.apache.catalina.startup.HostConfig.deployDescriptors(HostConfig.java:575)
		at org.apache.catalina.startup.HostConfig.deployApps(HostConfig.java:466)
		at org.apache.catalina.startup.HostConfig.start(HostConfig.java:1579)
		at org.apache.catalina.startup.HostConfig.lifecycleEvent(HostConfig.java:312)
		at org.apache.catalina.util.LifecycleBase.fireLifecycleEvent(LifecycleBase.java:109)
		at org.apache.catalina.util.LifecycleBase.setStateInternal(LifecycleBase.java:389)
		at org.apache.catalina.util.LifecycleBase.setState(LifecycleBase.java:336)
		at org.apache.catalina.core.ContainerBase.startInternal(ContainerBase.java:776)
		at org.apache.catalina.core.StandardHost.startInternal(StandardHost.java:721)
		at org.apache.catalina.util.LifecycleBase.start(LifecycleBase.java:164)
		at org.apache.catalina.core.ContainerBase$StartChild.call(ContainerBase.java:1203)
		at org.apache.catalina.core.ContainerBase$StartChild.call(ContainerBase.java:1193)
		at java.base/java.util.concurrent.FutureTask.run(FutureTask.java:317)
		at org.apache.tomcat.util.threads.InlineExecutorService.execute(InlineExecutorService.java:76)
		at java.base/java.util.concurrent.AbstractExecutorService.submit(AbstractExecutorService.java:148)
		at org.apache.catalina.core.ContainerBase.startInternal(ContainerBase.java:749)
		at org.apache.catalina.core.StandardEngine.startInternal(StandardEngine.java:211)
		at org.apache.catalina.util.LifecycleBase.start(LifecycleBase.java:164)
		at org.apache.catalina.core.StandardService.startInternal(StandardService.java:412)
		at org.apache.catalina.util.LifecycleBase.start(LifecycleBase.java:164)
		at org.apache.catalina.core.StandardServer.startInternal(StandardServer.java:874)
		at org.apache.catalina.util.LifecycleBase.start(LifecycleBase.java:164)
		at org.apache.catalina.startup.Catalina.start(Catalina.java:739)
		at java.base/jdk.internal.reflect.DirectMethodHandleAccessor.invoke(DirectMethodHandleAccessor.java:103)
		at java.base/java.lang.reflect.Method.invoke(Method.java:580)
		at org.apache.catalina.startup.Bootstrap.start(Bootstrap.java:345)
		at org.apache.catalina.startup.Bootstrap.main(Bootstrap.java:476)
	Caused by: org.apache.catalina.LifecycleException: Failed to start component [org.apache.catalina.webresources.StandardRoot@5273143e]
		at org.apache.catalina.util.LifecycleBase.handleSubClassException(LifecycleBase.java:406)
		at org.apache.catalina.util.LifecycleBase.start(LifecycleBase.java:179)
		at org.apache.catalina.core.StandardContext.resourcesStart(StandardContext.java:4172)
		at org.apache.catalina.core.StandardContext.startInternal(StandardContext.java:4294)
		at org.apache.catalina.util.LifecycleBase.start(LifecycleBase.java:164)
		at org.apache.catalina.core.ContainerBase.addChildInternal(ContainerBase.java:599)
		... 35 more
	Caused by: java.lang.IllegalArgumentException: The main resource set specified [/Users/ritikpareek/NetBeansProjects/Test_web/build/web] is not a directory or war file, or is not readable (it does not exist or permissions to access it are missing)
		at org.apache.catalina.webresources.StandardRoot.createMainResourceSet(StandardRoot.java:758)
		at org.apache.catalina.webresources.StandardRoot.startInternal(StandardRoot.java:715)
		at org.apache.catalina.util.LifecycleBase.start(LifecycleBase.java:164)
		... 39 more
19-Aug-2025 18:24:47.576 INFO [main] org.apache.catalina.startup.HostConfig.deployDescriptor Deployment of deployment descriptor [/Users/ritikpareek/Softwares/apache-tomcat-9.0.107 2/conf/Catalina/localhost/Test_web.xml] has finished in [31] ms
19-Aug-2025 18:24:47.577 INFO [main] org.apache.catalina.startup.HostConfig.deployDescriptor Deploying deployment descriptor [/Users/ritikpareek/Softwares/apache-tomcat-9.0.107 2/conf/Catalina/localhost/ChargeBuddy.xml]
19-Aug-2025 18:24:47.578 WARNING [main] org.apache.catalina.startup.HostConfig.deployDescriptor The path attribute with value [/ChargeBuddy] in deployment descriptor [/Users/ritikpareek/Softwares/apache-tomcat-9.0.107 2/conf/Catalina/localhost/ChargeBuddy.xml] has been ignored
19-Aug-2025 18:24:48.138 INFO [main] org.apache.jasper.servlet.TldScanner.scanJars At least one JAR was scanned for TLDs yet contained no TLDs. Enable debug logging for this logger for a complete list of JARs that were scanned but no TLDs were found in them. Skipping unneeded JARs during scanning can improve startup time and JSP compilation time.
19-Aug-2025 18:24:48.231 INFO [main] com.opensymphony.xwork2.util.logging.commons.CommonsLogger.info Parsing configuration file [struts-default.xml]
19-Aug-2025 18:24:48.298 INFO [main] com.opensymphony.xwork2.util.logging.commons.CommonsLogger.info Parsing configuration file [struts-plugin.xml]
19-Aug-2025 18:24:48.309 INFO [main] com.opensymphony.xwork2.util.logging.commons.CommonsLogger.info Parsing configuration file [struts.xml]
19-Aug-2025 18:24:48.481 INFO [main] org.apache.catalina.startup.HostConfig.deployDescriptor Deployment of deployment descriptor [/Users/ritikpareek/Softwares/apache-tomcat-9.0.107 2/conf/Catalina/localhost/ChargeBuddy.xml] has finished in [904] ms
19-Aug-2025 18:24:48.482 INFO [main] org.apache.catalina.startup.HostConfig.deployDescriptor Deploying deployment descriptor [/Users/ritikpareek/Softwares/apache-tomcat-9.0.107 2/conf/Catalina/localhost/Fintech_Services.xml]
19-Aug-2025 18:24:48.487 WARNING [main] org.apache.catalina.startup.HostConfig.deployDescriptor The path attribute with value [/Fintech_Services] in deployment descriptor [/Users/ritikpareek/Softwares/apache-tomcat-9.0.107 2/conf/Catalina/localhost/Fintech_Services.xml] has been ignored
19-Aug-2025 18:24:48.644 INFO [main] org.apache.jasper.servlet.TldScanner.scanJars At least one JAR was scanned for TLDs yet contained no TLDs. Enable debug logging for this logger for a complete list of JARs that were scanned but no TLDs were found in them. Skipping unneeded JARs during scanning can improve startup time and JSP compilation time.
19-Aug-2025 18:24:48.647 INFO [main] org.apache.catalina.startup.HostConfig.deployDescriptor Deployment of deployment descriptor [/Users/ritikpareek/Softwares/apache-tomcat-9.0.107 2/conf/Catalina/localhost/Fintech_Services.xml] has finished in [164] ms
19-Aug-2025 18:24:48.647 INFO [main] org.apache.catalina.startup.HostConfig.deployDescriptor Deploying deployment descriptor [/Users/ritikpareek/Softwares/apache-tomcat-9.0.107 2/conf/Catalina/localhost/ROOT.xml]
19-Aug-2025 18:24:48.650 WARNING [main] org.apache.catalina.startup.HostConfig.deployDescriptor The path attribute with value [] in deployment descriptor [/Users/ritikpareek/Softwares/apache-tomcat-9.0.107 2/conf/Catalina/localhost/ROOT.xml] has been ignored
19-Aug-2025 18:24:48.656 SEVERE [main] org.apache.catalina.startup.HostConfig.deployDescriptor Error deploying deployment descriptor [/Users/ritikpareek/Softwares/apache-tomcat-9.0.107 2/conf/Catalina/localhost/ROOT.xml]
	java.lang.IllegalStateException: Error starting child
		at org.apache.catalina.core.ContainerBase.addChildInternal(ContainerBase.java:602)
		at org.apache.catalina.core.ContainerBase.addChild(ContainerBase.java:571)
		at org.apache.catalina.core.StandardHost.addChild(StandardHost.java:603)
		at org.apache.catalina.startup.HostConfig.deployDescriptor(HostConfig.java:680)
		at org.apache.catalina.startup.HostConfig$DeployDescriptor.run(HostConfig.java:1839)
		at java.base/java.util.concurrent.Executors$RunnableAdapter.call(Executors.java:572)
		at java.base/java.util.concurrent.FutureTask.run(FutureTask.java:317)
		at org.apache.tomcat.util.threads.InlineExecutorService.execute(InlineExecutorService.java:76)
		at java.base/java.util.concurrent.AbstractExecutorService.submit(AbstractExecutorService.java:124)
		at org.apache.catalina.startup.HostConfig.deployDescriptors(HostConfig.java:575)
		at org.apache.catalina.startup.HostConfig.deployApps(HostConfig.java:466)
		at org.apache.catalina.startup.HostConfig.start(HostConfig.java:1579)
		at org.apache.catalina.startup.HostConfig.lifecycleEvent(HostConfig.java:312)
		at org.apache.catalina.util.LifecycleBase.fireLifecycleEvent(LifecycleBase.java:109)
		at org.apache.catalina.util.LifecycleBase.setStateInternal(LifecycleBase.java:389)
		at org.apache.catalina.util.LifecycleBase.setState(LifecycleBase.java:336)
		at org.apache.catalina.core.ContainerBase.startInternal(ContainerBase.java:776)
		at org.apache.catalina.core.StandardHost.startInternal(StandardHost.java:721)
		at org.apache.catalina.util.LifecycleBase.start(LifecycleBase.java:164)
		at org.apache.catalina.core.ContainerBase$StartChild.call(ContainerBase.java:1203)
		at org.apache.catalina.core.ContainerBase$StartChild.call(ContainerBase.java:1193)
		at java.base/java.util.concurrent.FutureTask.run(FutureTask.java:317)
		at org.apache.tomcat.util.threads.InlineExecutorService.execute(InlineExecutorService.java:76)
		at java.base/java.util.concurrent.AbstractExecutorService.submit(AbstractExecutorService.java:148)
		at org.apache.catalina.core.ContainerBase.startInternal(ContainerBase.java:749)
		at org.apache.catalina.core.StandardEngine.startInternal(StandardEngine.java:211)
		at org.apache.catalina.util.LifecycleBase.start(LifecycleBase.java:164)
		at org.apache.catalina.core.StandardService.startInternal(StandardService.java:412)
		at org.apache.catalina.util.LifecycleBase.start(LifecycleBase.java:164)
		at org.apache.catalina.core.StandardServer.startInternal(StandardServer.java:874)
		at org.apache.catalina.util.LifecycleBase.start(LifecycleBase.java:164)
		at org.apache.catalina.startup.Catalina.start(Catalina.java:739)
		at java.base/jdk.internal.reflect.DirectMethodHandleAccessor.invoke(DirectMethodHandleAccessor.java:103)
		at java.base/java.lang.reflect.Method.invoke(Method.java:580)
		at org.apache.catalina.startup.Bootstrap.start(Bootstrap.java:345)
		at org.apache.catalina.startup.Bootstrap.main(Bootstrap.java:476)
	Caused by: org.apache.catalina.LifecycleException: Failed to start component [org.apache.catalina.webresources.StandardRoot@6dc98c02]
		at org.apache.catalina.util.LifecycleBase.handleSubClassException(LifecycleBase.java:406)
		at org.apache.catalina.util.LifecycleBase.start(LifecycleBase.java:179)
		at org.apache.catalina.core.StandardContext.resourcesStart(StandardContext.java:4172)
		at org.apache.catalina.core.StandardContext.startInternal(StandardContext.java:4294)
		at org.apache.catalina.util.LifecycleBase.start(LifecycleBase.java:164)
		at org.apache.catalina.core.ContainerBase.addChildInternal(ContainerBase.java:599)
		... 35 more
	Caused by: java.lang.IllegalArgumentException: The main resource set specified [/Users/ritikpareek/NetBeansProjects/ChargeBuddy/build/web] is not a directory or war file, or is not readable (it does not exist or permissions to access it are missing)
		at org.apache.catalina.webresources.StandardRoot.createMainResourceSet(StandardRoot.java:758)
		at org.apache.catalina.webresources.StandardRoot.startInternal(StandardRoot.java:715)
		at org.apache.catalina.util.LifecycleBase.start(LifecycleBase.java:164)
		... 39 more
19-Aug-2025 18:24:48.658 INFO [main] org.apache.catalina.startup.HostConfig.deployDescriptor Deployment of deployment descriptor [/Users/ritikpareek/Softwares/apache-tomcat-9.0.107 2/conf/Catalina/localhost/ROOT.xml] has finished in [10] ms
19-Aug-2025 18:24:48.659 INFO [main] org.apache.catalina.startup.HostConfig.deployDirectory Deploying web application directory [/Users/ritikpareek/Softwares/apache-tomcat-9.0.107 2/webapps/docs]
19-Aug-2025 18:24:48.707 INFO [main] org.apache.catalina.startup.HostConfig.deployDirectory Deployment of web application directory [/Users/ritikpareek/Softwares/apache-tomcat-9.0.107 2/webapps/docs] has finished in [48] ms
19-Aug-2025 18:24:48.708 INFO [main] org.apache.catalina.startup.HostConfig.deployDirectory Deploying web application directory [/Users/ritikpareek/Softwares/apache-tomcat-9.0.107 2/webapps/manager]
19-Aug-2025 18:24:48.761 INFO [main] org.apache.catalina.startup.HostConfig.deployDirectory Deployment of web application directory [/Users/ritikpareek/Softwares/apache-tomcat-9.0.107 2/webapps/manager] has finished in [53] ms
19-Aug-2025 18:24:48.762 INFO [main] org.apache.catalina.startup.HostConfig.deployDirectory Deploying web application directory [/Users/ritikpareek/Softwares/apache-tomcat-9.0.107 2/webapps/examples]
19-Aug-2025 18:24:49.021 INFO [main] org.apache.catalina.startup.HostConfig.deployDirectory Deployment of web application directory [/Users/ritikpareek/Softwares/apache-tomcat-9.0.107 2/webapps/examples] has finished in [260] ms
19-Aug-2025 18:24:49.021 INFO [main] org.apache.catalina.startup.HostConfig.deployDirectory Deploying web application directory [/Users/ritikpareek/Softwares/apache-tomcat-9.0.107 2/webapps/host-manager]
19-Aug-2025 18:24:49.054 INFO [main] org.apache.catalina.startup.HostConfig.deployDirectory Deployment of web application directory [/Users/ritikpareek/Softwares/apache-tomcat-9.0.107 2/webapps/host-manager] has finished in [33] ms
19-Aug-2025 18:24:49.059 INFO [main] org.apache.coyote.AbstractProtocol.start Starting ProtocolHandler ["http-nio-8086"]
19-Aug-2025 18:24:49.075 INFO [main] org.apache.catalina.startup.Catalina.start Server startup in [3918] milliseconds
19-Aug-2025 18:24:52.018 INFO [http-nio-8086-exec-10] org.apache.catalina.startup.HostConfig.deployDescriptor Deploying deployment descriptor [/Users/ritikpareek/Softwares/apache-tomcat-9.0.107 2/conf/Catalina/localhost/SpringMVCWebApp.xml]
19-Aug-2025 18:24:52.027 WARNING [http-nio-8086-exec-10] org.apache.catalina.startup.HostConfig.deployDescriptor The path attribute with value [/SpringMVCWebApp] in deployment descriptor [/Users/ritikpareek/Softwares/apache-tomcat-9.0.107 2/conf/Catalina/localhost/SpringMVCWebApp.xml] has been ignored
19-Aug-2025 18:24:52.104 INFO [http-nio-8086-exec-10] org.apache.catalina.startup.HostConfig.deployDescriptor Deployment of deployment descriptor [/Users/ritikpareek/Softwares/apache-tomcat-9.0.107 2/conf/Catalina/localhost/SpringMVCWebApp.xml] has finished in [88] ms
19-Aug-2025 18:24:52.111 INFO [http-nio-8086-exec-8] org.apache.catalina.util.LifecycleBase.start The start() method was called on component [StandardEngine[Catalina].StandardHost[localhost].StandardContext[/SpringMVCWebApp]] after start() had already been called. The second call will be ignored.
19-Aug-2025 19:40:25.646 INFO [main] org.apache.catalina.core.StandardServer.await A valid shutdown command was received via the shutdown port. Stopping the Server instance.
19-Aug-2025 19:40:25.654 INFO [main] org.apache.coyote.AbstractProtocol.pause Pausing ProtocolHandler ["http-nio-8086"]
19-Aug-2025 19:40:25.667 INFO [main] org.apache.catalina.core.StandardService.stopInternal Stopping service [Catalina]
19-Aug-2025 19:40:25.865 INFO [main] org.apache.coyote.AbstractProtocol.stop Stopping ProtocolHandler ["http-nio-8086"]
19-Aug-2025 19:40:25.892 INFO [main] org.apache.coyote.AbstractProtocol.destroy Destroying ProtocolHandler ["http-nio-8086"]
