16-Aug-2025 14:46:50.637 INFO [main] org.apache.catalina.startup.VersionLoggerListener.log Server version name:   Apache Tomcat/9.0.107
16-Aug-2025 14:46:50.647 INFO [main] org.apache.catalina.startup.VersionLoggerListener.log Server built:          Jul 2 2025 07:01:03 UTC
16-Aug-2025 14:46:50.648 INFO [main] org.apache.catalina.startup.VersionLoggerListener.log Server version number: 9.0.107.0
16-Aug-2025 14:46:50.648 INFO [main] org.apache.catalina.startup.VersionLoggerListener.log OS Name:               Mac OS X
16-Aug-2025 14:46:50.648 INFO [main] org.apache.catalina.startup.VersionLoggerListener.log OS Version:            15.5
16-Aug-2025 14:46:50.648 INFO [main] org.apache.catalina.startup.VersionLoggerListener.log Architecture:          x86_64
16-Aug-2025 14:46:50.648 INFO [main] org.apache.catalina.startup.VersionLoggerListener.log Java Home:             /Applications/Apache NetBeans.app/Contents/Home
16-Aug-2025 14:46:50.648 INFO [main] org.apache.catalina.startup.VersionLoggerListener.log JVM Version:           23.0.2+7
16-Aug-2025 14:46:50.648 INFO [main] org.apache.catalina.startup.VersionLoggerListener.log JVM Vendor:            Azul Systems, Inc.
16-Aug-2025 14:46:50.648 INFO [main] org.apache.catalina.startup.VersionLoggerListener.log CATALINA_BASE:         /Users/ritikpareek/Softwares/apache-tomcat-9.0.107 2
16-Aug-2025 14:46:50.650 INFO [main] org.apache.catalina.startup.VersionLoggerListener.log CATALINA_HOME:         /Users/ritikpareek/Softwares/apache-tomcat-9.0.107 2
16-Aug-2025 14:46:50.670 INFO [main] org.apache.catalina.startup.VersionLoggerListener.log Command line argument: --add-opens=java.base/java.lang=ALL-UNNAMED
16-Aug-2025 14:46:50.671 INFO [main] org.apache.catalina.startup.VersionLoggerListener.log Command line argument: --add-opens=java.base/java.lang.invoke=ALL-UNNAMED
16-Aug-2025 14:46:50.671 INFO [main] org.apache.catalina.startup.VersionLoggerListener.log Command line argument: --add-opens=java.base/java.lang.reflect=ALL-UNNAMED
16-Aug-2025 14:46:50.672 INFO [main] org.apache.catalina.startup.VersionLoggerListener.log Command line argument: --add-opens=java.base/java.io=ALL-UNNAMED
16-Aug-2025 14:46:50.672 INFO [main] org.apache.catalina.startup.VersionLoggerListener.log Command line argument: --add-opens=java.base/java.util=ALL-UNNAMED
16-Aug-2025 14:46:50.672 INFO [main] org.apache.catalina.startup.VersionLoggerListener.log Command line argument: --add-opens=java.base/java.util.concurrent=ALL-UNNAMED
16-Aug-2025 14:46:50.672 INFO [main] org.apache.catalina.startup.VersionLoggerListener.log Command line argument: --add-opens=java.rmi/sun.rmi.transport=ALL-UNNAMED
16-Aug-2025 14:46:50.672 INFO [main] org.apache.catalina.startup.VersionLoggerListener.log Command line argument: -Djava.util.logging.config.file=/Users/ritikpareek/Softwares/apache-tomcat-9.0.107 2/conf/logging.properties
16-Aug-2025 14:46:50.672 INFO [main] org.apache.catalina.startup.VersionLoggerListener.log Command line argument: -Djava.util.logging.manager=org.apache.juli.ClassLoaderLogManager
16-Aug-2025 14:46:50.672 INFO [main] org.apache.catalina.startup.VersionLoggerListener.log Command line argument: -Dhttp.nonProxyHosts=localhost|127.0.0.1|Ritiks-MacBook-Air.local
16-Aug-2025 14:46:50.673 INFO [main] org.apache.catalina.startup.VersionLoggerListener.log Command line argument: -Djdk.tls.ephemeralDHKeySize=2048
16-Aug-2025 14:46:50.673 INFO [main] org.apache.catalina.startup.VersionLoggerListener.log Command line argument: -Djava.protocol.handler.pkgs=org.apache.catalina.webresources
16-Aug-2025 14:46:50.673 INFO [main] org.apache.catalina.startup.VersionLoggerListener.log Command line argument: -Dsun.io.useCanonCaches=false
16-Aug-2025 14:46:50.674 INFO [main] org.apache.catalina.startup.VersionLoggerListener.log Command line argument: -Dorg.apache.catalina.security.SecurityListener.UMASK=0027
16-Aug-2025 14:46:50.675 INFO [main] org.apache.catalina.startup.VersionLoggerListener.log Command line argument: -Dignore.endorsed.dirs=
16-Aug-2025 14:46:50.675 INFO [main] org.apache.catalina.startup.VersionLoggerListener.log Command line argument: -Dcatalina.base=/Users/ritikpareek/Softwares/apache-tomcat-9.0.107 2
16-Aug-2025 14:46:50.675 INFO [main] org.apache.catalina.startup.VersionLoggerListener.log Command line argument: -Dcatalina.home=/Users/ritikpareek/Softwares/apache-tomcat-9.0.107 2
16-Aug-2025 14:46:50.675 INFO [main] org.apache.catalina.startup.VersionLoggerListener.log Command line argument: -Djava.io.tmpdir=/Users/ritikpareek/Softwares/apache-tomcat-9.0.107 2/temp
16-Aug-2025 14:46:50.687 INFO [main] org.apache.catalina.core.AprLifecycleListener.lifecycleEvent The Apache Tomcat Native library which allows using OpenSSL was not found on the java.library.path: [/Users/ritikpareek/Library/Java/Extensions:/Library/Java/Extensions:/Network/Library/Java/Extensions:/System/Library/Java/Extensions:/usr/lib/java:.]
16-Aug-2025 14:46:51.474 INFO [main] org.apache.coyote.AbstractProtocol.init Initializing ProtocolHandler ["http-nio-8086"]
16-Aug-2025 14:46:51.552 INFO [main] org.apache.catalina.startup.Catalina.load Server initialization in [1211] milliseconds
16-Aug-2025 14:46:51.644 INFO [main] org.apache.catalina.core.StandardService.startInternal Starting service [Catalina]
16-Aug-2025 14:46:51.644 INFO [main] org.apache.catalina.core.StandardEngine.startInternal Starting Servlet engine: [Apache Tomcat/9.0.107]
16-Aug-2025 14:46:51.652 INFO [main] org.apache.catalina.startup.HostConfig.deployDescriptor Deploying deployment descriptor [/Users/ritikpareek/Softwares/apache-tomcat-9.0.107 2/conf/Catalina/localhost/Bank-Ease.xml]
16-Aug-2025 14:46:51.674 WARNING [main] org.apache.catalina.startup.HostConfig.deployDescriptor The path attribute with value [/Bank-Ease] in deployment descriptor [/Users/ritikpareek/Softwares/apache-tomcat-9.0.107 2/conf/Catalina/localhost/Bank-Ease.xml] has been ignored
16-Aug-2025 14:46:51.926 WARNING [main] org.apache.tomcat.util.descriptor.web.WebXml.setVersion Unknown version string [6.1]. Default version will be used.
16-Aug-2025 14:46:52.470 INFO [main] org.apache.jasper.servlet.TldScanner.scanJars At least one JAR was scanned for TLDs yet contained no TLDs. Enable debug logging for this logger for a complete list of JARs that were scanned but no TLDs were found in them. Skipping unneeded JARs during scanning can improve startup time and JSP compilation time.
16-Aug-2025 14:46:52.573 INFO [main] org.apache.catalina.startup.HostConfig.deployDescriptor Deployment of deployment descriptor [/Users/ritikpareek/Softwares/apache-tomcat-9.0.107 2/conf/Catalina/localhost/Bank-Ease.xml] has finished in [921] ms
16-Aug-2025 14:46:52.573 INFO [main] org.apache.catalina.startup.HostConfig.deployDescriptor Deploying deployment descriptor [/Users/ritikpareek/Softwares/apache-tomcat-9.0.107 2/conf/Catalina/localhost/TestWeb.xml]
16-Aug-2025 14:46:52.576 WARNING [main] org.apache.catalina.startup.HostConfig.deployDescriptor The path attribute with value [/TestWeb] in deployment descriptor [/Users/ritikpareek/Softwares/apache-tomcat-9.0.107 2/conf/Catalina/localhost/TestWeb.xml] has been ignored
16-Aug-2025 14:46:53.561 INFO [main] org.apache.jasper.servlet.TldScanner.scanJars At least one JAR was scanned for TLDs yet contained no TLDs. Enable debug logging for this logger for a complete list of JARs that were scanned but no TLDs were found in them. Skipping unneeded JARs during scanning can improve startup time and JSP compilation time.
16-Aug-2025 14:46:53.805 INFO [main] com.opensymphony.xwork2.util.logging.commons.CommonsLogger.info Parsing configuration file [struts-default.xml]
16-Aug-2025 14:46:53.902 INFO [main] com.opensymphony.xwork2.util.logging.commons.CommonsLogger.info Parsing configuration file [struts-plugin.xml]
16-Aug-2025 14:46:53.917 INFO [main] com.opensymphony.xwork2.util.logging.commons.CommonsLogger.info Parsing configuration file [struts.xml]
16-Aug-2025 14:46:54.238 INFO [main] org.apache.catalina.startup.HostConfig.deployDescriptor Deployment of deployment descriptor [/Users/ritikpareek/Softwares/apache-tomcat-9.0.107 2/conf/Catalina/localhost/TestWeb.xml] has finished in [1,665] ms
16-Aug-2025 14:46:54.238 INFO [main] org.apache.catalina.startup.HostConfig.deployDescriptor Deploying deployment descriptor [/Users/ritikpareek/Softwares/apache-tomcat-9.0.107 2/conf/Catalina/localhost/Test_web.xml]
16-Aug-2025 14:46:54.247 WARNING [main] org.apache.catalina.startup.HostConfig.deployDescriptor The path attribute with value [/Test_web] in deployment descriptor [/Users/ritikpareek/Softwares/apache-tomcat-9.0.107 2/conf/Catalina/localhost/Test_web.xml] has been ignored
16-Aug-2025 14:46:54.266 SEVERE [main] org.apache.catalina.startup.HostConfig.deployDescriptor Error deploying deployment descriptor [/Users/ritikpareek/Softwares/apache-tomcat-9.0.107 2/conf/Catalina/localhost/Test_web.xml]
	java.lang.IllegalStateException: Error starting child
		at org.apache.catalina.core.ContainerBase.addChildInternal(ContainerBase.java:602)
		at org.apache.catalina.core.ContainerBase.addChild(ContainerBase.java:571)
		at org.apache.catalina.core.StandardHost.addChild(StandardHost.java:603)
		at org.apache.catalina.startup.HostConfig.deployDescriptor(HostConfig.java:680)
		at org.apache.catalina.startup.HostConfig$DeployDescriptor.run(HostConfig.java:1839)
		at java.base/java.util.concurrent.Executors$RunnableAdapter.call(Executors.java:572)
		at java.base/java.util.concurrent.FutureTask.run(FutureTask.java:317)
		at org.apache.tomcat.util.threads.InlineExecutorService.execute(InlineExecutorService.java:76)
		at java.base/java.util.concurrent.AbstractExecutorService.submit(AbstractExecutorService.java:124)
		at org.apache.catalina.startup.HostConfig.deployDescriptors(HostConfig.java:575)
		at org.apache.catalina.startup.HostConfig.deployApps(HostConfig.java:466)
		at org.apache.catalina.startup.HostConfig.start(HostConfig.java:1579)
		at org.apache.catalina.startup.HostConfig.lifecycleEvent(HostConfig.java:312)
		at org.apache.catalina.util.LifecycleBase.fireLifecycleEvent(LifecycleBase.java:109)
		at org.apache.catalina.util.LifecycleBase.setStateInternal(LifecycleBase.java:389)
		at org.apache.catalina.util.LifecycleBase.setState(LifecycleBase.java:336)
		at org.apache.catalina.core.ContainerBase.startInternal(ContainerBase.java:776)
		at org.apache.catalina.core.StandardHost.startInternal(StandardHost.java:721)
		at org.apache.catalina.util.LifecycleBase.start(LifecycleBase.java:164)
		at org.apache.catalina.core.ContainerBase$StartChild.call(ContainerBase.java:1203)
		at org.apache.catalina.core.ContainerBase$StartChild.call(ContainerBase.java:1193)
		at java.base/java.util.concurrent.FutureTask.run(FutureTask.java:317)
		at org.apache.tomcat.util.threads.InlineExecutorService.execute(InlineExecutorService.java:76)
		at java.base/java.util.concurrent.AbstractExecutorService.submit(AbstractExecutorService.java:148)
		at org.apache.catalina.core.ContainerBase.startInternal(ContainerBase.java:749)
		at org.apache.catalina.core.StandardEngine.startInternal(StandardEngine.java:211)
		at org.apache.catalina.util.LifecycleBase.start(LifecycleBase.java:164)
		at org.apache.catalina.core.StandardService.startInternal(StandardService.java:412)
		at org.apache.catalina.util.LifecycleBase.start(LifecycleBase.java:164)
		at org.apache.catalina.core.StandardServer.startInternal(StandardServer.java:874)
		at org.apache.catalina.util.LifecycleBase.start(LifecycleBase.java:164)
		at org.apache.catalina.startup.Catalina.start(Catalina.java:739)
		at java.base/jdk.internal.reflect.DirectMethodHandleAccessor.invoke(DirectMethodHandleAccessor.java:103)
		at java.base/java.lang.reflect.Method.invoke(Method.java:580)
		at org.apache.catalina.startup.Bootstrap.start(Bootstrap.java:345)
		at org.apache.catalina.startup.Bootstrap.main(Bootstrap.java:476)
	Caused by: org.apache.catalina.LifecycleException: Failed to start component [org.apache.catalina.webresources.StandardRoot@19647566]
		at org.apache.catalina.util.LifecycleBase.handleSubClassException(LifecycleBase.java:406)
		at org.apache.catalina.util.LifecycleBase.start(LifecycleBase.java:179)
		at org.apache.catalina.core.StandardContext.resourcesStart(StandardContext.java:4172)
		at org.apache.catalina.core.StandardContext.startInternal(StandardContext.java:4294)
		at org.apache.catalina.util.LifecycleBase.start(LifecycleBase.java:164)
		at org.apache.catalina.core.ContainerBase.addChildInternal(ContainerBase.java:599)
		... 35 more
	Caused by: java.lang.IllegalArgumentException: The main resource set specified [/Users/ritikpareek/NetBeansProjects/Test_web/build/web] is not a directory or war file, or is not readable (it does not exist or permissions to access it are missing)
		at org.apache.catalina.webresources.StandardRoot.createMainResourceSet(StandardRoot.java:758)
		at org.apache.catalina.webresources.StandardRoot.startInternal(StandardRoot.java:715)
		at org.apache.catalina.util.LifecycleBase.start(LifecycleBase.java:164)
		... 39 more
16-Aug-2025 14:46:54.271 INFO [main] org.apache.catalina.startup.HostConfig.deployDescriptor Deployment of deployment descriptor [/Users/ritikpareek/Softwares/apache-tomcat-9.0.107 2/conf/Catalina/localhost/Test_web.xml] has finished in [32] ms
16-Aug-2025 14:46:54.271 INFO [main] org.apache.catalina.startup.HostConfig.deployDescriptor Deploying deployment descriptor [/Users/ritikpareek/Softwares/apache-tomcat-9.0.107 2/conf/Catalina/localhost/ChargeBuddy.xml]
16-Aug-2025 14:46:54.273 WARNING [main] org.apache.catalina.startup.HostConfig.deployDescriptor The path attribute with value [/ChargeBuddy] in deployment descriptor [/Users/ritikpareek/Softwares/apache-tomcat-9.0.107 2/conf/Catalina/localhost/ChargeBuddy.xml] has been ignored
16-Aug-2025 14:46:54.914 INFO [main] org.apache.jasper.servlet.TldScanner.scanJars At least one JAR was scanned for TLDs yet contained no TLDs. Enable debug logging for this logger for a complete list of JARs that were scanned but no TLDs were found in them. Skipping unneeded JARs during scanning can improve startup time and JSP compilation time.
16-Aug-2025 14:46:55.001 INFO [main] com.opensymphony.xwork2.util.logging.commons.CommonsLogger.info Parsing configuration file [struts-default.xml]
16-Aug-2025 14:46:55.069 INFO [main] com.opensymphony.xwork2.util.logging.commons.CommonsLogger.info Parsing configuration file [struts-plugin.xml]
16-Aug-2025 14:46:55.081 INFO [main] com.opensymphony.xwork2.util.logging.commons.CommonsLogger.info Parsing configuration file [struts.xml]
16-Aug-2025 14:46:55.289 INFO [main] org.apache.catalina.startup.HostConfig.deployDescriptor Deployment of deployment descriptor [/Users/ritikpareek/Softwares/apache-tomcat-9.0.107 2/conf/Catalina/localhost/ChargeBuddy.xml] has finished in [1,017] ms
16-Aug-2025 14:46:55.289 INFO [main] org.apache.catalina.startup.HostConfig.deployDescriptor Deploying deployment descriptor [/Users/ritikpareek/Softwares/apache-tomcat-9.0.107 2/conf/Catalina/localhost/Fintech_Services.xml]
16-Aug-2025 14:46:55.296 WARNING [main] org.apache.catalina.startup.HostConfig.deployDescriptor The path attribute with value [/Fintech_Services] in deployment descriptor [/Users/ritikpareek/Softwares/apache-tomcat-9.0.107 2/conf/Catalina/localhost/Fintech_Services.xml] has been ignored
16-Aug-2025 14:46:55.459 INFO [main] org.apache.jasper.servlet.TldScanner.scanJars At least one JAR was scanned for TLDs yet contained no TLDs. Enable debug logging for this logger for a complete list of JARs that were scanned but no TLDs were found in them. Skipping unneeded JARs during scanning can improve startup time and JSP compilation time.
16-Aug-2025 14:46:55.463 INFO [main] org.apache.catalina.startup.HostConfig.deployDescriptor Deployment of deployment descriptor [/Users/ritikpareek/Softwares/apache-tomcat-9.0.107 2/conf/Catalina/localhost/Fintech_Services.xml] has finished in [174] ms
16-Aug-2025 14:46:55.464 INFO [main] org.apache.catalina.startup.HostConfig.deployDescriptor Deploying deployment descriptor [/Users/ritikpareek/Softwares/apache-tomcat-9.0.107 2/conf/Catalina/localhost/ROOT.xml]
16-Aug-2025 14:46:55.468 WARNING [main] org.apache.catalina.startup.HostConfig.deployDescriptor The path attribute with value [] in deployment descriptor [/Users/ritikpareek/Softwares/apache-tomcat-9.0.107 2/conf/Catalina/localhost/ROOT.xml] has been ignored
16-Aug-2025 14:46:55.476 SEVERE [main] org.apache.catalina.startup.HostConfig.deployDescriptor Error deploying deployment descriptor [/Users/ritikpareek/Softwares/apache-tomcat-9.0.107 2/conf/Catalina/localhost/ROOT.xml]
	java.lang.IllegalStateException: Error starting child
		at org.apache.catalina.core.ContainerBase.addChildInternal(ContainerBase.java:602)
		at org.apache.catalina.core.ContainerBase.addChild(ContainerBase.java:571)
		at org.apache.catalina.core.StandardHost.addChild(StandardHost.java:603)
		at org.apache.catalina.startup.HostConfig.deployDescriptor(HostConfig.java:680)
		at org.apache.catalina.startup.HostConfig$DeployDescriptor.run(HostConfig.java:1839)
		at java.base/java.util.concurrent.Executors$RunnableAdapter.call(Executors.java:572)
		at java.base/java.util.concurrent.FutureTask.run(FutureTask.java:317)
		at org.apache.tomcat.util.threads.InlineExecutorService.execute(InlineExecutorService.java:76)
		at java.base/java.util.concurrent.AbstractExecutorService.submit(AbstractExecutorService.java:124)
		at org.apache.catalina.startup.HostConfig.deployDescriptors(HostConfig.java:575)
		at org.apache.catalina.startup.HostConfig.deployApps(HostConfig.java:466)
		at org.apache.catalina.startup.HostConfig.start(HostConfig.java:1579)
		at org.apache.catalina.startup.HostConfig.lifecycleEvent(HostConfig.java:312)
		at org.apache.catalina.util.LifecycleBase.fireLifecycleEvent(LifecycleBase.java:109)
		at org.apache.catalina.util.LifecycleBase.setStateInternal(LifecycleBase.java:389)
		at org.apache.catalina.util.LifecycleBase.setState(LifecycleBase.java:336)
		at org.apache.catalina.core.ContainerBase.startInternal(ContainerBase.java:776)
		at org.apache.catalina.core.StandardHost.startInternal(StandardHost.java:721)
		at org.apache.catalina.util.LifecycleBase.start(LifecycleBase.java:164)
		at org.apache.catalina.core.ContainerBase$StartChild.call(ContainerBase.java:1203)
		at org.apache.catalina.core.ContainerBase$StartChild.call(ContainerBase.java:1193)
		at java.base/java.util.concurrent.FutureTask.run(FutureTask.java:317)
		at org.apache.tomcat.util.threads.InlineExecutorService.execute(InlineExecutorService.java:76)
		at java.base/java.util.concurrent.AbstractExecutorService.submit(AbstractExecutorService.java:148)
		at org.apache.catalina.core.ContainerBase.startInternal(ContainerBase.java:749)
		at org.apache.catalina.core.StandardEngine.startInternal(StandardEngine.java:211)
		at org.apache.catalina.util.LifecycleBase.start(LifecycleBase.java:164)
		at org.apache.catalina.core.StandardService.startInternal(StandardService.java:412)
		at org.apache.catalina.util.LifecycleBase.start(LifecycleBase.java:164)
		at org.apache.catalina.core.StandardServer.startInternal(StandardServer.java:874)
		at org.apache.catalina.util.LifecycleBase.start(LifecycleBase.java:164)
		at org.apache.catalina.startup.Catalina.start(Catalina.java:739)
		at java.base/jdk.internal.reflect.DirectMethodHandleAccessor.invoke(DirectMethodHandleAccessor.java:103)
		at java.base/java.lang.reflect.Method.invoke(Method.java:580)
		at org.apache.catalina.startup.Bootstrap.start(Bootstrap.java:345)
		at org.apache.catalina.startup.Bootstrap.main(Bootstrap.java:476)
	Caused by: org.apache.catalina.LifecycleException: Failed to start component [org.apache.catalina.webresources.StandardRoot@36b86248]
		at org.apache.catalina.util.LifecycleBase.handleSubClassException(LifecycleBase.java:406)
		at org.apache.catalina.util.LifecycleBase.start(LifecycleBase.java:179)
		at org.apache.catalina.core.StandardContext.resourcesStart(StandardContext.java:4172)
		at org.apache.catalina.core.StandardContext.startInternal(StandardContext.java:4294)
		at org.apache.catalina.util.LifecycleBase.start(LifecycleBase.java:164)
		at org.apache.catalina.core.ContainerBase.addChildInternal(ContainerBase.java:599)
		... 35 more
	Caused by: java.lang.IllegalArgumentException: The main resource set specified [/Users/ritikpareek/NetBeansProjects/ChargeBuddy/build/web] is not a directory or war file, or is not readable (it does not exist or permissions to access it are missing)
		at org.apache.catalina.webresources.StandardRoot.createMainResourceSet(StandardRoot.java:758)
		at org.apache.catalina.webresources.StandardRoot.startInternal(StandardRoot.java:715)
		at org.apache.catalina.util.LifecycleBase.start(LifecycleBase.java:164)
		... 39 more
16-Aug-2025 14:46:55.479 INFO [main] org.apache.catalina.startup.HostConfig.deployDescriptor Deployment of deployment descriptor [/Users/ritikpareek/Softwares/apache-tomcat-9.0.107 2/conf/Catalina/localhost/ROOT.xml] has finished in [14] ms
16-Aug-2025 14:46:55.483 INFO [main] org.apache.catalina.startup.HostConfig.deployDirectory Deploying web application directory [/Users/ritikpareek/Softwares/apache-tomcat-9.0.107 2/webapps/docs]
16-Aug-2025 14:46:55.548 INFO [main] org.apache.catalina.startup.HostConfig.deployDirectory Deployment of web application directory [/Users/ritikpareek/Softwares/apache-tomcat-9.0.107 2/webapps/docs] has finished in [66] ms
16-Aug-2025 14:46:55.549 INFO [main] org.apache.catalina.startup.HostConfig.deployDirectory Deploying web application directory [/Users/ritikpareek/Softwares/apache-tomcat-9.0.107 2/webapps/manager]
16-Aug-2025 14:46:55.641 INFO [main] org.apache.catalina.startup.HostConfig.deployDirectory Deployment of web application directory [/Users/ritikpareek/Softwares/apache-tomcat-9.0.107 2/webapps/manager] has finished in [92] ms
16-Aug-2025 14:46:55.642 INFO [main] org.apache.catalina.startup.HostConfig.deployDirectory Deploying web application directory [/Users/ritikpareek/Softwares/apache-tomcat-9.0.107 2/webapps/examples]
16-Aug-2025 14:46:55.957 INFO [main] org.apache.catalina.startup.HostConfig.deployDirectory Deployment of web application directory [/Users/ritikpareek/Softwares/apache-tomcat-9.0.107 2/webapps/examples] has finished in [315] ms
16-Aug-2025 14:46:55.957 INFO [main] org.apache.catalina.startup.HostConfig.deployDirectory Deploying web application directory [/Users/ritikpareek/Softwares/apache-tomcat-9.0.107 2/webapps/host-manager]
16-Aug-2025 14:46:56.000 INFO [main] org.apache.catalina.startup.HostConfig.deployDirectory Deployment of web application directory [/Users/ritikpareek/Softwares/apache-tomcat-9.0.107 2/webapps/host-manager] has finished in [43] ms
16-Aug-2025 14:46:56.006 INFO [main] org.apache.coyote.AbstractProtocol.start Starting ProtocolHandler ["http-nio-8086"]
16-Aug-2025 14:46:56.016 INFO [main] org.apache.catalina.startup.Catalina.start Server startup in [4461] milliseconds
16-Aug-2025 14:47:29.534 INFO [main] org.apache.catalina.core.StandardServer.await A valid shutdown command was received via the shutdown port. Stopping the Server instance.
16-Aug-2025 14:47:29.538 INFO [main] org.apache.coyote.AbstractProtocol.pause Pausing ProtocolHandler ["http-nio-8086"]
16-Aug-2025 14:47:29.543 INFO [main] org.apache.catalina.core.StandardService.stopInternal Stopping service [Catalina]
16-Aug-2025 14:47:29.637 INFO [main] org.apache.coyote.AbstractProtocol.stop Stopping ProtocolHandler ["http-nio-8086"]
16-Aug-2025 14:47:29.644 INFO [main] org.apache.coyote.AbstractProtocol.destroy Destroying ProtocolHandler ["http-nio-8086"]
