20-Aug-2025 17:18:03.401 INFO [main] org.apache.catalina.startup.VersionLoggerListener.log Server version name:   Apache Tomcat/9.0.107
20-Aug-2025 17:18:03.411 INFO [main] org.apache.catalina.startup.VersionLoggerListener.log Server built:          Jul 2 2025 07:01:03 UTC
20-Aug-2025 17:18:03.412 INFO [main] org.apache.catalina.startup.VersionLoggerListener.log Server version number: 9.0.107.0
20-Aug-2025 17:18:03.412 INFO [main] org.apache.catalina.startup.VersionLoggerListener.log OS Name:               Mac OS X
20-Aug-2025 17:18:03.412 INFO [main] org.apache.catalina.startup.VersionLoggerListener.log OS Version:            15.5
20-Aug-2025 17:18:03.412 INFO [main] org.apache.catalina.startup.VersionLoggerListener.log Architecture:          x86_64
20-Aug-2025 17:18:03.413 INFO [main] org.apache.catalina.startup.VersionLoggerListener.log Java Home:             /Applications/Apache NetBeans.app/Contents/Home
20-Aug-2025 17:18:03.413 INFO [main] org.apache.catalina.startup.VersionLoggerListener.log JVM Version:           23.0.2+7
20-Aug-2025 17:18:03.413 INFO [main] org.apache.catalina.startup.VersionLoggerListener.log JVM Vendor:            Azul Systems, Inc.
20-Aug-2025 17:18:03.413 INFO [main] org.apache.catalina.startup.VersionLoggerListener.log CATALINA_BASE:         /Users/ritikpareek/Softwares/apache-tomcat-9.0.107 2
20-Aug-2025 17:18:03.413 INFO [main] org.apache.catalina.startup.VersionLoggerListener.log CATALINA_HOME:         /Users/ritikpareek/Softwares/apache-tomcat-9.0.107 2
20-Aug-2025 17:18:03.431 INFO [main] org.apache.catalina.startup.VersionLoggerListener.log Command line argument: --add-opens=java.base/java.lang=ALL-UNNAMED
20-Aug-2025 17:18:03.431 INFO [main] org.apache.catalina.startup.VersionLoggerListener.log Command line argument: --add-opens=java.base/java.lang.invoke=ALL-UNNAMED
20-Aug-2025 17:18:03.431 INFO [main] org.apache.catalina.startup.VersionLoggerListener.log Command line argument: --add-opens=java.base/java.lang.reflect=ALL-UNNAMED
20-Aug-2025 17:18:03.432 INFO [main] org.apache.catalina.startup.VersionLoggerListener.log Command line argument: --add-opens=java.base/java.io=ALL-UNNAMED
20-Aug-2025 17:18:03.432 INFO [main] org.apache.catalina.startup.VersionLoggerListener.log Command line argument: --add-opens=java.base/java.util=ALL-UNNAMED
20-Aug-2025 17:18:03.432 INFO [main] org.apache.catalina.startup.VersionLoggerListener.log Command line argument: --add-opens=java.base/java.util.concurrent=ALL-UNNAMED
20-Aug-2025 17:18:03.432 INFO [main] org.apache.catalina.startup.VersionLoggerListener.log Command line argument: --add-opens=java.rmi/sun.rmi.transport=ALL-UNNAMED
20-Aug-2025 17:18:03.432 INFO [main] org.apache.catalina.startup.VersionLoggerListener.log Command line argument: -Djava.util.logging.config.file=/Users/ritikpareek/Softwares/apache-tomcat-9.0.107 2/conf/logging.properties
20-Aug-2025 17:18:03.432 INFO [main] org.apache.catalina.startup.VersionLoggerListener.log Command line argument: -Djava.util.logging.manager=org.apache.juli.ClassLoaderLogManager
20-Aug-2025 17:18:03.432 INFO [main] org.apache.catalina.startup.VersionLoggerListener.log Command line argument: -Dhttp.nonProxyHosts=localhost|127.0.0.1|Ritiks-MacBook-Air.local
20-Aug-2025 17:18:03.433 INFO [main] org.apache.catalina.startup.VersionLoggerListener.log Command line argument: -Djdk.tls.ephemeralDHKeySize=2048
20-Aug-2025 17:18:03.433 INFO [main] org.apache.catalina.startup.VersionLoggerListener.log Command line argument: -Djava.protocol.handler.pkgs=org.apache.catalina.webresources
20-Aug-2025 17:18:03.433 INFO [main] org.apache.catalina.startup.VersionLoggerListener.log Command line argument: -Dsun.io.useCanonCaches=false
20-Aug-2025 17:18:03.434 INFO [main] org.apache.catalina.startup.VersionLoggerListener.log Command line argument: -Dorg.apache.catalina.security.SecurityListener.UMASK=0027
20-Aug-2025 17:18:03.435 INFO [main] org.apache.catalina.startup.VersionLoggerListener.log Command line argument: -Dignore.endorsed.dirs=
20-Aug-2025 17:18:03.435 INFO [main] org.apache.catalina.startup.VersionLoggerListener.log Command line argument: -Dcatalina.base=/Users/ritikpareek/Softwares/apache-tomcat-9.0.107 2
20-Aug-2025 17:18:03.435 INFO [main] org.apache.catalina.startup.VersionLoggerListener.log Command line argument: -Dcatalina.home=/Users/ritikpareek/Softwares/apache-tomcat-9.0.107 2
20-Aug-2025 17:18:03.436 INFO [main] org.apache.catalina.startup.VersionLoggerListener.log Command line argument: -Djava.io.tmpdir=/Users/ritikpareek/Softwares/apache-tomcat-9.0.107 2/temp
20-Aug-2025 17:18:03.445 INFO [main] org.apache.catalina.core.AprLifecycleListener.lifecycleEvent The Apache Tomcat Native library which allows using OpenSSL was not found on the java.library.path: [/Users/ritikpareek/Library/Java/Extensions:/Library/Java/Extensions:/Network/Library/Java/Extensions:/System/Library/Java/Extensions:/usr/lib/java:.]
20-Aug-2025 17:18:04.184 INFO [main] org.apache.coyote.AbstractProtocol.init Initializing ProtocolHandler ["http-nio-8086"]
20-Aug-2025 17:18:04.249 INFO [main] org.apache.catalina.startup.Catalina.load Server initialization in [1156] milliseconds
20-Aug-2025 17:18:04.355 INFO [main] org.apache.catalina.core.StandardService.startInternal Starting service [Catalina]
20-Aug-2025 17:18:04.356 INFO [main] org.apache.catalina.core.StandardEngine.startInternal Starting Servlet engine: [Apache Tomcat/9.0.107]
20-Aug-2025 17:18:04.364 INFO [main] org.apache.catalina.startup.HostConfig.deployDescriptor Deploying deployment descriptor [/Users/ritikpareek/Softwares/apache-tomcat-9.0.107 2/conf/Catalina/localhost/Bank-Ease.xml]
20-Aug-2025 17:18:04.382 WARNING [main] org.apache.catalina.startup.HostConfig.deployDescriptor The path attribute with value [/Bank-Ease] in deployment descriptor [/Users/ritikpareek/Softwares/apache-tomcat-9.0.107 2/conf/Catalina/localhost/Bank-Ease.xml] has been ignored
20-Aug-2025 17:18:04.630 WARNING [main] org.apache.tomcat.util.descriptor.web.WebXml.setVersion Unknown version string [6.1]. Default version will be used.
20-Aug-2025 17:18:05.149 INFO [main] org.apache.jasper.servlet.TldScanner.scanJars At least one JAR was scanned for TLDs yet contained no TLDs. Enable debug logging for this logger for a complete list of JARs that were scanned but no TLDs were found in them. Skipping unneeded JARs during scanning can improve startup time and JSP compilation time.
20-Aug-2025 17:18:05.245 INFO [main] org.apache.catalina.startup.HostConfig.deployDescriptor Deployment of deployment descriptor [/Users/ritikpareek/Softwares/apache-tomcat-9.0.107 2/conf/Catalina/localhost/Bank-Ease.xml] has finished in [880] ms
20-Aug-2025 17:18:05.246 INFO [main] org.apache.catalina.startup.HostConfig.deployDescriptor Deploying deployment descriptor [/Users/ritikpareek/Softwares/apache-tomcat-9.0.107 2/conf/Catalina/localhost/TestWeb.xml]
20-Aug-2025 17:18:05.249 WARNING [main] org.apache.catalina.startup.HostConfig.deployDescriptor The path attribute with value [/TestWeb] in deployment descriptor [/Users/ritikpareek/Softwares/apache-tomcat-9.0.107 2/conf/Catalina/localhost/TestWeb.xml] has been ignored
20-Aug-2025 17:18:06.062 INFO [main] org.apache.jasper.servlet.TldScanner.scanJars At least one JAR was scanned for TLDs yet contained no TLDs. Enable debug logging for this logger for a complete list of JARs that were scanned but no TLDs were found in them. Skipping unneeded JARs during scanning can improve startup time and JSP compilation time.
20-Aug-2025 17:18:06.237 INFO [main] com.opensymphony.xwork2.util.logging.commons.CommonsLogger.info Parsing configuration file [struts-default.xml]
20-Aug-2025 17:18:06.322 INFO [main] com.opensymphony.xwork2.util.logging.commons.CommonsLogger.info Parsing configuration file [struts-plugin.xml]
20-Aug-2025 17:18:06.334 INFO [main] com.opensymphony.xwork2.util.logging.commons.CommonsLogger.info Parsing configuration file [struts.xml]
20-Aug-2025 17:18:06.653 INFO [main] org.apache.catalina.startup.HostConfig.deployDescriptor Deployment of deployment descriptor [/Users/ritikpareek/Softwares/apache-tomcat-9.0.107 2/conf/Catalina/localhost/TestWeb.xml] has finished in [1,407] ms
20-Aug-2025 17:18:06.653 INFO [main] org.apache.catalina.startup.HostConfig.deployDescriptor Deploying deployment descriptor [/Users/ritikpareek/Softwares/apache-tomcat-9.0.107 2/conf/Catalina/localhost/SpringMVCWebApp.xml]
20-Aug-2025 17:18:06.662 WARNING [main] org.apache.catalina.startup.HostConfig.deployDescriptor The path attribute with value [/SpringMVCWebApp] in deployment descriptor [/Users/ritikpareek/Softwares/apache-tomcat-9.0.107 2/conf/Catalina/localhost/SpringMVCWebApp.xml] has been ignored
20-Aug-2025 17:18:06.712 INFO [main] org.apache.catalina.startup.HostConfig.deployDescriptor Deployment of deployment descriptor [/Users/ritikpareek/Softwares/apache-tomcat-9.0.107 2/conf/Catalina/localhost/SpringMVCWebApp.xml] has finished in [59] ms
20-Aug-2025 17:18:06.713 INFO [main] org.apache.catalina.startup.HostConfig.deployDescriptor Deploying deployment descriptor [/Users/ritikpareek/Softwares/apache-tomcat-9.0.107 2/conf/Catalina/localhost/Test_web.xml]
20-Aug-2025 17:18:06.714 WARNING [main] org.apache.catalina.startup.HostConfig.deployDescriptor The path attribute with value [/Test_web] in deployment descriptor [/Users/ritikpareek/Softwares/apache-tomcat-9.0.107 2/conf/Catalina/localhost/Test_web.xml] has been ignored
20-Aug-2025 17:18:06.721 SEVERE [main] org.apache.catalina.startup.HostConfig.deployDescriptor Error deploying deployment descriptor [/Users/ritikpareek/Softwares/apache-tomcat-9.0.107 2/conf/Catalina/localhost/Test_web.xml]
	java.lang.IllegalStateException: Error starting child
		at org.apache.catalina.core.ContainerBase.addChildInternal(ContainerBase.java:602)
		at org.apache.catalina.core.ContainerBase.addChild(ContainerBase.java:571)
		at org.apache.catalina.core.StandardHost.addChild(StandardHost.java:603)
		at org.apache.catalina.startup.HostConfig.deployDescriptor(HostConfig.java:680)
		at org.apache.catalina.startup.HostConfig$DeployDescriptor.run(HostConfig.java:1839)
		at java.base/java.util.concurrent.Executors$RunnableAdapter.call(Executors.java:572)
		at java.base/java.util.concurrent.FutureTask.run(FutureTask.java:317)
		at org.apache.tomcat.util.threads.InlineExecutorService.execute(InlineExecutorService.java:76)
		at java.base/java.util.concurrent.AbstractExecutorService.submit(AbstractExecutorService.java:124)
		at org.apache.catalina.startup.HostConfig.deployDescriptors(HostConfig.java:575)
		at org.apache.catalina.startup.HostConfig.deployApps(HostConfig.java:466)
		at org.apache.catalina.startup.HostConfig.start(HostConfig.java:1579)
		at org.apache.catalina.startup.HostConfig.lifecycleEvent(HostConfig.java:312)
		at org.apache.catalina.util.LifecycleBase.fireLifecycleEvent(LifecycleBase.java:109)
		at org.apache.catalina.util.LifecycleBase.setStateInternal(LifecycleBase.java:389)
		at org.apache.catalina.util.LifecycleBase.setState(LifecycleBase.java:336)
		at org.apache.catalina.core.ContainerBase.startInternal(ContainerBase.java:776)
		at org.apache.catalina.core.StandardHost.startInternal(StandardHost.java:721)
		at org.apache.catalina.util.LifecycleBase.start(LifecycleBase.java:164)
		at org.apache.catalina.core.ContainerBase$StartChild.call(ContainerBase.java:1203)
		at org.apache.catalina.core.ContainerBase$StartChild.call(ContainerBase.java:1193)
		at java.base/java.util.concurrent.FutureTask.run(FutureTask.java:317)
		at org.apache.tomcat.util.threads.InlineExecutorService.execute(InlineExecutorService.java:76)
		at java.base/java.util.concurrent.AbstractExecutorService.submit(AbstractExecutorService.java:148)
		at org.apache.catalina.core.ContainerBase.startInternal(ContainerBase.java:749)
		at org.apache.catalina.core.StandardEngine.startInternal(StandardEngine.java:211)
		at org.apache.catalina.util.LifecycleBase.start(LifecycleBase.java:164)
		at org.apache.catalina.core.StandardService.startInternal(StandardService.java:412)
		at org.apache.catalina.util.LifecycleBase.start(LifecycleBase.java:164)
		at org.apache.catalina.core.StandardServer.startInternal(StandardServer.java:874)
		at org.apache.catalina.util.LifecycleBase.start(LifecycleBase.java:164)
		at org.apache.catalina.startup.Catalina.start(Catalina.java:739)
		at java.base/jdk.internal.reflect.DirectMethodHandleAccessor.invoke(DirectMethodHandleAccessor.java:103)
		at java.base/java.lang.reflect.Method.invoke(Method.java:580)
		at org.apache.catalina.startup.Bootstrap.start(Bootstrap.java:345)
		at org.apache.catalina.startup.Bootstrap.main(Bootstrap.java:476)
	Caused by: org.apache.catalina.LifecycleException: Failed to start component [org.apache.catalina.webresources.StandardRoot@225e09f0]
		at org.apache.catalina.util.LifecycleBase.handleSubClassException(LifecycleBase.java:406)
		at org.apache.catalina.util.LifecycleBase.start(LifecycleBase.java:179)
		at org.apache.catalina.core.StandardContext.resourcesStart(StandardContext.java:4172)
		at org.apache.catalina.core.StandardContext.startInternal(StandardContext.java:4294)
		at org.apache.catalina.util.LifecycleBase.start(LifecycleBase.java:164)
		at org.apache.catalina.core.ContainerBase.addChildInternal(ContainerBase.java:599)
		... 35 more
	Caused by: java.lang.IllegalArgumentException: The main resource set specified [/Users/ritikpareek/NetBeansProjects/Test_web/build/web] is not a directory or war file, or is not readable (it does not exist or permissions to access it are missing)
		at org.apache.catalina.webresources.StandardRoot.createMainResourceSet(StandardRoot.java:758)
		at org.apache.catalina.webresources.StandardRoot.startInternal(StandardRoot.java:715)
		at org.apache.catalina.util.LifecycleBase.start(LifecycleBase.java:164)
		... 39 more
20-Aug-2025 17:18:06.725 INFO [main] org.apache.catalina.startup.HostConfig.deployDescriptor Deployment of deployment descriptor [/Users/ritikpareek/Softwares/apache-tomcat-9.0.107 2/conf/Catalina/localhost/Test_web.xml] has finished in [12] ms
20-Aug-2025 17:18:06.726 INFO [main] org.apache.catalina.startup.HostConfig.deployDescriptor Deploying deployment descriptor [/Users/ritikpareek/Softwares/apache-tomcat-9.0.107 2/conf/Catalina/localhost/ChargeBuddy.xml]
20-Aug-2025 17:18:06.727 WARNING [main] org.apache.catalina.startup.HostConfig.deployDescriptor The path attribute with value [/ChargeBuddy] in deployment descriptor [/Users/ritikpareek/Softwares/apache-tomcat-9.0.107 2/conf/Catalina/localhost/ChargeBuddy.xml] has been ignored
20-Aug-2025 17:18:07.345 INFO [main] org.apache.jasper.servlet.TldScanner.scanJars At least one JAR was scanned for TLDs yet contained no TLDs. Enable debug logging for this logger for a complete list of JARs that were scanned but no TLDs were found in them. Skipping unneeded JARs during scanning can improve startup time and JSP compilation time.
20-Aug-2025 17:18:07.435 INFO [main] com.opensymphony.xwork2.util.logging.commons.CommonsLogger.info Parsing configuration file [struts-default.xml]
20-Aug-2025 17:18:07.501 INFO [main] com.opensymphony.xwork2.util.logging.commons.CommonsLogger.info Parsing configuration file [struts-plugin.xml]
20-Aug-2025 17:18:07.512 INFO [main] com.opensymphony.xwork2.util.logging.commons.CommonsLogger.info Parsing configuration file [struts.xml]
20-Aug-2025 17:18:07.678 INFO [main] org.apache.catalina.startup.HostConfig.deployDescriptor Deployment of deployment descriptor [/Users/ritikpareek/Softwares/apache-tomcat-9.0.107 2/conf/Catalina/localhost/ChargeBuddy.xml] has finished in [951] ms
20-Aug-2025 17:18:07.678 INFO [main] org.apache.catalina.startup.HostConfig.deployDescriptor Deploying deployment descriptor [/Users/ritikpareek/Softwares/apache-tomcat-9.0.107 2/conf/Catalina/localhost/Fintech_Services.xml]
20-Aug-2025 17:18:07.684 WARNING [main] org.apache.catalina.startup.HostConfig.deployDescriptor The path attribute with value [/Fintech_Services] in deployment descriptor [/Users/ritikpareek/Softwares/apache-tomcat-9.0.107 2/conf/Catalina/localhost/Fintech_Services.xml] has been ignored
20-Aug-2025 17:18:07.826 INFO [main] org.apache.jasper.servlet.TldScanner.scanJars At least one JAR was scanned for TLDs yet contained no TLDs. Enable debug logging for this logger for a complete list of JARs that were scanned but no TLDs were found in them. Skipping unneeded JARs during scanning can improve startup time and JSP compilation time.
20-Aug-2025 17:18:07.828 INFO [main] org.apache.catalina.startup.HostConfig.deployDescriptor Deployment of deployment descriptor [/Users/ritikpareek/Softwares/apache-tomcat-9.0.107 2/conf/Catalina/localhost/Fintech_Services.xml] has finished in [150] ms
20-Aug-2025 17:18:07.828 INFO [main] org.apache.catalina.startup.HostConfig.deployDescriptor Deploying deployment descriptor [/Users/ritikpareek/Softwares/apache-tomcat-9.0.107 2/conf/Catalina/localhost/ROOT.xml]
20-Aug-2025 17:18:07.831 WARNING [main] org.apache.catalina.startup.HostConfig.deployDescriptor The path attribute with value [] in deployment descriptor [/Users/ritikpareek/Softwares/apache-tomcat-9.0.107 2/conf/Catalina/localhost/ROOT.xml] has been ignored
20-Aug-2025 17:18:07.838 SEVERE [main] org.apache.catalina.startup.HostConfig.deployDescriptor Error deploying deployment descriptor [/Users/ritikpareek/Softwares/apache-tomcat-9.0.107 2/conf/Catalina/localhost/ROOT.xml]
	java.lang.IllegalStateException: Error starting child
		at org.apache.catalina.core.ContainerBase.addChildInternal(ContainerBase.java:602)
		at org.apache.catalina.core.ContainerBase.addChild(ContainerBase.java:571)
		at org.apache.catalina.core.StandardHost.addChild(StandardHost.java:603)
		at org.apache.catalina.startup.HostConfig.deployDescriptor(HostConfig.java:680)
		at org.apache.catalina.startup.HostConfig$DeployDescriptor.run(HostConfig.java:1839)
		at java.base/java.util.concurrent.Executors$RunnableAdapter.call(Executors.java:572)
		at java.base/java.util.concurrent.FutureTask.run(FutureTask.java:317)
		at org.apache.tomcat.util.threads.InlineExecutorService.execute(InlineExecutorService.java:76)
		at java.base/java.util.concurrent.AbstractExecutorService.submit(AbstractExecutorService.java:124)
		at org.apache.catalina.startup.HostConfig.deployDescriptors(HostConfig.java:575)
		at org.apache.catalina.startup.HostConfig.deployApps(HostConfig.java:466)
		at org.apache.catalina.startup.HostConfig.start(HostConfig.java:1579)
		at org.apache.catalina.startup.HostConfig.lifecycleEvent(HostConfig.java:312)
		at org.apache.catalina.util.LifecycleBase.fireLifecycleEvent(LifecycleBase.java:109)
		at org.apache.catalina.util.LifecycleBase.setStateInternal(LifecycleBase.java:389)
		at org.apache.catalina.util.LifecycleBase.setState(LifecycleBase.java:336)
		at org.apache.catalina.core.ContainerBase.startInternal(ContainerBase.java:776)
		at org.apache.catalina.core.StandardHost.startInternal(StandardHost.java:721)
		at org.apache.catalina.util.LifecycleBase.start(LifecycleBase.java:164)
		at org.apache.catalina.core.ContainerBase$StartChild.call(ContainerBase.java:1203)
		at org.apache.catalina.core.ContainerBase$StartChild.call(ContainerBase.java:1193)
		at java.base/java.util.concurrent.FutureTask.run(FutureTask.java:317)
		at org.apache.tomcat.util.threads.InlineExecutorService.execute(InlineExecutorService.java:76)
		at java.base/java.util.concurrent.AbstractExecutorService.submit(AbstractExecutorService.java:148)
		at org.apache.catalina.core.ContainerBase.startInternal(ContainerBase.java:749)
		at org.apache.catalina.core.StandardEngine.startInternal(StandardEngine.java:211)
		at org.apache.catalina.util.LifecycleBase.start(LifecycleBase.java:164)
		at org.apache.catalina.core.StandardService.startInternal(StandardService.java:412)
		at org.apache.catalina.util.LifecycleBase.start(LifecycleBase.java:164)
		at org.apache.catalina.core.StandardServer.startInternal(StandardServer.java:874)
		at org.apache.catalina.util.LifecycleBase.start(LifecycleBase.java:164)
		at org.apache.catalina.startup.Catalina.start(Catalina.java:739)
		at java.base/jdk.internal.reflect.DirectMethodHandleAccessor.invoke(DirectMethodHandleAccessor.java:103)
		at java.base/java.lang.reflect.Method.invoke(Method.java:580)
		at org.apache.catalina.startup.Bootstrap.start(Bootstrap.java:345)
		at org.apache.catalina.startup.Bootstrap.main(Bootstrap.java:476)
	Caused by: org.apache.catalina.LifecycleException: Failed to start component [org.apache.catalina.webresources.StandardRoot@3a4d0ca2]
		at org.apache.catalina.util.LifecycleBase.handleSubClassException(LifecycleBase.java:406)
		at org.apache.catalina.util.LifecycleBase.start(LifecycleBase.java:179)
		at org.apache.catalina.core.StandardContext.resourcesStart(StandardContext.java:4172)
		at org.apache.catalina.core.StandardContext.startInternal(StandardContext.java:4294)
		at org.apache.catalina.util.LifecycleBase.start(LifecycleBase.java:164)
		at org.apache.catalina.core.ContainerBase.addChildInternal(ContainerBase.java:599)
		... 35 more
	Caused by: java.lang.IllegalArgumentException: The main resource set specified [/Users/ritikpareek/NetBeansProjects/ChargeBuddy/build/web] is not a directory or war file, or is not readable (it does not exist or permissions to access it are missing)
		at org.apache.catalina.webresources.StandardRoot.createMainResourceSet(StandardRoot.java:758)
		at org.apache.catalina.webresources.StandardRoot.startInternal(StandardRoot.java:715)
		at org.apache.catalina.util.LifecycleBase.start(LifecycleBase.java:164)
		... 39 more
20-Aug-2025 17:18:07.839 INFO [main] org.apache.catalina.startup.HostConfig.deployDescriptor Deployment of deployment descriptor [/Users/ritikpareek/Softwares/apache-tomcat-9.0.107 2/conf/Catalina/localhost/ROOT.xml] has finished in [11] ms
20-Aug-2025 17:18:07.842 INFO [main] org.apache.catalina.startup.HostConfig.deployDirectory Deploying web application directory [/Users/ritikpareek/Softwares/apache-tomcat-9.0.107 2/webapps/docs]
20-Aug-2025 17:18:07.892 INFO [main] org.apache.catalina.startup.HostConfig.deployDirectory Deployment of web application directory [/Users/ritikpareek/Softwares/apache-tomcat-9.0.107 2/webapps/docs] has finished in [51] ms
20-Aug-2025 17:18:07.892 INFO [main] org.apache.catalina.startup.HostConfig.deployDirectory Deploying web application directory [/Users/ritikpareek/Softwares/apache-tomcat-9.0.107 2/webapps/manager]
20-Aug-2025 17:18:07.947 INFO [main] org.apache.catalina.startup.HostConfig.deployDirectory Deployment of web application directory [/Users/ritikpareek/Softwares/apache-tomcat-9.0.107 2/webapps/manager] has finished in [54] ms
20-Aug-2025 17:18:07.947 INFO [main] org.apache.catalina.startup.HostConfig.deployDirectory Deploying web application directory [/Users/ritikpareek/Softwares/apache-tomcat-9.0.107 2/webapps/examples]
20-Aug-2025 17:18:08.241 INFO [main] org.apache.catalina.startup.HostConfig.deployDirectory Deployment of web application directory [/Users/ritikpareek/Softwares/apache-tomcat-9.0.107 2/webapps/examples] has finished in [293] ms
20-Aug-2025 17:18:08.242 INFO [main] org.apache.catalina.startup.HostConfig.deployDirectory Deploying web application directory [/Users/ritikpareek/Softwares/apache-tomcat-9.0.107 2/webapps/host-manager]
20-Aug-2025 17:18:08.278 INFO [main] org.apache.catalina.startup.HostConfig.deployDirectory Deployment of web application directory [/Users/ritikpareek/Softwares/apache-tomcat-9.0.107 2/webapps/host-manager] has finished in [36] ms
20-Aug-2025 17:18:08.283 INFO [main] org.apache.coyote.AbstractProtocol.start Starting ProtocolHandler ["http-nio-8086"]
20-Aug-2025 17:18:08.294 INFO [main] org.apache.catalina.startup.Catalina.start Server startup in [4042] milliseconds
