17-Jul-2025 00:44:31.223 INFO [http-nio-8086-exec-151] org.apache.catalina.core.ApplicationContext.log Manager: list: Listing contexts for virtual host 'localhost'
17-Jul-2025 00:44:31.233 INFO [http-nio-8086-exec-152] org.apache.catalina.core.ApplicationContext.log Manager: list: Listing contexts for virtual host 'localhost'
17-Jul-2025 00:44:31.256 INFO [http-nio-8086-exec-153] org.apache.catalina.core.ApplicationContext.log Manager: undeploy: Undeploying web application at '/TestWeb'
17-Jul-2025 00:44:31.820 INFO [http-nio-8086-exec-154] org.apache.catalina.core.ApplicationContext.log Manager: install: Installing context configuration at 'file:/var/folders/81/74rdf9nj47d3x623bsly7v340000gn/T/context9280447609131053058.xml'
17-Jul-2025 00:46:14.883 INFO [http-nio-8086-exec-147] org.apache.catalina.core.ApplicationContext.log Manager: list: Listing contexts for virtual host 'localhost'
17-Jul-2025 00:46:48.560 INFO [http-nio-8086-exec-152] org.apache.catalina.core.ApplicationContext.log Manager: list: Listing contexts for virtual host 'localhost'
17-Jul-2025 00:47:04.758 INFO [http-nio-8086-exec-150] org.apache.catalina.core.ApplicationContext.log Manager: list: Listing contexts for virtual host 'localhost'
17-Jul-2025 00:47:24.706 INFO [http-nio-8086-exec-161] org.apache.catalina.core.ApplicationContext.log Manager: list: Listing contexts for virtual host 'localhost'
17-Jul-2025 00:47:28.959 INFO [http-nio-8086-exec-157] org.apache.catalina.core.ApplicationContext.log Manager: list: Listing contexts for virtual host 'localhost'
17-Jul-2025 00:47:28.964 INFO [http-nio-8086-exec-162] org.apache.catalina.core.ApplicationContext.log Manager: list: Listing contexts for virtual host 'localhost'
17-Jul-2025 00:47:28.975 INFO [http-nio-8086-exec-159] org.apache.catalina.core.ApplicationContext.log Manager: undeploy: Undeploying web application at '/TestWeb'
17-Jul-2025 00:47:29.513 INFO [http-nio-8086-exec-160] org.apache.catalina.core.ApplicationContext.log Manager: install: Installing context configuration at 'file:/var/folders/81/74rdf9nj47d3x623bsly7v340000gn/T/context15502651735142719378.xml'
17-Jul-2025 00:52:09.103 INFO [http-nio-8086-exec-3] org.apache.catalina.core.ApplicationContext.log Manager: init: Associated with Deployer 'Catalina:type=Deployer,host=localhost'
17-Jul-2025 00:52:09.103 INFO [http-nio-8086-exec-3] org.apache.catalina.core.ApplicationContext.log Manager: init: Global resources are available
17-Jul-2025 00:53:19.715 INFO [http-nio-8086-exec-1] org.apache.catalina.core.ApplicationContext.log Manager: list: Listing contexts for virtual host 'localhost'
17-Jul-2025 00:53:38.004 INFO [http-nio-8086-exec-3] org.apache.catalina.core.ApplicationContext.log Manager: init: Associated with Deployer 'Catalina:type=Deployer,host=localhost'
17-Jul-2025 00:53:38.004 INFO [http-nio-8086-exec-3] org.apache.catalina.core.ApplicationContext.log Manager: init: Global resources are available
17-Jul-2025 00:53:56.583 INFO [http-nio-8086-exec-9] org.apache.catalina.core.ApplicationContext.log Manager: list: Listing contexts for virtual host 'localhost'
17-Jul-2025 00:53:56.589 INFO [http-nio-8086-exec-10] org.apache.catalina.core.ApplicationContext.log Manager: list: Listing contexts for virtual host 'localhost'
17-Jul-2025 00:53:56.608 INFO [http-nio-8086-exec-1] org.apache.catalina.core.ApplicationContext.log Manager: undeploy: Undeploying web application at '/TestWeb'
17-Jul-2025 00:53:57.159 INFO [http-nio-8086-exec-2] org.apache.catalina.core.ApplicationContext.log Manager: install: Installing context configuration at 'file:/var/folders/81/74rdf9nj47d3x623bsly7v340000gn/T/context1029514040076069163.xml'
17-Jul-2025 00:58:17.751 INFO [http-nio-8086-exec-10] org.apache.catalina.core.ApplicationContext.log Manager: list: Listing contexts for virtual host 'localhost'
17-Jul-2025 00:58:27.193 INFO [http-nio-8086-exec-14] org.apache.catalina.core.ApplicationContext.log Manager: list: Listing contexts for virtual host 'localhost'
17-Jul-2025 00:58:27.200 INFO [http-nio-8086-exec-15] org.apache.catalina.core.ApplicationContext.log Manager: list: Listing contexts for virtual host 'localhost'
17-Jul-2025 00:58:27.214 INFO [http-nio-8086-exec-16] org.apache.catalina.core.ApplicationContext.log Manager: undeploy: Undeploying web application at '/TestWeb'
17-Jul-2025 00:58:27.754 INFO [http-nio-8086-exec-3] org.apache.catalina.core.ApplicationContext.log Manager: install: Installing context configuration at 'file:/var/folders/81/74rdf9nj47d3x623bsly7v340000gn/T/context10600788969125756518.xml'
17-Jul-2025 00:59:21.269 INFO [http-nio-8086-exec-17] org.apache.catalina.core.ApplicationContext.log Manager: list: Listing contexts for virtual host 'localhost'
17-Jul-2025 00:59:37.629 INFO [http-nio-8086-exec-21] org.apache.catalina.core.ApplicationContext.log Manager: list: Listing contexts for virtual host 'localhost'
17-Jul-2025 00:59:46.235 INFO [http-nio-8086-exec-14] org.apache.catalina.core.ApplicationContext.log Manager: list: Listing contexts for virtual host 'localhost'
17-Jul-2025 00:59:46.243 INFO [http-nio-8086-exec-19] org.apache.catalina.core.ApplicationContext.log Manager: list: Listing contexts for virtual host 'localhost'
17-Jul-2025 00:59:46.271 INFO [http-nio-8086-exec-20] org.apache.catalina.core.ApplicationContext.log Manager: undeploy: Undeploying web application at '/TestWeb'
17-Jul-2025 00:59:46.835 INFO [http-nio-8086-exec-19] org.apache.catalina.core.ApplicationContext.log Manager: install: Installing context configuration at 'file:/var/folders/81/74rdf9nj47d3x623bsly7v340000gn/T/context6340871724712892556.xml'
17-Jul-2025 00:59:47.581 INFO [http-nio-8086-exec-21] org.apache.catalina.core.ApplicationContext.log Manager: start: Starting web application '/TestWeb'
17-Jul-2025 01:11:56.204 INFO [http-nio-8086-exec-24] org.apache.catalina.core.ApplicationContext.log Manager: list: Listing contexts for virtual host 'localhost'
17-Jul-2025 01:11:56.227 INFO [http-nio-8086-exec-28] org.apache.catalina.core.ApplicationContext.log Manager: undeploy: Undeploying web application at '/TestWeb'
17-Jul-2025 01:12:03.446 INFO [http-nio-8086-exec-31] org.apache.catalina.core.ApplicationContext.log Manager: list: Listing contexts for virtual host 'localhost'
17-Jul-2025 01:12:03.450 INFO [http-nio-8086-exec-27] org.apache.catalina.core.ApplicationContext.log Manager: list: Listing contexts for virtual host 'localhost'
17-Jul-2025 01:12:03.463 INFO [http-nio-8086-exec-33] org.apache.catalina.core.ApplicationContext.log Manager: install: Installing context configuration at 'file:/var/folders/81/74rdf9nj47d3x623bsly7v340000gn/T/context10912297065562570266.xml'
17-Jul-2025 01:12:04.147 INFO [http-nio-8086-exec-32] org.apache.catalina.core.ApplicationContext.log Manager: start: Starting web application '/TestWeb'
