24-Jul-2025 11:20:53.803 INFO [http-nio-8086-exec-4] org.apache.catalina.core.ApplicationContext.log Manager: init: Associated with Deployer 'Catalina:type=Deployer,host=localhost'
24-Jul-2025 11:20:53.805 INFO [http-nio-8086-exec-4] org.apache.catalina.core.ApplicationContext.log Manager: init: Global resources are available
24-Jul-2025 11:20:53.872 INFO [http-nio-8086-exec-10] org.apache.catalina.core.ApplicationContext.log Manager: list: Listing contexts for virtual host 'localhost'
24-Jul-2025 11:20:53.903 INFO [http-nio-8086-exec-9] org.apache.catalina.core.ApplicationContext.log Manager: list: Listing contexts for virtual host 'localhost'
24-Jul-2025 11:25:26.179 INFO [http-nio-8086-exec-9] org.apache.catalina.core.ApplicationContext.log Manager: list: Listing contexts for virtual host 'localhost'
24-Jul-2025 11:25:30.711 INFO [http-nio-8086-exec-1] org.apache.catalina.core.ApplicationContext.log Manager: list: Listing contexts for virtual host 'localhost'
24-Jul-2025 11:25:30.718 INFO [http-nio-8086-exec-5] org.apache.catalina.core.ApplicationContext.log Manager: list: Listing contexts for virtual host 'localhost'
24-Jul-2025 11:27:25.043 INFO [http-nio-8086-exec-1] org.apache.catalina.core.ApplicationContext.log Manager: list: Listing contexts for virtual host 'localhost'
24-Jul-2025 11:27:27.342 INFO [http-nio-8086-exec-1] org.apache.catalina.core.ApplicationContext.log Manager: list: Listing contexts for virtual host 'localhost'
24-Jul-2025 11:27:27.347 INFO [http-nio-8086-exec-7] org.apache.catalina.core.ApplicationContext.log Manager: list: Listing contexts for virtual host 'localhost'
24-Jul-2025 11:29:15.088 INFO [http-nio-8086-exec-1] org.apache.catalina.core.ApplicationContext.log Manager: list: Listing contexts for virtual host 'localhost'
24-Jul-2025 11:29:16.614 INFO [http-nio-8086-exec-5] org.apache.catalina.core.ApplicationContext.log Manager: list: Listing contexts for virtual host 'localhost'
24-Jul-2025 11:29:16.621 INFO [http-nio-8086-exec-7] org.apache.catalina.core.ApplicationContext.log Manager: list: Listing contexts for virtual host 'localhost'
24-Jul-2025 11:32:54.203 INFO [http-nio-8086-exec-1] org.apache.catalina.core.ApplicationContext.log Manager: list: Listing contexts for virtual host 'localhost'
24-Jul-2025 11:32:58.260 INFO [http-nio-8086-exec-1] org.apache.catalina.core.ApplicationContext.log Manager: list: Listing contexts for virtual host 'localhost'
24-Jul-2025 11:32:58.267 INFO [http-nio-8086-exec-7] org.apache.catalina.core.ApplicationContext.log Manager: list: Listing contexts for virtual host 'localhost'
24-Jul-2025 11:33:18.809 INFO [http-nio-8086-exec-3] org.apache.catalina.core.ApplicationContext.log Manager: list: Listing contexts for virtual host 'localhost'
24-Jul-2025 11:33:21.572 INFO [http-nio-8086-exec-8] org.apache.catalina.core.ApplicationContext.log Manager: list: Listing contexts for virtual host 'localhost'
24-Jul-2025 11:33:21.578 INFO [http-nio-8086-exec-10] org.apache.catalina.core.ApplicationContext.log Manager: list: Listing contexts for virtual host 'localhost'
24-Jul-2025 11:34:37.773 INFO [http-nio-8086-exec-3] org.apache.catalina.core.ApplicationContext.log Manager: list: Listing contexts for virtual host 'localhost'
24-Jul-2025 11:34:37.778 INFO [http-nio-8086-exec-9] org.apache.catalina.core.ApplicationContext.log Manager: list: Listing contexts for virtual host 'localhost'
24-Jul-2025 11:34:57.091 INFO [http-nio-8086-exec-9] org.apache.catalina.core.ApplicationContext.log Manager: list: Listing contexts for virtual host 'localhost'
24-Jul-2025 11:34:59.633 INFO [http-nio-8086-exec-4] org.apache.catalina.core.ApplicationContext.log Manager: list: Listing contexts for virtual host 'localhost'
24-Jul-2025 11:34:59.639 INFO [http-nio-8086-exec-10] org.apache.catalina.core.ApplicationContext.log Manager: list: Listing contexts for virtual host 'localhost'
24-Jul-2025 11:38:53.496 INFO [http-nio-8086-exec-1] org.apache.catalina.core.ApplicationContext.log Manager: list: Listing contexts for virtual host 'localhost'
24-Jul-2025 11:38:53.902 INFO [http-nio-8086-exec-6] org.apache.catalina.core.ApplicationContext.log Manager: list: Listing contexts for virtual host 'localhost'
24-Jul-2025 11:39:00.104 INFO [http-nio-8086-exec-4] org.apache.catalina.core.ApplicationContext.log Manager: list: Listing contexts for virtual host 'localhost'
24-Jul-2025 11:39:00.457 INFO [http-nio-8086-exec-7] org.apache.catalina.core.ApplicationContext.log Manager: list: Listing contexts for virtual host 'localhost'
24-Jul-2025 11:39:17.770 INFO [http-nio-8086-exec-4] org.apache.catalina.core.ApplicationContext.log Manager: list: Listing contexts for virtual host 'localhost'
24-Jul-2025 11:40:42.320 INFO [http-nio-8086-exec-1] org.apache.catalina.core.ApplicationContext.log Manager: list: Listing contexts for virtual host 'localhost'
24-Jul-2025 11:40:56.785 INFO [http-nio-8086-exec-1] org.apache.catalina.core.ApplicationContext.log Manager: list: Listing contexts for virtual host 'localhost'
24-Jul-2025 11:43:43.559 INFO [http-nio-8086-exec-7] org.apache.catalina.core.ApplicationContext.log Manager: list: Listing contexts for virtual host 'localhost'
24-Jul-2025 11:46:05.010 INFO [http-nio-8086-exec-5] org.apache.catalina.core.ApplicationContext.log Manager: list: Listing contexts for virtual host 'localhost'
24-Jul-2025 11:50:44.330 INFO [http-nio-8086-exec-1] org.apache.catalina.core.ApplicationContext.log Manager: list: Listing contexts for virtual host 'localhost'
24-Jul-2025 11:52:37.076 INFO [http-nio-8086-exec-10] org.apache.catalina.core.ApplicationContext.log Manager: list: Listing contexts for virtual host 'localhost'
24-Jul-2025 11:53:23.621 INFO [http-nio-8086-exec-10] org.apache.catalina.core.ApplicationContext.log Manager: list: Listing contexts for virtual host 'localhost'
24-Jul-2025 11:54:54.167 INFO [http-nio-8086-exec-1] org.apache.catalina.core.ApplicationContext.log Manager: list: Listing contexts for virtual host 'localhost'
24-Jul-2025 11:57:27.399 INFO [http-nio-8086-exec-2] org.apache.catalina.core.ApplicationContext.log Manager: list: Listing contexts for virtual host 'localhost'
24-Jul-2025 11:58:46.763 INFO [http-nio-8086-exec-1] org.apache.catalina.core.ApplicationContext.log Manager: list: Listing contexts for virtual host 'localhost'
24-Jul-2025 12:03:42.487 INFO [http-nio-8086-exec-3] org.apache.catalina.core.ApplicationContext.log Manager: list: Listing contexts for virtual host 'localhost'
24-Jul-2025 12:06:02.286 INFO [http-nio-8086-exec-10] org.apache.catalina.core.ApplicationContext.log Manager: list: Listing contexts for virtual host 'localhost'
24-Jul-2025 12:10:02.858 INFO [http-nio-8086-exec-4] org.apache.catalina.core.ApplicationContext.log Manager: list: Listing contexts for virtual host 'localhost'
24-Jul-2025 12:11:43.515 INFO [http-nio-8086-exec-4] org.apache.catalina.core.ApplicationContext.log Manager: list: Listing contexts for virtual host 'localhost'
24-Jul-2025 12:12:32.715 INFO [http-nio-8086-exec-9] org.apache.catalina.core.ApplicationContext.log Manager: list: Listing contexts for virtual host 'localhost'
24-Jul-2025 12:13:23.117 INFO [http-nio-8086-exec-7] org.apache.catalina.core.ApplicationContext.log Manager: list: Listing contexts for virtual host 'localhost'
24-Jul-2025 12:13:45.262 INFO [http-nio-8086-exec-9] org.apache.catalina.core.ApplicationContext.log Manager: list: Listing contexts for virtual host 'localhost'
24-Jul-2025 12:15:39.327 INFO [http-nio-8086-exec-6] org.apache.catalina.core.ApplicationContext.log Manager: list: Listing contexts for virtual host 'localhost'
24-Jul-2025 12:17:41.082 INFO [http-nio-8086-exec-2] org.apache.catalina.core.ApplicationContext.log Manager: list: Listing contexts for virtual host 'localhost'
24-Jul-2025 12:32:46.608 INFO [http-nio-8086-exec-1] org.apache.catalina.core.ApplicationContext.log Manager: list: Listing contexts for virtual host 'localhost'
24-Jul-2025 12:34:11.054 INFO [http-nio-8086-exec-7] org.apache.catalina.core.ApplicationContext.log Manager: list: Listing contexts for virtual host 'localhost'
24-Jul-2025 12:34:33.443 INFO [http-nio-8086-exec-7] org.apache.catalina.core.ApplicationContext.log Manager: list: Listing contexts for virtual host 'localhost'
24-Jul-2025 12:37:13.539 INFO [http-nio-8086-exec-3] org.apache.catalina.core.ApplicationContext.log Manager: list: Listing contexts for virtual host 'localhost'
24-Jul-2025 12:40:02.300 INFO [http-nio-8086-exec-4] org.apache.catalina.core.ApplicationContext.log Manager: list: Listing contexts for virtual host 'localhost'
24-Jul-2025 12:42:35.202 INFO [http-nio-8086-exec-5] org.apache.catalina.core.ApplicationContext.log Manager: list: Listing contexts for virtual host 'localhost'
24-Jul-2025 12:44:26.183 INFO [http-nio-8086-exec-6] org.apache.catalina.core.ApplicationContext.log Manager: list: Listing contexts for virtual host 'localhost'
24-Jul-2025 12:44:47.711 INFO [http-nio-8086-exec-4] org.apache.catalina.core.ApplicationContext.log Manager: list: Listing contexts for virtual host 'localhost'
24-Jul-2025 12:46:20.472 INFO [http-nio-8086-exec-3] org.apache.catalina.core.ApplicationContext.log Manager: list: Listing contexts for virtual host 'localhost'
24-Jul-2025 12:47:43.637 INFO [http-nio-8086-exec-1] org.apache.catalina.core.ApplicationContext.log Manager: list: Listing contexts for virtual host 'localhost'
24-Jul-2025 12:48:25.219 INFO [http-nio-8086-exec-4] org.apache.catalina.core.ApplicationContext.log Manager: list: Listing contexts for virtual host 'localhost'
24-Jul-2025 12:49:07.994 INFO [http-nio-8086-exec-2] org.apache.catalina.core.ApplicationContext.log Manager: list: Listing contexts for virtual host 'localhost'
24-Jul-2025 12:51:56.822 INFO [http-nio-8086-exec-7] org.apache.catalina.core.ApplicationContext.log Manager: list: Listing contexts for virtual host 'localhost'
24-Jul-2025 12:52:26.024 INFO [http-nio-8086-exec-3] org.apache.catalina.core.ApplicationContext.log Manager: list: Listing contexts for virtual host 'localhost'
24-Jul-2025 12:54:25.050 INFO [http-nio-8086-exec-8] org.apache.catalina.core.ApplicationContext.log Manager: list: Listing contexts for virtual host 'localhost'
24-Jul-2025 12:55:16.335 INFO [http-nio-8086-exec-8] org.apache.catalina.core.ApplicationContext.log Manager: list: Listing contexts for virtual host 'localhost'
24-Jul-2025 12:56:13.711 INFO [http-nio-8086-exec-2] org.apache.catalina.core.ApplicationContext.log Manager: list: Listing contexts for virtual host 'localhost'
24-Jul-2025 12:57:01.089 INFO [http-nio-8086-exec-2] org.apache.catalina.core.ApplicationContext.log Manager: list: Listing contexts for virtual host 'localhost'
24-Jul-2025 12:57:11.536 INFO [http-nio-8086-exec-1] org.apache.catalina.core.ApplicationContext.log Manager: list: Listing contexts for virtual host 'localhost'
24-Jul-2025 12:57:18.022 INFO [http-nio-8086-exec-7] org.apache.catalina.core.ApplicationContext.log Manager: list: Listing contexts for virtual host 'localhost'
24-Jul-2025 13:00:05.161 INFO [http-nio-8086-exec-5] org.apache.catalina.core.ApplicationContext.log Manager: list: Listing contexts for virtual host 'localhost'
24-Jul-2025 13:01:31.436 INFO [http-nio-8086-exec-4] org.apache.catalina.core.ApplicationContext.log Manager: list: Listing contexts for virtual host 'localhost'
24-Jul-2025 13:01:31.455 INFO [http-nio-8086-exec-7] org.apache.catalina.core.ApplicationContext.log Manager: restart: Reloading web application '/TestWeb'
24-Jul-2025 13:04:35.773 INFO [http-nio-8086-exec-11] org.apache.catalina.core.ApplicationContext.log Manager: list: Listing contexts for virtual host 'localhost'
24-Jul-2025 13:04:36.167 INFO [http-nio-8086-exec-16] org.apache.catalina.core.ApplicationContext.log Manager: list: Listing contexts for virtual host 'localhost'
24-Jul-2025 13:04:56.953 INFO [http-nio-8086-exec-11] org.apache.catalina.core.ApplicationContext.log Manager: list: Listing contexts for virtual host 'localhost'
24-Jul-2025 13:05:00.718 INFO [http-nio-8086-exec-11] org.apache.catalina.core.ApplicationContext.log Manager: list: Listing contexts for virtual host 'localhost'
24-Jul-2025 13:05:00.722 INFO [http-nio-8086-exec-14] org.apache.catalina.core.ApplicationContext.log Manager: list: Listing contexts for virtual host 'localhost'
24-Jul-2025 13:05:00.740 INFO [http-nio-8086-exec-12] org.apache.catalina.core.ApplicationContext.log Manager: restart: Reloading web application '/TestWeb'
24-Jul-2025 13:05:43.748 INFO [http-nio-8086-exec-23] org.apache.catalina.core.ApplicationContext.log Manager: list: Listing contexts for virtual host 'localhost'
24-Jul-2025 13:06:03.674 INFO [http-nio-8086-exec-11] org.apache.catalina.core.ApplicationContext.log Manager: list: Listing contexts for virtual host 'localhost'
24-Jul-2025 13:07:41.224 INFO [http-nio-8086-exec-24] org.apache.catalina.core.ApplicationContext.log Manager: list: Listing contexts for virtual host 'localhost'
24-Jul-2025 13:08:12.951 INFO [http-nio-8086-exec-25] org.apache.catalina.core.ApplicationContext.log Manager: list: Listing contexts for virtual host 'localhost'
24-Jul-2025 13:08:38.173 INFO [http-nio-8086-exec-21] org.apache.catalina.core.ApplicationContext.log Manager: list: Listing contexts for virtual host 'localhost'
24-Jul-2025 13:09:19.516 INFO [http-nio-8086-exec-24] org.apache.catalina.core.ApplicationContext.log Manager: list: Listing contexts for virtual host 'localhost'
24-Jul-2025 13:09:38.571 INFO [http-nio-8086-exec-24] org.apache.catalina.core.ApplicationContext.log Manager: list: Listing contexts for virtual host 'localhost'
24-Jul-2025 13:11:51.199 INFO [http-nio-8086-exec-30] org.apache.catalina.core.ApplicationContext.log Manager: list: Listing contexts for virtual host 'localhost'
24-Jul-2025 13:13:25.297 INFO [http-nio-8086-exec-29] org.apache.catalina.core.ApplicationContext.log Manager: list: Listing contexts for virtual host 'localhost'
24-Jul-2025 13:14:39.543 INFO [http-nio-8086-exec-29] org.apache.catalina.core.ApplicationContext.log Manager: list: Listing contexts for virtual host 'localhost'
24-Jul-2025 13:16:09.519 INFO [http-nio-8086-exec-24] org.apache.catalina.core.ApplicationContext.log Manager: list: Listing contexts for virtual host 'localhost'
24-Jul-2025 13:16:09.899 INFO [http-nio-8086-exec-26] org.apache.catalina.core.ApplicationContext.log Manager: list: Listing contexts for virtual host 'localhost'
24-Jul-2025 13:16:27.559 INFO [http-nio-8086-exec-30] org.apache.catalina.core.ApplicationContext.log Manager: list: Listing contexts for virtual host 'localhost'
24-Jul-2025 13:18:10.650 INFO [http-nio-8086-exec-27] org.apache.catalina.core.ApplicationContext.log Manager: list: Listing contexts for virtual host 'localhost'
24-Jul-2025 13:18:10.698 INFO [http-nio-8086-exec-21] org.apache.catalina.core.ApplicationContext.log Manager: restart: Reloading web application '/TestWeb'
24-Jul-2025 13:18:12.969 INFO [http-nio-8086-exec-22] org.apache.catalina.core.ApplicationContext.log Manager: list: Listing contexts for virtual host 'localhost'
24-Jul-2025 13:18:12.978 INFO [http-nio-8086-exec-24] org.apache.catalina.core.ApplicationContext.log Manager: restart: Reloading web application '/TestWeb'
24-Jul-2025 13:18:43.854 INFO [http-nio-8086-exec-26] org.apache.catalina.core.ApplicationContext.log Manager: list: Listing contexts for virtual host 'localhost'
24-Jul-2025 13:18:44.211 INFO [http-nio-8086-exec-31] org.apache.catalina.core.ApplicationContext.log Manager: list: Listing contexts for virtual host 'localhost'
24-Jul-2025 13:18:44.223 INFO [http-nio-8086-exec-23] org.apache.catalina.core.ApplicationContext.log Manager: restart: Reloading web application '/TestWeb'
24-Jul-2025 13:18:46.235 INFO [http-nio-8086-exec-30] org.apache.catalina.core.ApplicationContext.log Manager: list: Listing contexts for virtual host 'localhost'
24-Jul-2025 13:18:46.246 INFO [http-nio-8086-exec-29] org.apache.catalina.core.ApplicationContext.log Manager: restart: Reloading web application '/TestWeb'
24-Jul-2025 13:18:52.216 INFO [http-nio-8086-exec-33] org.apache.catalina.core.ApplicationContext.log Manager: list: Listing contexts for virtual host 'localhost'
24-Jul-2025 13:18:52.227 INFO [http-nio-8086-exec-31] org.apache.catalina.core.ApplicationContext.log Manager: restart: Reloading web application '/TestWeb'
24-Jul-2025 13:19:04.177 INFO [http-nio-8086-exec-25] org.apache.catalina.core.ApplicationContext.log Manager: list: Listing contexts for virtual host 'localhost'
24-Jul-2025 13:19:04.196 INFO [http-nio-8086-exec-22] org.apache.catalina.core.ApplicationContext.log Manager: restart: Reloading web application '/TestWeb'
24-Jul-2025 13:20:07.478 INFO [http-nio-8086-exec-42] org.apache.catalina.core.ApplicationContext.log Manager: list: Listing contexts for virtual host 'localhost'
24-Jul-2025 13:20:07.495 INFO [http-nio-8086-exec-25] org.apache.catalina.core.ApplicationContext.log Manager: restart: Reloading web application '/TestWeb'
24-Jul-2025 13:20:28.123 INFO [http-nio-8086-exec-33] org.apache.catalina.core.ApplicationContext.log Manager: list: Listing contexts for virtual host 'localhost'
24-Jul-2025 13:20:28.137 INFO [http-nio-8086-exec-39] org.apache.catalina.core.ApplicationContext.log Manager: restart: Reloading web application '/TestWeb'
24-Jul-2025 13:21:12.341 INFO [http-nio-8086-exec-33] org.apache.catalina.core.ApplicationContext.log Manager: list: Listing contexts for virtual host 'localhost'
24-Jul-2025 13:21:12.367 INFO [http-nio-8086-exec-35] org.apache.catalina.core.ApplicationContext.log Manager: restart: Reloading web application '/TestWeb'
24-Jul-2025 13:21:21.710 INFO [http-nio-8086-exec-48] org.apache.catalina.core.ApplicationContext.log Manager: list: Listing contexts for virtual host 'localhost'
24-Jul-2025 13:21:21.718 INFO [http-nio-8086-exec-43] org.apache.catalina.core.ApplicationContext.log Manager: restart: Reloading web application '/TestWeb'
24-Jul-2025 13:21:49.056 INFO [http-nio-8086-exec-42] org.apache.catalina.core.ApplicationContext.log Manager: list: Listing contexts for virtual host 'localhost'
24-Jul-2025 13:21:49.076 INFO [http-nio-8086-exec-44] org.apache.catalina.core.ApplicationContext.log Manager: undeploy: Undeploying web application at '/TestWeb'
24-Jul-2025 13:24:36.539 INFO [http-nio-8086-exec-37] org.apache.catalina.core.ApplicationContext.log Manager: list: Listing contexts for virtual host 'localhost'
24-Jul-2025 13:24:36.547 INFO [http-nio-8086-exec-41] org.apache.catalina.core.ApplicationContext.log Manager: list: Listing contexts for virtual host 'localhost'
24-Jul-2025 13:24:36.590 INFO [http-nio-8086-exec-53] org.apache.catalina.core.ApplicationContext.log Manager: install: Installing context configuration at 'file:/var/folders/81/74rdf9nj47d3x623bsly7v340000gn/T/context4244284372474388174.xml'
24-Jul-2025 13:24:38.165 INFO [http-nio-8086-exec-53] org.apache.catalina.core.ApplicationContext.log Manager: start: Starting web application '/TestWeb'
24-Jul-2025 13:26:41.544 INFO [http-nio-8086-exec-56] org.apache.catalina.core.ApplicationContext.log Manager: list: Listing contexts for virtual host 'localhost'
24-Jul-2025 13:33:12.567 INFO [http-nio-8086-exec-52] org.apache.catalina.core.ApplicationContext.log Manager: list: Listing contexts for virtual host 'localhost'
24-Jul-2025 13:34:39.135 INFO [http-nio-8086-exec-57] org.apache.catalina.core.ApplicationContext.log Manager: list: Listing contexts for virtual host 'localhost'
24-Jul-2025 14:42:58.324 INFO [http-nio-8086-exec-5] org.apache.catalina.core.ApplicationContext.log Manager: init: Associated with Deployer 'Catalina:type=Deployer,host=localhost'
24-Jul-2025 14:42:58.325 INFO [http-nio-8086-exec-5] org.apache.catalina.core.ApplicationContext.log Manager: init: Global resources are available
24-Jul-2025 14:42:58.522 INFO [http-nio-8086-exec-9] org.apache.catalina.core.ApplicationContext.log Manager: list: Listing contexts for virtual host 'localhost'
24-Jul-2025 14:42:58.552 INFO [http-nio-8086-exec-8] org.apache.catalina.core.ApplicationContext.log Manager: list: Listing contexts for virtual host 'localhost'
24-Jul-2025 14:46:38.930 INFO [http-nio-8086-exec-4] org.apache.catalina.core.ApplicationContext.log Manager: list: Listing contexts for virtual host 'localhost'
24-Jul-2025 14:54:22.611 INFO [http-nio-8086-exec-1] org.apache.catalina.core.ApplicationContext.log Manager: list: Listing contexts for virtual host 'localhost'
24-Jul-2025 14:54:22.641 INFO [http-nio-8086-exec-6] org.apache.catalina.core.ApplicationContext.log Manager: restart: Reloading web application '/TestWeb'
24-Jul-2025 14:56:23.024 INFO [http-nio-8086-exec-12] org.apache.catalina.core.ApplicationContext.log Manager: list: Listing contexts for virtual host 'localhost'
24-Jul-2025 14:56:23.040 INFO [http-nio-8086-exec-7] org.apache.catalina.core.ApplicationContext.log Manager: restart: Reloading web application '/TestWeb'
24-Jul-2025 14:56:25.304 INFO [http-nio-8086-exec-11] org.apache.catalina.core.ApplicationContext.log Manager: list: Listing contexts for virtual host 'localhost'
24-Jul-2025 14:56:27.958 INFO [http-nio-8086-exec-14] org.apache.catalina.core.ApplicationContext.log Manager: list: Listing contexts for virtual host 'localhost'
24-Jul-2025 14:56:27.969 INFO [http-nio-8086-exec-15] org.apache.catalina.core.ApplicationContext.log Manager: list: Listing contexts for virtual host 'localhost'
24-Jul-2025 14:56:28.076 INFO [http-nio-8086-exec-13] org.apache.catalina.core.ApplicationContext.log Manager: restart: Reloading web application '/TestWeb'
24-Jul-2025 14:58:11.322 INFO [http-nio-8086-exec-20] org.apache.catalina.core.ApplicationContext.log Manager: list: Listing contexts for virtual host 'localhost'
24-Jul-2025 14:58:11.346 INFO [http-nio-8086-exec-17] org.apache.catalina.core.ApplicationContext.log Manager: restart: Reloading web application '/TestWeb'
24-Jul-2025 14:59:03.651 INFO [http-nio-8086-exec-22] org.apache.catalina.core.ApplicationContext.log Manager: list: Listing contexts for virtual host 'localhost'
24-Jul-2025 14:59:03.664 INFO [http-nio-8086-exec-15] org.apache.catalina.core.ApplicationContext.log Manager: restart: Reloading web application '/TestWeb'
24-Jul-2025 14:59:18.344 INFO [http-nio-8086-exec-15] org.apache.catalina.core.ApplicationContext.log Manager: list: Listing contexts for virtual host 'localhost'
24-Jul-2025 14:59:18.350 INFO [http-nio-8086-exec-27] org.apache.catalina.core.ApplicationContext.log Manager: restart: Reloading web application '/TestWeb'
24-Jul-2025 15:01:09.074 INFO [http-nio-8086-exec-27] org.apache.catalina.core.ApplicationContext.log Manager: list: Listing contexts for virtual host 'localhost'
24-Jul-2025 15:01:09.080 INFO [http-nio-8086-exec-40] org.apache.catalina.core.ApplicationContext.log Manager: list: Listing contexts for virtual host 'localhost'
24-Jul-2025 15:01:09.098 INFO [http-nio-8086-exec-31] org.apache.catalina.core.ApplicationContext.log Manager: restart: Reloading web application '/TestWeb'
24-Jul-2025 15:02:33.607 INFO [http-nio-8086-exec-43] org.apache.catalina.core.ApplicationContext.log Manager: list: Listing contexts for virtual host 'localhost'
24-Jul-2025 15:04:21.247 INFO [http-nio-8086-exec-44] org.apache.catalina.core.ApplicationContext.log Manager: list: Listing contexts for virtual host 'localhost'
24-Jul-2025 15:05:32.451 INFO [http-nio-8086-exec-45] org.apache.catalina.core.ApplicationContext.log Manager: list: Listing contexts for virtual host 'localhost'
24-Jul-2025 15:06:43.387 INFO [http-nio-8086-exec-48] org.apache.catalina.core.ApplicationContext.log Manager: list: Listing contexts for virtual host 'localhost'
24-Jul-2025 15:12:38.898 INFO [http-nio-8086-exec-42] org.apache.catalina.core.ApplicationContext.log Manager: list: Listing contexts for virtual host 'localhost'
24-Jul-2025 15:15:27.500 INFO [http-nio-8086-exec-43] org.apache.catalina.core.ApplicationContext.log Manager: list: Listing contexts for virtual host 'localhost'
24-Jul-2025 15:16:12.126 INFO [http-nio-8086-exec-46] org.apache.catalina.core.ApplicationContext.log Manager: list: Listing contexts for virtual host 'localhost'
24-Jul-2025 15:18:25.424 INFO [http-nio-8086-exec-46] org.apache.catalina.core.ApplicationContext.log Manager: list: Listing contexts for virtual host 'localhost'
24-Jul-2025 15:20:51.216 INFO [http-nio-8086-exec-47] org.apache.catalina.core.ApplicationContext.log Manager: list: Listing contexts for virtual host 'localhost'
24-Jul-2025 15:22:06.676 INFO [http-nio-8086-exec-42] org.apache.catalina.core.ApplicationContext.log Manager: list: Listing contexts for virtual host 'localhost'
24-Jul-2025 15:23:20.352 INFO [http-nio-8086-exec-45] org.apache.catalina.core.ApplicationContext.log Manager: list: Listing contexts for virtual host 'localhost'
24-Jul-2025 15:23:32.839 INFO [http-nio-8086-exec-48] org.apache.catalina.core.ApplicationContext.log Manager: list: Listing contexts for virtual host 'localhost'
24-Jul-2025 15:23:54.124 INFO [http-nio-8086-exec-49] org.apache.catalina.core.ApplicationContext.log Manager: list: Listing contexts for virtual host 'localhost'
24-Jul-2025 15:24:22.565 INFO [http-nio-8086-exec-48] org.apache.catalina.core.ApplicationContext.log Manager: list: Listing contexts for virtual host 'localhost'
24-Jul-2025 15:24:43.709 INFO [http-nio-8086-exec-49] org.apache.catalina.core.ApplicationContext.log Manager: list: Listing contexts for virtual host 'localhost'
24-Jul-2025 15:28:27.864 INFO [http-nio-8086-exec-47] org.apache.catalina.core.ApplicationContext.log Manager: list: Listing contexts for virtual host 'localhost'
24-Jul-2025 15:28:55.066 INFO [http-nio-8086-exec-42] org.apache.catalina.core.ApplicationContext.log Manager: list: Listing contexts for virtual host 'localhost'
24-Jul-2025 15:29:04.420 INFO [http-nio-8086-exec-47] org.apache.catalina.core.ApplicationContext.log Manager: list: Listing contexts for virtual host 'localhost'
24-Jul-2025 17:10:54.600 INFO [http-nio-8086-exec-5] org.apache.catalina.core.ApplicationContext.log Manager: init: Associated with Deployer 'Catalina:type=Deployer,host=localhost'
24-Jul-2025 17:10:54.601 INFO [http-nio-8086-exec-5] org.apache.catalina.core.ApplicationContext.log Manager: init: Global resources are available
24-Jul-2025 17:10:54.776 INFO [http-nio-8086-exec-8] org.apache.catalina.core.ApplicationContext.log Manager: list: Listing contexts for virtual host 'localhost'
24-Jul-2025 17:10:54.807 INFO [http-nio-8086-exec-10] org.apache.catalina.core.ApplicationContext.log Manager: list: Listing contexts for virtual host 'localhost'
24-Jul-2025 17:19:38.611 INFO [http-nio-8086-exec-9] org.apache.catalina.core.ApplicationContext.log Manager: list: Listing contexts for virtual host 'localhost'
24-Jul-2025 17:20:49.347 INFO [http-nio-8086-exec-9] org.apache.catalina.core.ApplicationContext.log Manager: list: Listing contexts for virtual host 'localhost'
24-Jul-2025 17:21:03.737 INFO [http-nio-8086-exec-6] org.apache.catalina.core.ApplicationContext.log Manager: list: Listing contexts for virtual host 'localhost'
24-Jul-2025 17:23:33.469 INFO [http-nio-8086-exec-6] org.apache.catalina.core.ApplicationContext.log Manager: list: Listing contexts for virtual host 'localhost'
24-Jul-2025 17:26:22.875 INFO [http-nio-8086-exec-6] org.apache.catalina.core.ApplicationContext.log Manager: list: Listing contexts for virtual host 'localhost'
24-Jul-2025 17:27:03.599 INFO [http-nio-8086-exec-7] org.apache.catalina.core.ApplicationContext.log Manager: list: Listing contexts for virtual host 'localhost'
24-Jul-2025 17:31:11.201 INFO [http-nio-8086-exec-8] org.apache.catalina.core.ApplicationContext.log Manager: list: Listing contexts for virtual host 'localhost'
24-Jul-2025 17:32:51.476 INFO [http-nio-8086-exec-4] org.apache.catalina.core.ApplicationContext.log Manager: list: Listing contexts for virtual host 'localhost'
24-Jul-2025 17:34:04.046 INFO [http-nio-8086-exec-7] org.apache.catalina.core.ApplicationContext.log Manager: list: Listing contexts for virtual host 'localhost'
24-Jul-2025 17:34:21.887 INFO [http-nio-8086-exec-3] org.apache.catalina.core.ApplicationContext.log Manager: list: Listing contexts for virtual host 'localhost'
24-Jul-2025 17:34:40.338 INFO [http-nio-8086-exec-3] org.apache.catalina.core.ApplicationContext.log Manager: list: Listing contexts for virtual host 'localhost'
24-Jul-2025 17:35:11.658 INFO [http-nio-8086-exec-1] org.apache.catalina.core.ApplicationContext.log Manager: list: Listing contexts for virtual host 'localhost'
24-Jul-2025 17:35:27.600 INFO [http-nio-8086-exec-9] org.apache.catalina.core.ApplicationContext.log Manager: list: Listing contexts for virtual host 'localhost'
24-Jul-2025 17:35:43.759 INFO [http-nio-8086-exec-3] org.apache.catalina.core.ApplicationContext.log Manager: list: Listing contexts for virtual host 'localhost'
24-Jul-2025 17:37:43.700 INFO [http-nio-8086-exec-3] org.apache.catalina.core.ApplicationContext.log Manager: list: Listing contexts for virtual host 'localhost'
24-Jul-2025 17:38:25.244 INFO [http-nio-8086-exec-3] org.apache.catalina.core.ApplicationContext.log Manager: list: Listing contexts for virtual host 'localhost'
24-Jul-2025 17:39:30.446 INFO [http-nio-8086-exec-10] org.apache.catalina.core.ApplicationContext.log Manager: list: Listing contexts for virtual host 'localhost'
24-Jul-2025 17:39:30.494 INFO [http-nio-8086-exec-1] org.apache.catalina.core.ApplicationContext.log Manager: restart: Reloading web application '/TestWeb'
24-Jul-2025 17:39:32.172 INFO [http-nio-8086-exec-8] org.apache.catalina.core.ApplicationContext.log Manager: list: Listing contexts for virtual host 'localhost'
24-Jul-2025 17:39:32.182 INFO [http-nio-8086-exec-7] org.apache.catalina.core.ApplicationContext.log Manager: restart: Reloading web application '/TestWeb'
24-Jul-2025 17:40:10.433 INFO [http-nio-8086-exec-2] org.apache.catalina.core.ApplicationContext.log Manager: list: Listing contexts for virtual host 'localhost'
24-Jul-2025 17:40:14.275 INFO [http-nio-8086-exec-6] org.apache.catalina.core.ApplicationContext.log Manager: list: Listing contexts for virtual host 'localhost'
24-Jul-2025 17:40:14.628 INFO [http-nio-8086-exec-3] org.apache.catalina.core.ApplicationContext.log Manager: list: Listing contexts for virtual host 'localhost'
24-Jul-2025 17:40:14.638 INFO [http-nio-8086-exec-2] org.apache.catalina.core.ApplicationContext.log Manager: restart: Reloading web application '/TestWeb'
24-Jul-2025 17:40:40.370 INFO [http-nio-8086-exec-11] org.apache.catalina.core.ApplicationContext.log Manager: list: Listing contexts for virtual host 'localhost'
24-Jul-2025 17:40:40.381 INFO [http-nio-8086-exec-4] org.apache.catalina.core.ApplicationContext.log Manager: restart: Reloading web application '/TestWeb'
24-Jul-2025 17:40:41.460 INFO [http-nio-8086-exec-6] org.apache.catalina.core.ApplicationContext.log Manager: list: Listing contexts for virtual host 'localhost'
24-Jul-2025 17:40:41.470 INFO [http-nio-8086-exec-13] org.apache.catalina.core.ApplicationContext.log Manager: restart: Reloading web application '/TestWeb'
24-Jul-2025 17:41:40.936 INFO [http-nio-8086-exec-6] org.apache.catalina.core.ApplicationContext.log Manager: list: Listing contexts for virtual host 'localhost'
24-Jul-2025 17:41:41.300 INFO [http-nio-8086-exec-13] org.apache.catalina.core.ApplicationContext.log Manager: list: Listing contexts for virtual host 'localhost'
24-Jul-2025 17:41:41.309 INFO [http-nio-8086-exec-9] org.apache.catalina.core.ApplicationContext.log Manager: restart: Reloading web application '/TestWeb'
24-Jul-2025 17:41:42.297 INFO [http-nio-8086-exec-14] org.apache.catalina.core.ApplicationContext.log Manager: list: Listing contexts for virtual host 'localhost'
24-Jul-2025 17:41:42.303 INFO [http-nio-8086-exec-6] org.apache.catalina.core.ApplicationContext.log Manager: restart: Reloading web application '/TestWeb'
24-Jul-2025 17:42:04.398 INFO [http-nio-8086-exec-12] org.apache.catalina.core.ApplicationContext.log Manager: list: Listing contexts for virtual host 'localhost'
24-Jul-2025 17:42:04.414 INFO [http-nio-8086-exec-16] org.apache.catalina.core.ApplicationContext.log Manager: restart: Reloading web application '/TestWeb'
24-Jul-2025 17:42:05.327 INFO [http-nio-8086-exec-13] org.apache.catalina.core.ApplicationContext.log Manager: list: Listing contexts for virtual host 'localhost'
24-Jul-2025 17:42:05.338 INFO [http-nio-8086-exec-14] org.apache.catalina.core.ApplicationContext.log Manager: restart: Reloading web application '/TestWeb'
24-Jul-2025 17:42:25.503 INFO [http-nio-8086-exec-4] org.apache.catalina.core.ApplicationContext.log Manager: list: Listing contexts for virtual host 'localhost'
24-Jul-2025 17:42:25.509 INFO [http-nio-8086-exec-12] org.apache.catalina.core.ApplicationContext.log Manager: restart: Reloading web application '/TestWeb'
24-Jul-2025 17:42:26.461 INFO [http-nio-8086-exec-4] org.apache.catalina.core.ApplicationContext.log Manager: list: Listing contexts for virtual host 'localhost'
24-Jul-2025 17:42:26.469 INFO [http-nio-8086-exec-11] org.apache.catalina.core.ApplicationContext.log Manager: restart: Reloading web application '/TestWeb'
24-Jul-2025 17:43:08.177 INFO [http-nio-8086-exec-19] org.apache.catalina.core.ApplicationContext.log Manager: list: Listing contexts for virtual host 'localhost'
24-Jul-2025 17:43:08.195 INFO [http-nio-8086-exec-20] org.apache.catalina.core.ApplicationContext.log Manager: restart: Reloading web application '/TestWeb'
24-Jul-2025 17:43:33.828 INFO [http-nio-8086-exec-12] org.apache.catalina.core.ApplicationContext.log Manager: list: Listing contexts for virtual host 'localhost'
24-Jul-2025 17:45:03.210 INFO [http-nio-8086-exec-27] org.apache.catalina.core.ApplicationContext.log Manager: list: Listing contexts for virtual host 'localhost'
24-Jul-2025 17:45:50.939 INFO [http-nio-8086-exec-25] org.apache.catalina.core.ApplicationContext.log Manager: list: Listing contexts for virtual host 'localhost'
24-Jul-2025 17:46:23.890 INFO [http-nio-8086-exec-25] org.apache.catalina.core.ApplicationContext.log Manager: list: Listing contexts for virtual host 'localhost'
24-Jul-2025 17:46:50.262 INFO [http-nio-8086-exec-25] org.apache.catalina.core.ApplicationContext.log Manager: list: Listing contexts for virtual host 'localhost'
24-Jul-2025 17:46:50.277 INFO [http-nio-8086-exec-27] org.apache.catalina.core.ApplicationContext.log Manager: restart: Reloading web application '/TestWeb'
24-Jul-2025 17:46:51.187 INFO [http-nio-8086-exec-28] org.apache.catalina.core.ApplicationContext.log Manager: list: Listing contexts for virtual host 'localhost'
24-Jul-2025 17:46:51.213 INFO [http-nio-8086-exec-34] org.apache.catalina.core.ApplicationContext.log Manager: list: Listing contexts for virtual host 'localhost'
24-Jul-2025 17:46:51.758 INFO [http-nio-8086-exec-26] org.apache.catalina.core.ApplicationContext.log Manager: restart: Reloading web application '/TestWeb'
24-Jul-2025 17:50:21.324 INFO [http-nio-8086-exec-40] org.apache.catalina.core.ApplicationContext.log Manager: list: Listing contexts for virtual host 'localhost'
24-Jul-2025 17:50:21.344 INFO [http-nio-8086-exec-36] org.apache.catalina.core.ApplicationContext.log Manager: restart: Reloading web application '/TestWeb'
24-Jul-2025 17:51:08.568 INFO [http-nio-8086-exec-38] org.apache.catalina.core.ApplicationContext.log Manager: list: Listing contexts for virtual host 'localhost'
24-Jul-2025 17:52:54.725 INFO [http-nio-8086-exec-40] org.apache.catalina.core.ApplicationContext.log Manager: list: Listing contexts for virtual host 'localhost'
24-Jul-2025 17:52:54.753 INFO [http-nio-8086-exec-49] org.apache.catalina.core.ApplicationContext.log Manager: restart: Reloading web application '/TestWeb'
24-Jul-2025 17:52:56.646 INFO [http-nio-8086-exec-38] org.apache.catalina.core.ApplicationContext.log Manager: list: Listing contexts for virtual host 'localhost'
24-Jul-2025 17:52:56.664 INFO [http-nio-8086-exec-42] org.apache.catalina.core.ApplicationContext.log Manager: restart: Reloading web application '/TestWeb'
24-Jul-2025 17:54:37.293 INFO [http-nio-8086-exec-29] org.apache.catalina.core.ApplicationContext.log Manager: list: Listing contexts for virtual host 'localhost'
24-Jul-2025 17:54:37.721 INFO [http-nio-8086-exec-48] org.apache.catalina.core.ApplicationContext.log Manager: list: Listing contexts for virtual host 'localhost'
24-Jul-2025 17:54:37.734 INFO [http-nio-8086-exec-52] org.apache.catalina.core.ApplicationContext.log Manager: restart: Reloading web application '/TestWeb'
24-Jul-2025 17:54:40.028 INFO [http-nio-8086-exec-38] org.apache.catalina.core.ApplicationContext.log Manager: list: Listing contexts for virtual host 'localhost'
24-Jul-2025 17:54:40.055 INFO [http-nio-8086-exec-46] org.apache.catalina.core.ApplicationContext.log Manager: restart: Reloading web application '/TestWeb'
24-Jul-2025 17:54:51.759 INFO [http-nio-8086-exec-38] org.apache.catalina.core.ApplicationContext.log Manager: list: Listing contexts for virtual host 'localhost'
24-Jul-2025 17:54:51.768 INFO [http-nio-8086-exec-48] org.apache.catalina.core.ApplicationContext.log Manager: restart: Reloading web application '/TestWeb'
24-Jul-2025 17:54:53.423 INFO [http-nio-8086-exec-29] org.apache.catalina.core.ApplicationContext.log Manager: list: Listing contexts for virtual host 'localhost'
24-Jul-2025 17:54:53.431 INFO [http-nio-8086-exec-55] org.apache.catalina.core.ApplicationContext.log Manager: restart: Reloading web application '/TestWeb'
24-Jul-2025 17:54:57.382 INFO [http-nio-8086-exec-39] org.apache.catalina.core.ApplicationContext.log Manager: list: Listing contexts for virtual host 'localhost'
24-Jul-2025 17:54:57.393 INFO [http-nio-8086-exec-47] org.apache.catalina.core.ApplicationContext.log Manager: restart: Reloading web application '/TestWeb'
24-Jul-2025 17:54:59.572 INFO [http-nio-8086-exec-29] org.apache.catalina.core.ApplicationContext.log Manager: list: Listing contexts for virtual host 'localhost'
24-Jul-2025 17:54:59.618 INFO [http-nio-8086-exec-59] org.apache.catalina.core.ApplicationContext.log Manager: restart: Reloading web application '/TestWeb'
24-Jul-2025 18:00:17.677 INFO [http-nio-8086-exec-62] org.apache.catalina.core.ApplicationContext.log Manager: list: Listing contexts for virtual host 'localhost'
24-Jul-2025 18:00:17.709 INFO [http-nio-8086-exec-63] org.apache.catalina.core.ApplicationContext.log Manager: restart: Reloading web application '/TestWeb'
24-Jul-2025 18:00:25.485 INFO [http-nio-8086-exec-65] org.apache.catalina.core.ApplicationContext.log Manager: list: Listing contexts for virtual host 'localhost'
24-Jul-2025 18:00:25.491 INFO [http-nio-8086-exec-64] org.apache.catalina.core.ApplicationContext.log Manager: list: Listing contexts for virtual host 'localhost'
24-Jul-2025 18:00:25.507 INFO [http-nio-8086-exec-72] org.apache.catalina.core.ApplicationContext.log Manager: restart: Reloading web application '/TestWeb'
24-Jul-2025 18:01:51.686 INFO [http-nio-8086-exec-71] org.apache.catalina.core.ApplicationContext.log Manager: list: Listing contexts for virtual host 'localhost'
24-Jul-2025 18:01:51.814 INFO [http-nio-8086-exec-76] org.apache.catalina.core.ApplicationContext.log Manager: restart: Reloading web application '/TestWeb'
24-Jul-2025 18:01:53.965 INFO [http-nio-8086-exec-75] org.apache.catalina.core.ApplicationContext.log Manager: list: Listing contexts for virtual host 'localhost'
24-Jul-2025 18:01:53.978 INFO [http-nio-8086-exec-74] org.apache.catalina.core.ApplicationContext.log Manager: restart: Reloading web application '/TestWeb'
24-Jul-2025 18:01:54.082 INFO [http-nio-8086-exec-75] org.apache.catalina.core.ApplicationContext.log Manager: list: Listing contexts for virtual host 'localhost'
24-Jul-2025 18:01:54.089 INFO [http-nio-8086-exec-80] org.apache.catalina.core.ApplicationContext.log Manager: list: Listing contexts for virtual host 'localhost'
24-Jul-2025 18:01:55.391 INFO [http-nio-8086-exec-74] org.apache.catalina.core.ApplicationContext.log Manager: restart: Reloading web application '/TestWeb'
24-Jul-2025 18:03:34.290 INFO [http-nio-8086-exec-90] org.apache.catalina.core.ApplicationContext.log Manager: list: Listing contexts for virtual host 'localhost'
24-Jul-2025 18:03:34.305 INFO [http-nio-8086-exec-84] org.apache.catalina.core.ApplicationContext.log Manager: restart: Reloading web application '/TestWeb'
24-Jul-2025 18:04:22.138 INFO [http-nio-8086-exec-88] org.apache.catalina.core.ApplicationContext.log Manager: list: Listing contexts for virtual host 'localhost'
24-Jul-2025 18:04:22.161 INFO [http-nio-8086-exec-79] org.apache.catalina.core.ApplicationContext.log Manager: restart: Reloading web application '/TestWeb'
24-Jul-2025 18:09:10.860 INFO [http-nio-8086-exec-96] org.apache.catalina.core.ApplicationContext.log Manager: list: Listing contexts for virtual host 'localhost'
24-Jul-2025 18:09:10.889 INFO [http-nio-8086-exec-97] org.apache.catalina.core.ApplicationContext.log Manager: restart: Reloading web application '/TestWeb'
24-Jul-2025 18:09:19.064 INFO [http-nio-8086-exec-102] org.apache.catalina.core.ApplicationContext.log Manager: list: Listing contexts for virtual host 'localhost'
24-Jul-2025 18:09:19.070 INFO [http-nio-8086-exec-103] org.apache.catalina.core.ApplicationContext.log Manager: list: Listing contexts for virtual host 'localhost'
24-Jul-2025 18:09:19.093 INFO [http-nio-8086-exec-94] org.apache.catalina.core.ApplicationContext.log Manager: stop: Stopping web application '/TestWeb'
24-Jul-2025 18:09:19.136 INFO [http-nio-8086-exec-104] org.apache.catalina.core.ApplicationContext.log Manager: start: Starting web application '/TestWeb'
24-Jul-2025 18:15:01.867 INFO [http-nio-8086-exec-109] org.apache.catalina.core.ApplicationContext.log Manager: list: Listing contexts for virtual host 'localhost'
24-Jul-2025 18:17:18.945 INFO [http-nio-8086-exec-109] org.apache.catalina.core.ApplicationContext.log Manager: list: Listing contexts for virtual host 'localhost'
24-Jul-2025 18:17:18.967 INFO [http-nio-8086-exec-111] org.apache.catalina.core.ApplicationContext.log Manager: restart: Reloading web application '/TestWeb'
24-Jul-2025 18:17:35.397 INFO [http-nio-8086-exec-112] org.apache.catalina.core.ApplicationContext.log Manager: list: Listing contexts for virtual host 'localhost'
24-Jul-2025 18:17:35.407 INFO [http-nio-8086-exec-107] org.apache.catalina.core.ApplicationContext.log Manager: restart: Reloading web application '/TestWeb'
24-Jul-2025 18:18:00.199 INFO [http-nio-8086-exec-114] org.apache.catalina.core.ApplicationContext.log Manager: list: Listing contexts for virtual host 'localhost'
24-Jul-2025 18:18:00.207 INFO [http-nio-8086-exec-112] org.apache.catalina.core.ApplicationContext.log Manager: restart: Reloading web application '/TestWeb'
24-Jul-2025 18:22:21.322 INFO [http-nio-8086-exec-119] org.apache.catalina.core.ApplicationContext.log Manager: list: Listing contexts for virtual host 'localhost'
24-Jul-2025 18:22:21.740 INFO [http-nio-8086-exec-122] org.apache.catalina.core.ApplicationContext.log Manager: list: Listing contexts for virtual host 'localhost'
24-Jul-2025 18:23:45.187 INFO [http-nio-8086-exec-119] org.apache.catalina.core.ApplicationContext.log Manager: list: Listing contexts for virtual host 'localhost'
24-Jul-2025 18:24:14.332 INFO [http-nio-8086-exec-125] org.apache.catalina.core.ApplicationContext.log Manager: list: Listing contexts for virtual host 'localhost'
24-Jul-2025 18:27:08.357 INFO [http-nio-8086-exec-127] org.apache.catalina.core.ApplicationContext.log Manager: list: Listing contexts for virtual host 'localhost'
24-Jul-2025 18:27:08.382 INFO [http-nio-8086-exec-126] org.apache.catalina.core.ApplicationContext.log Manager: restart: Reloading web application '/TestWeb'
24-Jul-2025 18:27:36.043 INFO [http-nio-8086-exec-125] org.apache.catalina.core.ApplicationContext.log Manager: list: Listing contexts for virtual host 'localhost'
24-Jul-2025 18:27:36.055 INFO [http-nio-8086-exec-120] org.apache.catalina.core.ApplicationContext.log Manager: restart: Reloading web application '/TestWeb'
24-Jul-2025 18:29:12.989 INFO [http-nio-8086-exec-129] org.apache.catalina.core.ApplicationContext.log Manager: list: Listing contexts for virtual host 'localhost'
24-Jul-2025 18:29:13.013 INFO [http-nio-8086-exec-127] org.apache.catalina.core.ApplicationContext.log Manager: restart: Reloading web application '/TestWeb'
24-Jul-2025 18:29:15.103 INFO [http-nio-8086-exec-132] org.apache.catalina.core.ApplicationContext.log Manager: list: Listing contexts for virtual host 'localhost'
24-Jul-2025 18:29:15.118 INFO [http-nio-8086-exec-121] org.apache.catalina.core.ApplicationContext.log Manager: restart: Reloading web application '/TestWeb'
24-Jul-2025 18:30:52.191 INFO [http-nio-8086-exec-129] org.apache.catalina.core.ApplicationContext.log Manager: list: Listing contexts for virtual host 'localhost'
24-Jul-2025 18:30:52.230 INFO [http-nio-8086-exec-135] org.apache.catalina.core.ApplicationContext.log Manager: restart: Reloading web application '/TestWeb'
24-Jul-2025 18:31:58.332 INFO [http-nio-8086-exec-139] org.apache.catalina.core.ApplicationContext.log Manager: list: Listing contexts for virtual host 'localhost'
24-Jul-2025 18:31:58.384 INFO [http-nio-8086-exec-136] org.apache.catalina.core.ApplicationContext.log Manager: restart: Reloading web application '/TestWeb'
24-Jul-2025 18:32:00.319 INFO [http-nio-8086-exec-142] org.apache.catalina.core.ApplicationContext.log Manager: list: Listing contexts for virtual host 'localhost'
24-Jul-2025 18:32:00.330 INFO [http-nio-8086-exec-122] org.apache.catalina.core.ApplicationContext.log Manager: restart: Reloading web application '/TestWeb'
24-Jul-2025 18:32:38.308 INFO [http-nio-8086-exec-139] org.apache.catalina.core.ApplicationContext.log Manager: list: Listing contexts for virtual host 'localhost'
24-Jul-2025 18:32:38.335 INFO [http-nio-8086-exec-142] org.apache.catalina.core.ApplicationContext.log Manager: restart: Reloading web application '/TestWeb'
24-Jul-2025 18:34:46.240 INFO [http-nio-8086-exec-149] org.apache.catalina.core.ApplicationContext.log Manager: list: Listing contexts for virtual host 'localhost'
24-Jul-2025 18:34:46.269 INFO [http-nio-8086-exec-152] org.apache.catalina.core.ApplicationContext.log Manager: restart: Reloading web application '/TestWeb'
24-Jul-2025 18:34:48.280 INFO [http-nio-8086-exec-151] org.apache.catalina.core.ApplicationContext.log Manager: list: Listing contexts for virtual host 'localhost'
24-Jul-2025 18:34:48.289 INFO [http-nio-8086-exec-138] org.apache.catalina.core.ApplicationContext.log Manager: restart: Reloading web application '/TestWeb'
24-Jul-2025 18:35:35.128 INFO [http-nio-8086-exec-133] org.apache.catalina.core.ApplicationContext.log Manager: list: Listing contexts for virtual host 'localhost'
24-Jul-2025 18:35:35.158 INFO [http-nio-8086-exec-145] org.apache.catalina.core.ApplicationContext.log Manager: restart: Reloading web application '/TestWeb'
24-Jul-2025 18:38:51.138 INFO [http-nio-8086-exec-158] org.apache.catalina.core.ApplicationContext.log Manager: list: Listing contexts for virtual host 'localhost'
24-Jul-2025 18:38:51.192 INFO [http-nio-8086-exec-159] org.apache.catalina.core.ApplicationContext.log Manager: restart: Reloading web application '/TestWeb'
24-Jul-2025 18:41:14.721 INFO [http-nio-8086-exec-168] org.apache.catalina.core.ApplicationContext.log Manager: list: Listing contexts for virtual host 'localhost'
24-Jul-2025 18:41:14.777 INFO [http-nio-8086-exec-171] org.apache.catalina.core.ApplicationContext.log Manager: restart: Reloading web application '/TestWeb'
24-Jul-2025 18:42:42.358 INFO [http-nio-8086-exec-175] org.apache.catalina.core.ApplicationContext.log Manager: list: Listing contexts for virtual host 'localhost'
24-Jul-2025 18:42:42.367 INFO [http-nio-8086-exec-178] org.apache.catalina.core.ApplicationContext.log Manager: restart: Reloading web application '/TestWeb'
24-Jul-2025 18:43:47.530 INFO [http-nio-8086-exec-181] org.apache.catalina.core.ApplicationContext.log Manager: list: Listing contexts for virtual host 'localhost'
24-Jul-2025 18:43:47.539 INFO [http-nio-8086-exec-174] org.apache.catalina.core.ApplicationContext.log Manager: restart: Reloading web application '/TestWeb'
24-Jul-2025 18:53:24.001 INFO [http-nio-8086-exec-189] org.apache.catalina.core.ApplicationContext.log Manager: list: Listing contexts for virtual host 'localhost'
24-Jul-2025 18:53:24.044 INFO [http-nio-8086-exec-190] org.apache.catalina.core.ApplicationContext.log Manager: restart: Reloading web application '/TestWeb'
24-Jul-2025 18:53:26.808 INFO [http-nio-8086-exec-189] org.apache.catalina.core.ApplicationContext.log Manager: list: Listing contexts for virtual host 'localhost'
24-Jul-2025 18:53:26.844 INFO [http-nio-8086-exec-188] org.apache.catalina.core.ApplicationContext.log Manager: restart: Reloading web application '/TestWeb'
24-Jul-2025 18:53:54.729 INFO [http-nio-8086-exec-196] org.apache.catalina.core.ApplicationContext.log Manager: list: Listing contexts for virtual host 'localhost'
24-Jul-2025 18:53:54.742 INFO [http-nio-8086-exec-186] org.apache.catalina.core.ApplicationContext.log Manager: restart: Reloading web application '/TestWeb'
24-Jul-2025 18:53:56.701 INFO [http-nio-8086-exec-198] org.apache.catalina.core.ApplicationContext.log Manager: list: Listing contexts for virtual host 'localhost'
24-Jul-2025 18:53:56.719 INFO [http-nio-8086-exec-195] org.apache.catalina.core.ApplicationContext.log Manager: restart: Reloading web application '/TestWeb'
24-Jul-2025 18:59:41.595 INFO [http-nio-8086-exec-202] org.apache.catalina.core.ApplicationContext.log Manager: list: Listing contexts for virtual host 'localhost'
24-Jul-2025 18:59:41.646 INFO [http-nio-8086-exec-208] org.apache.catalina.core.ApplicationContext.log Manager: restart: Reloading web application '/TestWeb'
24-Jul-2025 18:59:43.710 INFO [http-nio-8086-exec-202] org.apache.catalina.core.ApplicationContext.log Manager: list: Listing contexts for virtual host 'localhost'
24-Jul-2025 18:59:43.722 INFO [http-nio-8086-exec-203] org.apache.catalina.core.ApplicationContext.log Manager: restart: Reloading web application '/TestWeb'
24-Jul-2025 18:59:49.716 INFO [http-nio-8086-exec-210] org.apache.catalina.core.ApplicationContext.log Manager: list: Listing contexts for virtual host 'localhost'
24-Jul-2025 18:59:49.725 INFO [http-nio-8086-exec-207] org.apache.catalina.core.ApplicationContext.log Manager: restart: Reloading web application '/TestWeb'
24-Jul-2025 18:59:51.451 INFO [http-nio-8086-exec-213] org.apache.catalina.core.ApplicationContext.log Manager: list: Listing contexts for virtual host 'localhost'
24-Jul-2025 18:59:51.460 INFO [http-nio-8086-exec-204] org.apache.catalina.core.ApplicationContext.log Manager: restart: Reloading web application '/TestWeb'
24-Jul-2025 19:00:04.139 INFO [http-nio-8086-exec-212] org.apache.catalina.core.ApplicationContext.log Manager: list: Listing contexts for virtual host 'localhost'
24-Jul-2025 19:00:04.151 INFO [http-nio-8086-exec-213] org.apache.catalina.core.ApplicationContext.log Manager: restart: Reloading web application '/TestWeb'
24-Jul-2025 19:02:26.932 INFO [http-nio-8086-exec-217] org.apache.catalina.core.ApplicationContext.log Manager: list: Listing contexts for virtual host 'localhost'
24-Jul-2025 19:06:00.334 INFO [http-nio-8086-exec-222] org.apache.catalina.core.ApplicationContext.log Manager: list: Listing contexts for virtual host 'localhost'
24-Jul-2025 19:06:00.368 INFO [http-nio-8086-exec-223] org.apache.catalina.core.ApplicationContext.log Manager: restart: Reloading web application '/TestWeb'
24-Jul-2025 19:06:02.750 INFO [http-nio-8086-exec-222] org.apache.catalina.core.ApplicationContext.log Manager: list: Listing contexts for virtual host 'localhost'
24-Jul-2025 19:06:02.763 INFO [http-nio-8086-exec-220] org.apache.catalina.core.ApplicationContext.log Manager: restart: Reloading web application '/TestWeb'
24-Jul-2025 19:09:09.449 INFO [http-nio-8086-exec-230] org.apache.catalina.core.ApplicationContext.log Manager: list: Listing contexts for virtual host 'localhost'
24-Jul-2025 19:09:09.480 INFO [http-nio-8086-exec-231] org.apache.catalina.core.ApplicationContext.log Manager: restart: Reloading web application '/TestWeb'
24-Jul-2025 19:09:33.883 INFO [http-nio-8086-exec-232] org.apache.catalina.core.ApplicationContext.log Manager: list: Listing contexts for virtual host 'localhost'
24-Jul-2025 19:09:33.899 INFO [http-nio-8086-exec-234] org.apache.catalina.core.ApplicationContext.log Manager: restart: Reloading web application '/TestWeb'
24-Jul-2025 19:41:08.473 INFO [http-nio-8086-exec-5] org.apache.catalina.core.ApplicationContext.log Manager: init: Associated with Deployer 'Catalina:type=Deployer,host=localhost'
24-Jul-2025 19:41:08.474 INFO [http-nio-8086-exec-5] org.apache.catalina.core.ApplicationContext.log Manager: init: Global resources are available
24-Jul-2025 19:41:08.566 INFO [http-nio-8086-exec-8] org.apache.catalina.core.ApplicationContext.log Manager: list: Listing contexts for virtual host 'localhost'
24-Jul-2025 19:41:08.595 INFO [http-nio-8086-exec-9] org.apache.catalina.core.ApplicationContext.log Manager: list: Listing contexts for virtual host 'localhost'
24-Jul-2025 19:41:08.668 INFO [http-nio-8086-exec-10] org.apache.catalina.core.ApplicationContext.log Manager: stop: Stopping web application '/TestWeb'
24-Jul-2025 19:41:08.772 INFO [http-nio-8086-exec-4] org.apache.catalina.core.ApplicationContext.log Manager: start: Starting web application '/TestWeb'
24-Jul-2025 19:47:23.187 INFO [http-nio-8086-exec-12] org.apache.catalina.core.ApplicationContext.log Manager: list: Listing contexts for virtual host 'localhost'
24-Jul-2025 19:48:27.932 INFO [http-nio-8086-exec-12] org.apache.catalina.core.ApplicationContext.log Manager: list: Listing contexts for virtual host 'localhost'
24-Jul-2025 19:48:56.476 INFO [http-nio-8086-exec-12] org.apache.catalina.core.ApplicationContext.log Manager: list: Listing contexts for virtual host 'localhost'
24-Jul-2025 19:49:48.892 INFO [http-nio-8086-exec-19] org.apache.catalina.core.ApplicationContext.log Manager: list: Listing contexts for virtual host 'localhost'
24-Jul-2025 19:50:20.197 INFO [http-nio-8086-exec-11] org.apache.catalina.core.ApplicationContext.log Manager: list: Listing contexts for virtual host 'localhost'
24-Jul-2025 19:50:32.628 INFO [http-nio-8086-exec-12] org.apache.catalina.core.ApplicationContext.log Manager: list: Listing contexts for virtual host 'localhost'
24-Jul-2025 19:51:15.471 INFO [http-nio-8086-exec-12] org.apache.catalina.core.ApplicationContext.log Manager: list: Listing contexts for virtual host 'localhost'
24-Jul-2025 19:51:15.495 INFO [http-nio-8086-exec-13] org.apache.catalina.core.ApplicationContext.log Manager: restart: Reloading web application '/TestWeb'
24-Jul-2025 19:51:26.267 INFO [http-nio-8086-exec-17] org.apache.catalina.core.ApplicationContext.log Manager: list: Listing contexts for virtual host 'localhost'
24-Jul-2025 19:51:26.285 INFO [http-nio-8086-exec-18] org.apache.catalina.core.ApplicationContext.log Manager: restart: Reloading web application '/TestWeb'
24-Jul-2025 19:51:27.355 INFO [http-nio-8086-exec-14] org.apache.catalina.core.ApplicationContext.log Manager: list: Listing contexts for virtual host 'localhost'
24-Jul-2025 19:51:27.365 INFO [http-nio-8086-exec-19] org.apache.catalina.core.ApplicationContext.log Manager: restart: Reloading web application '/TestWeb'
24-Jul-2025 19:52:01.430 INFO [http-nio-8086-exec-20] org.apache.catalina.core.ApplicationContext.log Manager: list: Listing contexts for virtual host 'localhost'
24-Jul-2025 19:52:01.632 INFO [http-nio-8086-exec-22] org.apache.catalina.core.ApplicationContext.log Manager: list: Listing contexts for virtual host 'localhost'
24-Jul-2025 19:52:24.650 INFO [http-nio-8086-exec-25] org.apache.catalina.core.ApplicationContext.log Manager: list: Listing contexts for virtual host 'localhost'
24-Jul-2025 19:52:24.987 INFO [http-nio-8086-exec-24] org.apache.catalina.core.ApplicationContext.log Manager: list: Listing contexts for virtual host 'localhost'
24-Jul-2025 19:54:27.952 INFO [http-nio-8086-exec-26] org.apache.catalina.core.ApplicationContext.log Manager: list: Listing contexts for virtual host 'localhost'
24-Jul-2025 19:54:48.654 INFO [http-nio-8086-exec-20] org.apache.catalina.core.ApplicationContext.log Manager: list: Listing contexts for virtual host 'localhost'
24-Jul-2025 19:58:26.179 INFO [http-nio-8086-exec-29] org.apache.catalina.core.ApplicationContext.log Manager: list: Listing contexts for virtual host 'localhost'
24-Jul-2025 20:00:08.967 INFO [http-nio-8086-exec-32] org.apache.catalina.core.ApplicationContext.log Manager: list: Listing contexts for virtual host 'localhost'
24-Jul-2025 20:00:08.981 INFO [http-nio-8086-exec-33] org.apache.catalina.core.ApplicationContext.log Manager: restart: Reloading web application '/TestWeb'
24-Jul-2025 20:02:02.524 INFO [http-nio-8086-exec-30] org.apache.catalina.core.ApplicationContext.log Manager: list: Listing contexts for virtual host 'localhost'
24-Jul-2025 20:02:02.543 INFO [http-nio-8086-exec-31] org.apache.catalina.core.ApplicationContext.log Manager: restart: Reloading web application '/TestWeb'
24-Jul-2025 20:02:49.282 INFO [http-nio-8086-exec-26] org.apache.catalina.core.ApplicationContext.log Manager: list: Listing contexts for virtual host 'localhost'
24-Jul-2025 20:02:49.298 INFO [http-nio-8086-exec-32] org.apache.catalina.core.ApplicationContext.log Manager: restart: Reloading web application '/TestWeb'
24-Jul-2025 20:02:49.298 SEVERE [http-nio-8086-exec-32] org.apache.catalina.core.ApplicationContext.log Manager: Error reloading [/TestWeb]
	java.lang.IllegalStateException: Context with name [/TestWeb] has not yet been started
		at org.apache.catalina.core.StandardContext.reload(StandardContext.java:3249)
		at org.apache.catalina.manager.ManagerServlet.reload(ManagerServlet.java:1033)
		at org.apache.catalina.manager.ManagerServlet.doGet(ManagerServlet.java:316)
		at javax.servlet.http.HttpServlet.service(HttpServlet.java:529)
		at javax.servlet.http.HttpServlet.service(HttpServlet.java:623)
		at org.apache.catalina.core.ApplicationFilterChain.internalDoFilter(ApplicationFilterChain.java:199)
		at org.apache.catalina.core.ApplicationFilterChain.doFilter(ApplicationFilterChain.java:144)
		at org.apache.tomcat.websocket.server.WsFilter.doFilter(WsFilter.java:51)
		at org.apache.catalina.core.ApplicationFilterChain.internalDoFilter(ApplicationFilterChain.java:168)
		at org.apache.catalina.core.ApplicationFilterChain.doFilter(ApplicationFilterChain.java:144)
		at org.apache.catalina.filters.HttpHeaderSecurityFilter.doFilter(HttpHeaderSecurityFilter.java:129)
		at org.apache.catalina.core.ApplicationFilterChain.internalDoFilter(ApplicationFilterChain.java:168)
		at org.apache.catalina.core.ApplicationFilterChain.doFilter(ApplicationFilterChain.java:144)
		at org.apache.catalina.core.StandardWrapperValve.invoke(StandardWrapperValve.java:168)
		at org.apache.catalina.core.StandardContextValve.invoke(StandardContextValve.java:90)
		at org.apache.catalina.authenticator.AuthenticatorBase.invoke(AuthenticatorBase.java:597)
		at org.apache.catalina.valves.RequestFilterValve.process(RequestFilterValve.java:354)
		at org.apache.catalina.valves.RemoteAddrValve.invoke(RemoteAddrValve.java:54)
		at org.apache.catalina.core.StandardHostValve.invoke(StandardHostValve.java:130)
		at org.apache.catalina.valves.ErrorReportValve.invoke(ErrorReportValve.java:93)
		at org.apache.catalina.valves.AbstractAccessLogValve.invoke(AbstractAccessLogValve.java:656)
		at org.apache.catalina.core.StandardEngineValve.invoke(StandardEngineValve.java:74)
		at org.apache.catalina.connector.CoyoteAdapter.service(CoyoteAdapter.java:346)
		at org.apache.coyote.http11.Http11Processor.service(Http11Processor.java:397)
		at org.apache.coyote.AbstractProcessorLight.process(AbstractProcessorLight.java:63)
		at org.apache.coyote.AbstractProtocol$ConnectionHandler.process(AbstractProtocol.java:935)
		at org.apache.tomcat.util.net.NioEndpoint$SocketProcessor.doRun(NioEndpoint.java:1826)
		at org.apache.tomcat.util.net.SocketProcessorBase.run(SocketProcessorBase.java:52)
		at org.apache.tomcat.util.threads.ThreadPoolExecutor.runWorker(ThreadPoolExecutor.java:1189)
		at org.apache.tomcat.util.threads.ThreadPoolExecutor$Worker.run(ThreadPoolExecutor.java:658)
		at org.apache.tomcat.util.threads.TaskThread$WrappingRunnable.run(TaskThread.java:63)
		at java.base/java.lang.Thread.run(Thread.java:1575)
24-Jul-2025 20:02:49.356 INFO [http-nio-8086-exec-34] org.apache.catalina.core.ApplicationContext.log Manager: list: Listing contexts for virtual host 'localhost'
24-Jul-2025 20:02:49.364 INFO [http-nio-8086-exec-27] org.apache.catalina.core.ApplicationContext.log Manager: list: Listing contexts for virtual host 'localhost'
24-Jul-2025 20:02:49.410 INFO [http-nio-8086-exec-26] org.apache.catalina.core.ApplicationContext.log Manager: undeploy: Undeploying web application at '/TestWeb'
24-Jul-2025 20:02:49.952 INFO [http-nio-8086-exec-32] org.apache.catalina.core.ApplicationContext.log Manager: install: Installing context configuration at 'file:/var/folders/81/74rdf9nj47d3x623bsly7v340000gn/T/context6212988610810254514.xml'
24-Jul-2025 20:02:50.619 INFO [http-nio-8086-exec-35] org.apache.catalina.core.ApplicationContext.log Manager: start: Starting web application '/TestWeb'
24-Jul-2025 20:09:49.434 INFO [http-nio-8086-exec-39] org.apache.catalina.core.ApplicationContext.log Manager: list: Listing contexts for virtual host 'localhost'
24-Jul-2025 20:09:49.454 INFO [http-nio-8086-exec-40] org.apache.catalina.core.ApplicationContext.log Manager: restart: Reloading web application '/TestWeb'
24-Jul-2025 20:11:29.103 INFO [http-nio-8086-exec-46] org.apache.catalina.core.ApplicationContext.log Manager: list: Listing contexts for virtual host 'localhost'
24-Jul-2025 20:11:29.127 INFO [http-nio-8086-exec-37] org.apache.catalina.core.ApplicationContext.log Manager: restart: Reloading web application '/TestWeb'
24-Jul-2025 20:11:30.159 INFO [http-nio-8086-exec-38] org.apache.catalina.core.ApplicationContext.log Manager: list: Listing contexts for virtual host 'localhost'
24-Jul-2025 20:11:30.169 INFO [http-nio-8086-exec-46] org.apache.catalina.core.ApplicationContext.log Manager: restart: Reloading web application '/TestWeb'
24-Jul-2025 20:12:07.083 INFO [http-nio-8086-exec-48] org.apache.catalina.core.ApplicationContext.log Manager: list: Listing contexts for virtual host 'localhost'
24-Jul-2025 20:12:07.102 INFO [http-nio-8086-exec-42] org.apache.catalina.core.ApplicationContext.log Manager: restart: Reloading web application '/TestWeb'
24-Jul-2025 20:12:08.033 INFO [http-nio-8086-exec-42] org.apache.catalina.core.ApplicationContext.log Manager: list: Listing contexts for virtual host 'localhost'
24-Jul-2025 20:12:08.046 INFO [http-nio-8086-exec-51] org.apache.catalina.core.ApplicationContext.log Manager: restart: Reloading web application '/TestWeb'
24-Jul-2025 20:13:44.714 INFO [http-nio-8086-exec-43] org.apache.catalina.core.ApplicationContext.log Manager: list: Listing contexts for virtual host 'localhost'
24-Jul-2025 20:13:45.068 INFO [http-nio-8086-exec-38] org.apache.catalina.core.ApplicationContext.log Manager: list: Listing contexts for virtual host 'localhost'
24-Jul-2025 20:14:04.774 INFO [http-nio-8086-exec-43] org.apache.catalina.core.ApplicationContext.log Manager: list: Listing contexts for virtual host 'localhost'
24-Jul-2025 20:14:05.101 INFO [http-nio-8086-exec-38] org.apache.catalina.core.ApplicationContext.log Manager: list: Listing contexts for virtual host 'localhost'
24-Jul-2025 20:14:48.196 INFO [http-nio-8086-exec-53] org.apache.catalina.core.ApplicationContext.log Manager: list: Listing contexts for virtual host 'localhost'
24-Jul-2025 20:16:09.843 INFO [http-nio-8086-exec-54] org.apache.catalina.core.ApplicationContext.log Manager: list: Listing contexts for virtual host 'localhost'
24-Jul-2025 20:16:09.852 INFO [http-nio-8086-exec-58] org.apache.catalina.core.ApplicationContext.log Manager: restart: Reloading web application '/TestWeb'
24-Jul-2025 20:17:02.266 INFO [http-nio-8086-exec-46] org.apache.catalina.core.ApplicationContext.log Manager: list: Listing contexts for virtual host 'localhost'
24-Jul-2025 20:17:02.305 INFO [http-nio-8086-exec-43] org.apache.catalina.core.ApplicationContext.log Manager: restart: Reloading web application '/TestWeb'
24-Jul-2025 20:17:03.926 INFO [http-nio-8086-exec-59] org.apache.catalina.core.ApplicationContext.log Manager: list: Listing contexts for virtual host 'localhost'
24-Jul-2025 20:17:03.936 INFO [http-nio-8086-exec-53] org.apache.catalina.core.ApplicationContext.log Manager: restart: Reloading web application '/TestWeb'
24-Jul-2025 20:19:25.598 INFO [http-nio-8086-exec-65] org.apache.catalina.core.ApplicationContext.log Manager: list: Listing contexts for virtual host 'localhost'
24-Jul-2025 20:19:25.656 INFO [http-nio-8086-exec-68] org.apache.catalina.core.ApplicationContext.log Manager: restart: Reloading web application '/TestWeb'
24-Jul-2025 20:19:27.482 INFO [http-nio-8086-exec-60] org.apache.catalina.core.ApplicationContext.log Manager: list: Listing contexts for virtual host 'localhost'
24-Jul-2025 20:19:27.769 INFO [http-nio-8086-exec-63] org.apache.catalina.core.ApplicationContext.log Manager: list: Listing contexts for virtual host 'localhost'
24-Jul-2025 20:19:27.776 INFO [http-nio-8086-exec-67] org.apache.catalina.core.ApplicationContext.log Manager: restart: Reloading web application '/TestWeb'
24-Jul-2025 22:56:17.683 INFO [http-nio-8086-exec-5] org.apache.catalina.core.ApplicationContext.log Manager: init: Associated with Deployer 'Catalina:type=Deployer,host=localhost'
24-Jul-2025 22:56:17.683 INFO [http-nio-8086-exec-5] org.apache.catalina.core.ApplicationContext.log Manager: init: Global resources are available
24-Jul-2025 22:56:17.728 INFO [http-nio-8086-exec-1] org.apache.catalina.core.ApplicationContext.log Manager: list: Listing contexts for virtual host 'localhost'
24-Jul-2025 22:56:17.737 INFO [http-nio-8086-exec-10] org.apache.catalina.core.ApplicationContext.log Manager: list: Listing contexts for virtual host 'localhost'
24-Jul-2025 22:56:17.779 INFO [http-nio-8086-exec-2] org.apache.catalina.core.ApplicationContext.log Manager: stop: Stopping web application '/TestWeb'
24-Jul-2025 22:56:17.814 INFO [http-nio-8086-exec-6] org.apache.catalina.core.ApplicationContext.log Manager: start: Starting web application '/TestWeb'
24-Jul-2025 22:59:54.121 INFO [http-nio-8086-exec-11] org.apache.catalina.core.ApplicationContext.log Manager: list: Listing contexts for virtual host 'localhost'
24-Jul-2025 22:59:54.135 INFO [http-nio-8086-exec-12] org.apache.catalina.core.ApplicationContext.log Manager: restart: Reloading web application '/TestWeb'
24-Jul-2025 23:08:38.423 INFO [http-nio-8086-exec-24] org.apache.catalina.core.ApplicationContext.log Manager: list: Listing contexts for virtual host 'localhost'
24-Jul-2025 23:08:38.444 INFO [http-nio-8086-exec-25] org.apache.catalina.core.ApplicationContext.log Manager: restart: Reloading web application '/TestWeb'
24-Jul-2025 23:08:51.048 INFO [http-nio-8086-exec-24] org.apache.catalina.core.ApplicationContext.log Manager: list: Listing contexts for virtual host 'localhost'
24-Jul-2025 23:08:51.054 INFO [http-nio-8086-exec-28] org.apache.catalina.core.ApplicationContext.log Manager: list: Listing contexts for virtual host 'localhost'
24-Jul-2025 23:08:51.070 INFO [http-nio-8086-exec-31] org.apache.catalina.core.ApplicationContext.log Manager: stop: Stopping web application '/TestWeb'
24-Jul-2025 23:08:51.097 INFO [http-nio-8086-exec-32] org.apache.catalina.core.ApplicationContext.log Manager: start: Starting web application '/TestWeb'
24-Jul-2025 23:11:35.338 INFO [http-nio-8086-exec-42] org.apache.catalina.core.ApplicationContext.log Manager: list: Listing contexts for virtual host 'localhost'
24-Jul-2025 23:11:35.349 INFO [http-nio-8086-exec-34] org.apache.catalina.core.ApplicationContext.log Manager: restart: Reloading web application '/TestWeb'
24-Jul-2025 23:17:52.079 INFO [http-nio-8086-exec-43] org.apache.catalina.core.ApplicationContext.log Manager: list: Listing contexts for virtual host 'localhost'
24-Jul-2025 23:17:52.112 INFO [http-nio-8086-exec-44] org.apache.catalina.core.ApplicationContext.log Manager: undeploy: Undeploying web application at '/TestWeb'
24-Jul-2025 23:21:39.152 INFO [http-nio-8086-exec-46] org.apache.catalina.core.ApplicationContext.log Manager: list: Listing contexts for virtual host 'localhost'
24-Jul-2025 23:21:39.159 INFO [http-nio-8086-exec-49] org.apache.catalina.core.ApplicationContext.log Manager: list: Listing contexts for virtual host 'localhost'
24-Jul-2025 23:21:39.208 INFO [http-nio-8086-exec-43] org.apache.catalina.core.ApplicationContext.log Manager: install: Installing context configuration at 'file:/var/folders/81/74rdf9nj47d3x623bsly7v340000gn/T/context13319040815205813080.xml'
24-Jul-2025 23:21:40.971 INFO [http-nio-8086-exec-43] org.apache.catalina.core.ApplicationContext.log Manager: start: Starting web application '/TestWeb'
24-Jul-2025 23:34:49.510 INFO [http-nio-8086-exec-53] org.apache.catalina.core.ApplicationContext.log Manager: list: Listing contexts for virtual host 'localhost'
24-Jul-2025 23:34:49.527 INFO [http-nio-8086-exec-57] org.apache.catalina.core.ApplicationContext.log Manager: restart: Reloading web application '/TestWeb'
24-Jul-2025 23:38:07.999 INFO [http-nio-8086-exec-66] org.apache.catalina.core.ApplicationContext.log Manager: list: Listing contexts for virtual host 'localhost'
24-Jul-2025 23:38:08.015 INFO [http-nio-8086-exec-63] org.apache.catalina.core.ApplicationContext.log Manager: restart: Reloading web application '/TestWeb'
