21-Jul-2025 10:37:48.959 INFO [http-nio-8086-exec-5] org.apache.catalina.core.ApplicationContext.log Manager: init: Associated with Deployer 'Catalina:type=Deployer,host=localhost'
21-Jul-2025 10:37:48.960 INFO [http-nio-8086-exec-5] org.apache.catalina.core.ApplicationContext.log Manager: init: Global resources are available
21-Jul-2025 10:37:49.100 INFO [http-nio-8086-exec-9] org.apache.catalina.core.ApplicationContext.log Manager: list: Listing contexts for virtual host 'localhost'
21-Jul-2025 10:37:49.132 INFO [http-nio-8086-exec-1] org.apache.catalina.core.ApplicationContext.log Manager: list: Listing contexts for virtual host 'localhost'
21-Jul-2025 10:37:49.266 INFO [http-nio-8086-exec-10] org.apache.catalina.core.ApplicationContext.log Manager: undeploy: Undeploying web application at '/TestWeb'
21-Jul-2025 10:37:49.923 INFO [http-nio-8086-exec-5] org.apache.catalina.core.ApplicationContext.log Manager: install: Installing context configuration at 'file:/var/folders/81/74rdf9nj47d3x623bsly7v340000gn/T/context5439506772270732248.xml'
21-Jul-2025 10:43:02.910 INFO [http-nio-8086-exec-12] org.apache.catalina.core.ApplicationContext.log Manager: list: Listing contexts for virtual host 'localhost'
21-Jul-2025 10:43:02.926 INFO [http-nio-8086-exec-15] org.apache.catalina.core.ApplicationContext.log Manager: restart: Reloading web application '/TestWeb'
21-Jul-2025 10:52:45.146 INFO [http-nio-8086-exec-23] org.apache.catalina.core.ApplicationContext.log Manager: list: Listing contexts for virtual host 'localhost'
21-Jul-2025 10:57:15.416 INFO [http-nio-8086-exec-27] org.apache.catalina.core.ApplicationContext.log Manager: list: Listing contexts for virtual host 'localhost'
21-Jul-2025 10:57:15.430 INFO [http-nio-8086-exec-25] org.apache.catalina.core.ApplicationContext.log Manager: restart: Reloading web application '/TestWeb'
21-Jul-2025 10:58:00.759 INFO [http-nio-8086-exec-31] org.apache.catalina.core.ApplicationContext.log Manager: list: Listing contexts for virtual host 'localhost'
21-Jul-2025 10:58:00.771 INFO [http-nio-8086-exec-37] org.apache.catalina.core.ApplicationContext.log Manager: restart: Reloading web application '/TestWeb'
21-Jul-2025 10:59:04.986 INFO [http-nio-8086-exec-38] org.apache.catalina.core.ApplicationContext.log Manager: list: Listing contexts for virtual host 'localhost'
21-Jul-2025 10:59:04.994 INFO [http-nio-8086-exec-39] org.apache.catalina.core.ApplicationContext.log Manager: restart: Reloading web application '/TestWeb'
21-Jul-2025 11:03:19.612 INFO [http-nio-8086-exec-48] org.apache.catalina.core.ApplicationContext.log Manager: list: Listing contexts for virtual host 'localhost'
21-Jul-2025 11:03:19.621 INFO [http-nio-8086-exec-50] org.apache.catalina.core.ApplicationContext.log Manager: restart: Reloading web application '/TestWeb'
21-Jul-2025 11:03:23.629 INFO [http-nio-8086-exec-47] org.apache.catalina.core.ApplicationContext.log Manager: list: Listing contexts for virtual host 'localhost'
21-Jul-2025 11:03:23.637 INFO [http-nio-8086-exec-56] org.apache.catalina.core.ApplicationContext.log Manager: list: Listing contexts for virtual host 'localhost'
21-Jul-2025 11:03:23.653 INFO [http-nio-8086-exec-53] org.apache.catalina.core.ApplicationContext.log Manager: restart: Reloading web application '/TestWeb'
21-Jul-2025 11:25:35.522 INFO [http-nio-8086-exec-66] org.apache.catalina.core.ApplicationContext.log Manager: list: Listing contexts for virtual host 'localhost'
21-Jul-2025 11:25:35.542 INFO [http-nio-8086-exec-67] org.apache.catalina.core.ApplicationContext.log Manager: restart: Reloading web application '/TestWeb'
21-Jul-2025 11:25:37.667 INFO [http-nio-8086-exec-66] org.apache.catalina.core.ApplicationContext.log Manager: list: Listing contexts for virtual host 'localhost'
21-Jul-2025 11:25:37.678 INFO [http-nio-8086-exec-65] org.apache.catalina.core.ApplicationContext.log Manager: restart: Reloading web application '/TestWeb'
21-Jul-2025 11:26:10.006 INFO [http-nio-8086-exec-63] org.apache.catalina.core.ApplicationContext.log Manager: list: Listing contexts for virtual host 'localhost'
21-Jul-2025 11:26:10.013 INFO [http-nio-8086-exec-68] org.apache.catalina.core.ApplicationContext.log Manager: restart: Reloading web application '/TestWeb'
21-Jul-2025 11:26:36.175 INFO [http-nio-8086-exec-63] org.apache.catalina.core.ApplicationContext.log Manager: list: Listing contexts for virtual host 'localhost'
21-Jul-2025 11:26:36.186 INFO [http-nio-8086-exec-71] org.apache.catalina.core.ApplicationContext.log Manager: restart: Reloading web application '/TestWeb'
21-Jul-2025 11:27:10.991 INFO [http-nio-8086-exec-63] org.apache.catalina.core.ApplicationContext.log Manager: list: Listing contexts for virtual host 'localhost'
21-Jul-2025 11:27:10.998 INFO [http-nio-8086-exec-70] org.apache.catalina.core.ApplicationContext.log Manager: restart: Reloading web application '/TestWeb'
21-Jul-2025 11:28:44.912 INFO [http-nio-8086-exec-62] org.apache.catalina.core.ApplicationContext.log Manager: list: Listing contexts for virtual host 'localhost'
21-Jul-2025 11:28:45.249 INFO [http-nio-8086-exec-73] org.apache.catalina.core.ApplicationContext.log Manager: list: Listing contexts for virtual host 'localhost'
21-Jul-2025 11:33:33.316 INFO [http-nio-8086-exec-82] org.apache.catalina.core.ApplicationContext.log Manager: list: Listing contexts for virtual host 'localhost'
21-Jul-2025 11:34:00.927 INFO [http-nio-8086-exec-87] org.apache.catalina.core.ApplicationContext.log Manager: list: Listing contexts for virtual host 'localhost'
21-Jul-2025 11:34:51.187 INFO [http-nio-8086-exec-85] org.apache.catalina.core.ApplicationContext.log Manager: list: Listing contexts for virtual host 'localhost'
21-Jul-2025 11:34:51.196 INFO [http-nio-8086-exec-87] org.apache.catalina.core.ApplicationContext.log Manager: restart: Reloading web application '/TestWeb'
21-Jul-2025 11:41:26.437 INFO [http-nio-8086-exec-90] org.apache.catalina.core.ApplicationContext.log Manager: list: Listing contexts for virtual host 'localhost'
21-Jul-2025 11:41:26.453 INFO [http-nio-8086-exec-91] org.apache.catalina.core.ApplicationContext.log Manager: restart: Reloading web application '/TestWeb'
21-Jul-2025 11:41:33.203 INFO [http-nio-8086-exec-88] org.apache.catalina.core.ApplicationContext.log Manager: list: Listing contexts for virtual host 'localhost'
21-Jul-2025 11:41:33.209 INFO [http-nio-8086-exec-95] org.apache.catalina.core.ApplicationContext.log Manager: restart: Reloading web application '/TestWeb'
21-Jul-2025 11:46:47.668 INFO [http-nio-8086-exec-103] org.apache.catalina.core.ApplicationContext.log Manager: list: Listing contexts for virtual host 'localhost'
21-Jul-2025 11:46:47.684 INFO [http-nio-8086-exec-101] org.apache.catalina.core.ApplicationContext.log Manager: restart: Reloading web application '/TestWeb'
21-Jul-2025 11:47:40.894 INFO [http-nio-8086-exec-100] org.apache.catalina.core.ApplicationContext.log Manager: list: Listing contexts for virtual host 'localhost'
21-Jul-2025 11:47:40.903 INFO [http-nio-8086-exec-106] org.apache.catalina.core.ApplicationContext.log Manager: restart: Reloading web application '/TestWeb'
21-Jul-2025 11:47:40.903 SEVERE [http-nio-8086-exec-106] org.apache.catalina.core.ApplicationContext.log Manager: Error reloading [/TestWeb]
	java.lang.IllegalStateException: Context with name [/TestWeb] has not yet been started
		at org.apache.catalina.core.StandardContext.reload(StandardContext.java:3249)
		at org.apache.catalina.manager.ManagerServlet.reload(ManagerServlet.java:1033)
		at org.apache.catalina.manager.ManagerServlet.doGet(ManagerServlet.java:316)
		at javax.servlet.http.HttpServlet.service(HttpServlet.java:529)
		at javax.servlet.http.HttpServlet.service(HttpServlet.java:623)
		at org.apache.catalina.core.ApplicationFilterChain.internalDoFilter(ApplicationFilterChain.java:199)
		at org.apache.catalina.core.ApplicationFilterChain.doFilter(ApplicationFilterChain.java:144)
		at org.apache.tomcat.websocket.server.WsFilter.doFilter(WsFilter.java:51)
		at org.apache.catalina.core.ApplicationFilterChain.internalDoFilter(ApplicationFilterChain.java:168)
		at org.apache.catalina.core.ApplicationFilterChain.doFilter(ApplicationFilterChain.java:144)
		at org.apache.catalina.filters.HttpHeaderSecurityFilter.doFilter(HttpHeaderSecurityFilter.java:129)
		at org.apache.catalina.core.ApplicationFilterChain.internalDoFilter(ApplicationFilterChain.java:168)
		at org.apache.catalina.core.ApplicationFilterChain.doFilter(ApplicationFilterChain.java:144)
		at org.apache.catalina.core.StandardWrapperValve.invoke(StandardWrapperValve.java:168)
		at org.apache.catalina.core.StandardContextValve.invoke(StandardContextValve.java:90)
		at org.apache.catalina.authenticator.AuthenticatorBase.invoke(AuthenticatorBase.java:597)
		at org.apache.catalina.valves.RequestFilterValve.process(RequestFilterValve.java:354)
		at org.apache.catalina.valves.RemoteAddrValve.invoke(RemoteAddrValve.java:54)
		at org.apache.catalina.core.StandardHostValve.invoke(StandardHostValve.java:130)
		at org.apache.catalina.valves.ErrorReportValve.invoke(ErrorReportValve.java:93)
		at org.apache.catalina.valves.AbstractAccessLogValve.invoke(AbstractAccessLogValve.java:656)
		at org.apache.catalina.core.StandardEngineValve.invoke(StandardEngineValve.java:74)
		at org.apache.catalina.connector.CoyoteAdapter.service(CoyoteAdapter.java:346)
		at org.apache.coyote.http11.Http11Processor.service(Http11Processor.java:397)
		at org.apache.coyote.AbstractProcessorLight.process(AbstractProcessorLight.java:63)
		at org.apache.coyote.AbstractProtocol$ConnectionHandler.process(AbstractProtocol.java:935)
		at org.apache.tomcat.util.net.NioEndpoint$SocketProcessor.doRun(NioEndpoint.java:1826)
		at org.apache.tomcat.util.net.SocketProcessorBase.run(SocketProcessorBase.java:52)
		at org.apache.tomcat.util.threads.ThreadPoolExecutor.runWorker(ThreadPoolExecutor.java:1189)
		at org.apache.tomcat.util.threads.ThreadPoolExecutor$Worker.run(ThreadPoolExecutor.java:658)
		at org.apache.tomcat.util.threads.TaskThread$WrappingRunnable.run(TaskThread.java:63)
		at java.base/java.lang.Thread.run(Thread.java:1575)
21-Jul-2025 11:47:48.892 INFO [http-nio-8086-exec-115] org.apache.catalina.core.ApplicationContext.log Manager: list: Listing contexts for virtual host 'localhost'
21-Jul-2025 11:47:48.896 INFO [http-nio-8086-exec-114] org.apache.catalina.core.ApplicationContext.log Manager: list: Listing contexts for virtual host 'localhost'
21-Jul-2025 11:47:48.944 INFO [http-nio-8086-exec-100] org.apache.catalina.core.ApplicationContext.log Manager: undeploy: Undeploying web application at '/TestWeb'
21-Jul-2025 11:47:49.507 INFO [http-nio-8086-exec-106] org.apache.catalina.core.ApplicationContext.log Manager: install: Installing context configuration at 'file:/var/folders/81/74rdf9nj47d3x623bsly7v340000gn/T/context406818274040742990.xml'
21-Jul-2025 11:47:50.795 INFO [http-nio-8086-exec-106] org.apache.catalina.core.ApplicationContext.log Manager: start: Starting web application '/TestWeb'
21-Jul-2025 12:42:38.215 INFO [http-nio-8086-exec-113] org.apache.catalina.core.ApplicationContext.log Manager: list: Listing contexts for virtual host 'localhost'
21-Jul-2025 12:42:38.247 INFO [http-nio-8086-exec-111] org.apache.catalina.core.ApplicationContext.log Manager: restart: Reloading web application '/TestWeb'
21-Jul-2025 12:42:40.091 INFO [http-nio-8086-exec-110] org.apache.catalina.core.ApplicationContext.log Manager: list: Listing contexts for virtual host 'localhost'
21-Jul-2025 12:42:40.104 INFO [http-nio-8086-exec-113] org.apache.catalina.core.ApplicationContext.log Manager: restart: Reloading web application '/TestWeb'
21-Jul-2025 12:43:14.819 INFO [http-nio-8086-exec-116] org.apache.catalina.core.ApplicationContext.log Manager: list: Listing contexts for virtual host 'localhost'
21-Jul-2025 12:43:14.828 INFO [http-nio-8086-exec-112] org.apache.catalina.core.ApplicationContext.log Manager: list: Listing contexts for virtual host 'localhost'
21-Jul-2025 12:43:14.857 INFO [http-nio-8086-exec-117] org.apache.catalina.core.ApplicationContext.log Manager: stop: Stopping web application '/TestWeb'
21-Jul-2025 12:43:14.905 INFO [http-nio-8086-exec-122] org.apache.catalina.core.ApplicationContext.log Manager: start: Starting web application '/TestWeb'
21-Jul-2025 12:44:21.971 INFO [http-nio-8086-exec-116] org.apache.catalina.core.ApplicationContext.log Manager: list: Listing contexts for virtual host 'localhost'
21-Jul-2025 12:44:21.983 INFO [http-nio-8086-exec-130] org.apache.catalina.core.ApplicationContext.log Manager: restart: Reloading web application '/TestWeb'
21-Jul-2025 12:53:13.744 INFO [http-nio-8086-exec-133] org.apache.catalina.core.ApplicationContext.log Manager: list: Listing contexts for virtual host 'localhost'
21-Jul-2025 12:53:13.758 INFO [http-nio-8086-exec-134] org.apache.catalina.core.ApplicationContext.log Manager: restart: Reloading web application '/TestWeb'
21-Jul-2025 13:02:27.774 INFO [http-nio-8086-exec-143] org.apache.catalina.core.ApplicationContext.log Manager: list: Listing contexts for virtual host 'localhost'
21-Jul-2025 13:02:27.788 INFO [http-nio-8086-exec-144] org.apache.catalina.core.ApplicationContext.log Manager: restart: Reloading web application '/TestWeb'
21-Jul-2025 13:10:22.114 INFO [http-nio-8086-exec-153] org.apache.catalina.core.ApplicationContext.log Manager: list: Listing contexts for virtual host 'localhost'
21-Jul-2025 13:10:22.133 INFO [http-nio-8086-exec-154] org.apache.catalina.core.ApplicationContext.log Manager: restart: Reloading web application '/TestWeb'
21-Jul-2025 13:11:23.630 INFO [http-nio-8086-exec-159] org.apache.catalina.core.ApplicationContext.log Manager: list: Listing contexts for virtual host 'localhost'
21-Jul-2025 13:11:23.644 INFO [http-nio-8086-exec-162] org.apache.catalina.core.ApplicationContext.log Manager: restart: Reloading web application '/TestWeb'
21-Jul-2025 13:11:56.960 INFO [http-nio-8086-exec-166] org.apache.catalina.core.ApplicationContext.log Manager: list: Listing contexts for virtual host 'localhost'
21-Jul-2025 13:11:56.967 INFO [http-nio-8086-exec-152] org.apache.catalina.core.ApplicationContext.log Manager: restart: Reloading web application '/TestWeb'
21-Jul-2025 13:13:11.581 INFO [http-nio-8086-exec-176] org.apache.catalina.core.ApplicationContext.log Manager: list: Listing contexts for virtual host 'localhost'
21-Jul-2025 13:13:11.589 INFO [http-nio-8086-exec-175] org.apache.catalina.core.ApplicationContext.log Manager: restart: Reloading web application '/TestWeb'
21-Jul-2025 13:13:31.861 INFO [http-nio-8086-exec-178] org.apache.catalina.core.ApplicationContext.log Manager: list: Listing contexts for virtual host 'localhost'
21-Jul-2025 13:13:31.879 INFO [http-nio-8086-exec-169] org.apache.catalina.core.ApplicationContext.log Manager: restart: Reloading web application '/TestWeb'
21-Jul-2025 13:13:31.879 SEVERE [http-nio-8086-exec-169] org.apache.catalina.core.ApplicationContext.log Manager: Error reloading [/TestWeb]
	java.lang.IllegalStateException: Context with name [/TestWeb] has not yet been started
		at org.apache.catalina.core.StandardContext.reload(StandardContext.java:3249)
		at org.apache.catalina.manager.ManagerServlet.reload(ManagerServlet.java:1033)
		at org.apache.catalina.manager.ManagerServlet.doGet(ManagerServlet.java:316)
		at javax.servlet.http.HttpServlet.service(HttpServlet.java:529)
		at javax.servlet.http.HttpServlet.service(HttpServlet.java:623)
		at org.apache.catalina.core.ApplicationFilterChain.internalDoFilter(ApplicationFilterChain.java:199)
		at org.apache.catalina.core.ApplicationFilterChain.doFilter(ApplicationFilterChain.java:144)
		at org.apache.tomcat.websocket.server.WsFilter.doFilter(WsFilter.java:51)
		at org.apache.catalina.core.ApplicationFilterChain.internalDoFilter(ApplicationFilterChain.java:168)
		at org.apache.catalina.core.ApplicationFilterChain.doFilter(ApplicationFilterChain.java:144)
		at org.apache.catalina.filters.HttpHeaderSecurityFilter.doFilter(HttpHeaderSecurityFilter.java:129)
		at org.apache.catalina.core.ApplicationFilterChain.internalDoFilter(ApplicationFilterChain.java:168)
		at org.apache.catalina.core.ApplicationFilterChain.doFilter(ApplicationFilterChain.java:144)
		at org.apache.catalina.core.StandardWrapperValve.invoke(StandardWrapperValve.java:168)
		at org.apache.catalina.core.StandardContextValve.invoke(StandardContextValve.java:90)
		at org.apache.catalina.authenticator.AuthenticatorBase.invoke(AuthenticatorBase.java:597)
		at org.apache.catalina.valves.RequestFilterValve.process(RequestFilterValve.java:354)
		at org.apache.catalina.valves.RemoteAddrValve.invoke(RemoteAddrValve.java:54)
		at org.apache.catalina.core.StandardHostValve.invoke(StandardHostValve.java:130)
		at org.apache.catalina.valves.ErrorReportValve.invoke(ErrorReportValve.java:93)
		at org.apache.catalina.valves.AbstractAccessLogValve.invoke(AbstractAccessLogValve.java:656)
		at org.apache.catalina.core.StandardEngineValve.invoke(StandardEngineValve.java:74)
		at org.apache.catalina.connector.CoyoteAdapter.service(CoyoteAdapter.java:346)
		at org.apache.coyote.http11.Http11Processor.service(Http11Processor.java:397)
		at org.apache.coyote.AbstractProcessorLight.process(AbstractProcessorLight.java:63)
		at org.apache.coyote.AbstractProtocol$ConnectionHandler.process(AbstractProtocol.java:935)
		at org.apache.tomcat.util.net.NioEndpoint$SocketProcessor.doRun(NioEndpoint.java:1826)
		at org.apache.tomcat.util.net.SocketProcessorBase.run(SocketProcessorBase.java:52)
		at org.apache.tomcat.util.threads.ThreadPoolExecutor.runWorker(ThreadPoolExecutor.java:1189)
		at org.apache.tomcat.util.threads.ThreadPoolExecutor$Worker.run(ThreadPoolExecutor.java:658)
		at org.apache.tomcat.util.threads.TaskThread$WrappingRunnable.run(TaskThread.java:63)
		at java.base/java.lang.Thread.run(Thread.java:1575)
21-Jul-2025 13:17:21.600 INFO [http-nio-8086-exec-187] org.apache.catalina.core.ApplicationContext.log Manager: list: Listing contexts for virtual host 'localhost'
21-Jul-2025 13:17:21.620 INFO [http-nio-8086-exec-188] org.apache.catalina.core.ApplicationContext.log Manager: list: Listing contexts for virtual host 'localhost'
21-Jul-2025 13:17:21.685 INFO [http-nio-8086-exec-189] org.apache.catalina.core.ApplicationContext.log Manager: undeploy: Undeploying web application at '/TestWeb'
21-Jul-2025 13:17:22.297 INFO [http-nio-8086-exec-190] org.apache.catalina.core.ApplicationContext.log Manager: install: Installing context configuration at 'file:/var/folders/81/74rdf9nj47d3x623bsly7v340000gn/T/context926558073337552805.xml'
21-Jul-2025 13:17:24.139 INFO [http-nio-8086-exec-184] org.apache.catalina.core.ApplicationContext.log Manager: list: Listing contexts for virtual host 'localhost'
21-Jul-2025 13:17:24.148 INFO [http-nio-8086-exec-188] org.apache.catalina.core.ApplicationContext.log Manager: list: Listing contexts for virtual host 'localhost'
21-Jul-2025 13:17:24.160 INFO [http-nio-8086-exec-183] org.apache.catalina.core.ApplicationContext.log Manager: undeploy: Undeploying web application at '/TestWeb'
21-Jul-2025 13:17:24.689 INFO [http-nio-8086-exec-189] org.apache.catalina.core.ApplicationContext.log Manager: install: Installing context configuration at 'file:/var/folders/81/74rdf9nj47d3x623bsly7v340000gn/T/context17545673234377015392.xml'
21-Jul-2025 13:17:52.654 INFO [http-nio-8086-exec-182] org.apache.catalina.core.ApplicationContext.log Manager: list: Listing contexts for virtual host 'localhost'
21-Jul-2025 13:17:52.665 INFO [http-nio-8086-exec-181] org.apache.catalina.core.ApplicationContext.log Manager: list: Listing contexts for virtual host 'localhost'
21-Jul-2025 13:17:52.711 INFO [http-nio-8086-exec-184] org.apache.catalina.core.ApplicationContext.log Manager: undeploy: Undeploying web application at '/TestWeb'
21-Jul-2025 13:17:53.276 INFO [http-nio-8086-exec-192] org.apache.catalina.core.ApplicationContext.log Manager: install: Installing context configuration at 'file:/var/folders/81/74rdf9nj47d3x623bsly7v340000gn/T/context12264383555063476428.xml'
21-Jul-2025 13:19:58.260 INFO [http-nio-8086-exec-194] org.apache.catalina.core.ApplicationContext.log Manager: list: Listing contexts for virtual host 'localhost'
21-Jul-2025 13:19:58.272 INFO [http-nio-8086-exec-181] org.apache.catalina.core.ApplicationContext.log Manager: list: Listing contexts for virtual host 'localhost'
21-Jul-2025 13:19:58.315 INFO [http-nio-8086-exec-186] org.apache.catalina.core.ApplicationContext.log Manager: undeploy: Undeploying web application at '/TestWeb'
21-Jul-2025 13:19:58.884 INFO [http-nio-8086-exec-188] org.apache.catalina.core.ApplicationContext.log Manager: install: Installing context configuration at 'file:/var/folders/81/74rdf9nj47d3x623bsly7v340000gn/T/context1777038184892513919.xml'
21-Jul-2025 13:20:01.127 INFO [http-nio-8086-exec-194] org.apache.catalina.core.ApplicationContext.log Manager: list: Listing contexts for virtual host 'localhost'
21-Jul-2025 13:20:01.136 INFO [http-nio-8086-exec-186] org.apache.catalina.core.ApplicationContext.log Manager: list: Listing contexts for virtual host 'localhost'
21-Jul-2025 13:20:01.175 INFO [http-nio-8086-exec-197] org.apache.catalina.core.ApplicationContext.log Manager: undeploy: Undeploying web application at '/TestWeb'
21-Jul-2025 13:20:01.739 INFO [http-nio-8086-exec-200] org.apache.catalina.core.ApplicationContext.log Manager: install: Installing context configuration at 'file:/var/folders/81/74rdf9nj47d3x623bsly7v340000gn/T/context4185344011796032461.xml'
21-Jul-2025 13:21:49.000 INFO [http-nio-8086-exec-204] org.apache.catalina.core.ApplicationContext.log Manager: list: Listing contexts for virtual host 'localhost'
21-Jul-2025 13:21:49.007 INFO [http-nio-8086-exec-202] org.apache.catalina.core.ApplicationContext.log Manager: list: Listing contexts for virtual host 'localhost'
21-Jul-2025 13:21:49.030 INFO [http-nio-8086-exec-203] org.apache.catalina.core.ApplicationContext.log Manager: restart: Reloading web application '/TestWeb'
21-Jul-2025 13:21:49.031 SEVERE [http-nio-8086-exec-203] org.apache.catalina.core.ApplicationContext.log Manager: Error reloading [/TestWeb]
	java.lang.IllegalStateException: Context with name [/TestWeb] has not yet been started
		at org.apache.catalina.core.StandardContext.reload(StandardContext.java:3249)
		at org.apache.catalina.manager.ManagerServlet.reload(ManagerServlet.java:1033)
		at org.apache.catalina.manager.ManagerServlet.doGet(ManagerServlet.java:316)
		at javax.servlet.http.HttpServlet.service(HttpServlet.java:529)
		at javax.servlet.http.HttpServlet.service(HttpServlet.java:623)
		at org.apache.catalina.core.ApplicationFilterChain.internalDoFilter(ApplicationFilterChain.java:199)
		at org.apache.catalina.core.ApplicationFilterChain.doFilter(ApplicationFilterChain.java:144)
		at org.apache.tomcat.websocket.server.WsFilter.doFilter(WsFilter.java:51)
		at org.apache.catalina.core.ApplicationFilterChain.internalDoFilter(ApplicationFilterChain.java:168)
		at org.apache.catalina.core.ApplicationFilterChain.doFilter(ApplicationFilterChain.java:144)
		at org.apache.catalina.filters.HttpHeaderSecurityFilter.doFilter(HttpHeaderSecurityFilter.java:129)
		at org.apache.catalina.core.ApplicationFilterChain.internalDoFilter(ApplicationFilterChain.java:168)
		at org.apache.catalina.core.ApplicationFilterChain.doFilter(ApplicationFilterChain.java:144)
		at org.apache.catalina.core.StandardWrapperValve.invoke(StandardWrapperValve.java:168)
		at org.apache.catalina.core.StandardContextValve.invoke(StandardContextValve.java:90)
		at org.apache.catalina.authenticator.AuthenticatorBase.invoke(AuthenticatorBase.java:597)
		at org.apache.catalina.valves.RequestFilterValve.process(RequestFilterValve.java:354)
		at org.apache.catalina.valves.RemoteAddrValve.invoke(RemoteAddrValve.java:54)
		at org.apache.catalina.core.StandardHostValve.invoke(StandardHostValve.java:130)
		at org.apache.catalina.valves.ErrorReportValve.invoke(ErrorReportValve.java:93)
		at org.apache.catalina.valves.AbstractAccessLogValve.invoke(AbstractAccessLogValve.java:656)
		at org.apache.catalina.core.StandardEngineValve.invoke(StandardEngineValve.java:74)
		at org.apache.catalina.connector.CoyoteAdapter.service(CoyoteAdapter.java:346)
		at org.apache.coyote.http11.Http11Processor.service(Http11Processor.java:397)
		at org.apache.coyote.AbstractProcessorLight.process(AbstractProcessorLight.java:63)
		at org.apache.coyote.AbstractProtocol$ConnectionHandler.process(AbstractProtocol.java:935)
		at org.apache.tomcat.util.net.NioEndpoint$SocketProcessor.doRun(NioEndpoint.java:1826)
		at org.apache.tomcat.util.net.SocketProcessorBase.run(SocketProcessorBase.java:52)
		at org.apache.tomcat.util.threads.ThreadPoolExecutor.runWorker(ThreadPoolExecutor.java:1189)
		at org.apache.tomcat.util.threads.ThreadPoolExecutor$Worker.run(ThreadPoolExecutor.java:658)
		at org.apache.tomcat.util.threads.TaskThread$WrappingRunnable.run(TaskThread.java:63)
		at java.base/java.lang.Thread.run(Thread.java:1575)
21-Jul-2025 13:22:20.138 INFO [http-nio-8086-exec-194] org.apache.catalina.core.ApplicationContext.log Manager: list: Listing contexts for virtual host 'localhost'
21-Jul-2025 13:22:20.148 INFO [http-nio-8086-exec-204] org.apache.catalina.core.ApplicationContext.log Manager: list: Listing contexts for virtual host 'localhost'
21-Jul-2025 13:22:20.166 INFO [http-nio-8086-exec-202] org.apache.catalina.core.ApplicationContext.log Manager: restart: Reloading web application '/TestWeb'
21-Jul-2025 13:22:20.166 SEVERE [http-nio-8086-exec-202] org.apache.catalina.core.ApplicationContext.log Manager: Error reloading [/TestWeb]
	java.lang.IllegalStateException: Context with name [/TestWeb] has not yet been started
		at org.apache.catalina.core.StandardContext.reload(StandardContext.java:3249)
		at org.apache.catalina.manager.ManagerServlet.reload(ManagerServlet.java:1033)
		at org.apache.catalina.manager.ManagerServlet.doGet(ManagerServlet.java:316)
		at javax.servlet.http.HttpServlet.service(HttpServlet.java:529)
		at javax.servlet.http.HttpServlet.service(HttpServlet.java:623)
		at org.apache.catalina.core.ApplicationFilterChain.internalDoFilter(ApplicationFilterChain.java:199)
		at org.apache.catalina.core.ApplicationFilterChain.doFilter(ApplicationFilterChain.java:144)
		at org.apache.tomcat.websocket.server.WsFilter.doFilter(WsFilter.java:51)
		at org.apache.catalina.core.ApplicationFilterChain.internalDoFilter(ApplicationFilterChain.java:168)
		at org.apache.catalina.core.ApplicationFilterChain.doFilter(ApplicationFilterChain.java:144)
		at org.apache.catalina.filters.HttpHeaderSecurityFilter.doFilter(HttpHeaderSecurityFilter.java:129)
		at org.apache.catalina.core.ApplicationFilterChain.internalDoFilter(ApplicationFilterChain.java:168)
		at org.apache.catalina.core.ApplicationFilterChain.doFilter(ApplicationFilterChain.java:144)
		at org.apache.catalina.core.StandardWrapperValve.invoke(StandardWrapperValve.java:168)
		at org.apache.catalina.core.StandardContextValve.invoke(StandardContextValve.java:90)
		at org.apache.catalina.authenticator.AuthenticatorBase.invoke(AuthenticatorBase.java:597)
		at org.apache.catalina.valves.RequestFilterValve.process(RequestFilterValve.java:354)
		at org.apache.catalina.valves.RemoteAddrValve.invoke(RemoteAddrValve.java:54)
		at org.apache.catalina.core.StandardHostValve.invoke(StandardHostValve.java:130)
		at org.apache.catalina.valves.ErrorReportValve.invoke(ErrorReportValve.java:93)
		at org.apache.catalina.valves.AbstractAccessLogValve.invoke(AbstractAccessLogValve.java:656)
		at org.apache.catalina.core.StandardEngineValve.invoke(StandardEngineValve.java:74)
		at org.apache.catalina.connector.CoyoteAdapter.service(CoyoteAdapter.java:346)
		at org.apache.coyote.http11.Http11Processor.service(Http11Processor.java:397)
		at org.apache.coyote.AbstractProcessorLight.process(AbstractProcessorLight.java:63)
		at org.apache.coyote.AbstractProtocol$ConnectionHandler.process(AbstractProtocol.java:935)
		at org.apache.tomcat.util.net.NioEndpoint$SocketProcessor.doRun(NioEndpoint.java:1826)
		at org.apache.tomcat.util.net.SocketProcessorBase.run(SocketProcessorBase.java:52)
		at org.apache.tomcat.util.threads.ThreadPoolExecutor.runWorker(ThreadPoolExecutor.java:1189)
		at org.apache.tomcat.util.threads.ThreadPoolExecutor$Worker.run(ThreadPoolExecutor.java:658)
		at org.apache.tomcat.util.threads.TaskThread$WrappingRunnable.run(TaskThread.java:63)
		at java.base/java.lang.Thread.run(Thread.java:1575)
21-Jul-2025 13:24:34.104 INFO [http-nio-8086-exec-208] org.apache.catalina.core.ApplicationContext.log Manager: list: Listing contexts for virtual host 'localhost'
21-Jul-2025 13:24:34.110 INFO [http-nio-8086-exec-209] org.apache.catalina.core.ApplicationContext.log Manager: list: Listing contexts for virtual host 'localhost'
21-Jul-2025 13:24:34.144 INFO [http-nio-8086-exec-210] org.apache.catalina.core.ApplicationContext.log Manager: undeploy: Undeploying web application at '/TestWeb'
21-Jul-2025 13:24:34.674 INFO [http-nio-8086-exec-194] org.apache.catalina.core.ApplicationContext.log Manager: install: Installing context configuration at 'file:/var/folders/81/74rdf9nj47d3x623bsly7v340000gn/T/context9165072543817641206.xml'
21-Jul-2025 13:24:42.525 INFO [http-nio-8086-exec-204] org.apache.catalina.core.ApplicationContext.log Manager: list: Listing contexts for virtual host 'localhost'
21-Jul-2025 13:24:42.532 INFO [http-nio-8086-exec-203] org.apache.catalina.core.ApplicationContext.log Manager: list: Listing contexts for virtual host 'localhost'
21-Jul-2025 13:24:42.560 INFO [http-nio-8086-exec-207] org.apache.catalina.core.ApplicationContext.log Manager: restart: Reloading web application '/TestWeb'
21-Jul-2025 13:24:42.560 SEVERE [http-nio-8086-exec-207] org.apache.catalina.core.ApplicationContext.log Manager: Error reloading [/TestWeb]
	java.lang.IllegalStateException: Context with name [/TestWeb] has not yet been started
		at org.apache.catalina.core.StandardContext.reload(StandardContext.java:3249)
		at org.apache.catalina.manager.ManagerServlet.reload(ManagerServlet.java:1033)
		at org.apache.catalina.manager.ManagerServlet.doGet(ManagerServlet.java:316)
		at javax.servlet.http.HttpServlet.service(HttpServlet.java:529)
		at javax.servlet.http.HttpServlet.service(HttpServlet.java:623)
		at org.apache.catalina.core.ApplicationFilterChain.internalDoFilter(ApplicationFilterChain.java:199)
		at org.apache.catalina.core.ApplicationFilterChain.doFilter(ApplicationFilterChain.java:144)
		at org.apache.tomcat.websocket.server.WsFilter.doFilter(WsFilter.java:51)
		at org.apache.catalina.core.ApplicationFilterChain.internalDoFilter(ApplicationFilterChain.java:168)
		at org.apache.catalina.core.ApplicationFilterChain.doFilter(ApplicationFilterChain.java:144)
		at org.apache.catalina.filters.HttpHeaderSecurityFilter.doFilter(HttpHeaderSecurityFilter.java:129)
		at org.apache.catalina.core.ApplicationFilterChain.internalDoFilter(ApplicationFilterChain.java:168)
		at org.apache.catalina.core.ApplicationFilterChain.doFilter(ApplicationFilterChain.java:144)
		at org.apache.catalina.core.StandardWrapperValve.invoke(StandardWrapperValve.java:168)
		at org.apache.catalina.core.StandardContextValve.invoke(StandardContextValve.java:90)
		at org.apache.catalina.authenticator.AuthenticatorBase.invoke(AuthenticatorBase.java:597)
		at org.apache.catalina.valves.RequestFilterValve.process(RequestFilterValve.java:354)
		at org.apache.catalina.valves.RemoteAddrValve.invoke(RemoteAddrValve.java:54)
		at org.apache.catalina.core.StandardHostValve.invoke(StandardHostValve.java:130)
		at org.apache.catalina.valves.ErrorReportValve.invoke(ErrorReportValve.java:93)
		at org.apache.catalina.valves.AbstractAccessLogValve.invoke(AbstractAccessLogValve.java:656)
		at org.apache.catalina.core.StandardEngineValve.invoke(StandardEngineValve.java:74)
		at org.apache.catalina.connector.CoyoteAdapter.service(CoyoteAdapter.java:346)
		at org.apache.coyote.http11.Http11Processor.service(Http11Processor.java:397)
		at org.apache.coyote.AbstractProcessorLight.process(AbstractProcessorLight.java:63)
		at org.apache.coyote.AbstractProtocol$ConnectionHandler.process(AbstractProtocol.java:935)
		at org.apache.tomcat.util.net.NioEndpoint$SocketProcessor.doRun(NioEndpoint.java:1826)
		at org.apache.tomcat.util.net.SocketProcessorBase.run(SocketProcessorBase.java:52)
		at org.apache.tomcat.util.threads.ThreadPoolExecutor.runWorker(ThreadPoolExecutor.java:1189)
		at org.apache.tomcat.util.threads.ThreadPoolExecutor$Worker.run(ThreadPoolExecutor.java:658)
		at org.apache.tomcat.util.threads.TaskThread$WrappingRunnable.run(TaskThread.java:63)
		at java.base/java.lang.Thread.run(Thread.java:1575)
21-Jul-2025 13:25:08.958 INFO [http-nio-8086-exec-204] org.apache.catalina.core.ApplicationContext.log Manager: list: Listing contexts for virtual host 'localhost'
21-Jul-2025 13:25:08.965 INFO [http-nio-8086-exec-203] org.apache.catalina.core.ApplicationContext.log Manager: list: Listing contexts for virtual host 'localhost'
21-Jul-2025 13:25:08.990 INFO [http-nio-8086-exec-207] org.apache.catalina.core.ApplicationContext.log Manager: undeploy: Undeploying web application at '/TestWeb'
21-Jul-2025 13:25:09.532 INFO [http-nio-8086-exec-213] org.apache.catalina.core.ApplicationContext.log Manager: install: Installing context configuration at 'file:/var/folders/81/74rdf9nj47d3x623bsly7v340000gn/T/context15780901215200361316.xml'
21-Jul-2025 13:25:55.297 INFO [http-nio-8086-exec-211] org.apache.catalina.core.ApplicationContext.log Manager: list: Listing contexts for virtual host 'localhost'
21-Jul-2025 13:25:55.308 INFO [http-nio-8086-exec-214] org.apache.catalina.core.ApplicationContext.log Manager: list: Listing contexts for virtual host 'localhost'
21-Jul-2025 13:25:55.332 INFO [http-nio-8086-exec-202] org.apache.catalina.core.ApplicationContext.log Manager: restart: Reloading web application '/TestWeb'
21-Jul-2025 13:25:55.332 SEVERE [http-nio-8086-exec-202] org.apache.catalina.core.ApplicationContext.log Manager: Error reloading [/TestWeb]
	java.lang.IllegalStateException: Context with name [/TestWeb] has not yet been started
		at org.apache.catalina.core.StandardContext.reload(StandardContext.java:3249)
		at org.apache.catalina.manager.ManagerServlet.reload(ManagerServlet.java:1033)
		at org.apache.catalina.manager.ManagerServlet.doGet(ManagerServlet.java:316)
		at javax.servlet.http.HttpServlet.service(HttpServlet.java:529)
		at javax.servlet.http.HttpServlet.service(HttpServlet.java:623)
		at org.apache.catalina.core.ApplicationFilterChain.internalDoFilter(ApplicationFilterChain.java:199)
		at org.apache.catalina.core.ApplicationFilterChain.doFilter(ApplicationFilterChain.java:144)
		at org.apache.tomcat.websocket.server.WsFilter.doFilter(WsFilter.java:51)
		at org.apache.catalina.core.ApplicationFilterChain.internalDoFilter(ApplicationFilterChain.java:168)
		at org.apache.catalina.core.ApplicationFilterChain.doFilter(ApplicationFilterChain.java:144)
		at org.apache.catalina.filters.HttpHeaderSecurityFilter.doFilter(HttpHeaderSecurityFilter.java:129)
		at org.apache.catalina.core.ApplicationFilterChain.internalDoFilter(ApplicationFilterChain.java:168)
		at org.apache.catalina.core.ApplicationFilterChain.doFilter(ApplicationFilterChain.java:144)
		at org.apache.catalina.core.StandardWrapperValve.invoke(StandardWrapperValve.java:168)
		at org.apache.catalina.core.StandardContextValve.invoke(StandardContextValve.java:90)
		at org.apache.catalina.authenticator.AuthenticatorBase.invoke(AuthenticatorBase.java:597)
		at org.apache.catalina.valves.RequestFilterValve.process(RequestFilterValve.java:354)
		at org.apache.catalina.valves.RemoteAddrValve.invoke(RemoteAddrValve.java:54)
		at org.apache.catalina.core.StandardHostValve.invoke(StandardHostValve.java:130)
		at org.apache.catalina.valves.ErrorReportValve.invoke(ErrorReportValve.java:93)
		at org.apache.catalina.valves.AbstractAccessLogValve.invoke(AbstractAccessLogValve.java:656)
		at org.apache.catalina.core.StandardEngineValve.invoke(StandardEngineValve.java:74)
		at org.apache.catalina.connector.CoyoteAdapter.service(CoyoteAdapter.java:346)
		at org.apache.coyote.http11.Http11Processor.service(Http11Processor.java:397)
		at org.apache.coyote.AbstractProcessorLight.process(AbstractProcessorLight.java:63)
		at org.apache.coyote.AbstractProtocol$ConnectionHandler.process(AbstractProtocol.java:935)
		at org.apache.tomcat.util.net.NioEndpoint$SocketProcessor.doRun(NioEndpoint.java:1826)
		at org.apache.tomcat.util.net.SocketProcessorBase.run(SocketProcessorBase.java:52)
		at org.apache.tomcat.util.threads.ThreadPoolExecutor.runWorker(ThreadPoolExecutor.java:1189)
		at org.apache.tomcat.util.threads.ThreadPoolExecutor$Worker.run(ThreadPoolExecutor.java:658)
		at org.apache.tomcat.util.threads.TaskThread$WrappingRunnable.run(TaskThread.java:63)
		at java.base/java.lang.Thread.run(Thread.java:1575)
21-Jul-2025 13:35:45.141 INFO [http-nio-8086-exec-221] org.apache.catalina.core.ApplicationContext.log Manager: list: Listing contexts for virtual host 'localhost'
21-Jul-2025 13:35:45.146 INFO [http-nio-8086-exec-222] org.apache.catalina.core.ApplicationContext.log Manager: list: Listing contexts for virtual host 'localhost'
21-Jul-2025 13:35:45.161 INFO [http-nio-8086-exec-223] org.apache.catalina.core.ApplicationContext.log Manager: restart: Reloading web application '/TestWeb'
21-Jul-2025 13:35:45.161 SEVERE [http-nio-8086-exec-223] org.apache.catalina.core.ApplicationContext.log Manager: Error reloading [/TestWeb]
	java.lang.IllegalStateException: Context with name [/TestWeb] has not yet been started
		at org.apache.catalina.core.StandardContext.reload(StandardContext.java:3249)
		at org.apache.catalina.manager.ManagerServlet.reload(ManagerServlet.java:1033)
		at org.apache.catalina.manager.ManagerServlet.doGet(ManagerServlet.java:316)
		at javax.servlet.http.HttpServlet.service(HttpServlet.java:529)
		at javax.servlet.http.HttpServlet.service(HttpServlet.java:623)
		at org.apache.catalina.core.ApplicationFilterChain.internalDoFilter(ApplicationFilterChain.java:199)
		at org.apache.catalina.core.ApplicationFilterChain.doFilter(ApplicationFilterChain.java:144)
		at org.apache.tomcat.websocket.server.WsFilter.doFilter(WsFilter.java:51)
		at org.apache.catalina.core.ApplicationFilterChain.internalDoFilter(ApplicationFilterChain.java:168)
		at org.apache.catalina.core.ApplicationFilterChain.doFilter(ApplicationFilterChain.java:144)
		at org.apache.catalina.filters.HttpHeaderSecurityFilter.doFilter(HttpHeaderSecurityFilter.java:129)
		at org.apache.catalina.core.ApplicationFilterChain.internalDoFilter(ApplicationFilterChain.java:168)
		at org.apache.catalina.core.ApplicationFilterChain.doFilter(ApplicationFilterChain.java:144)
		at org.apache.catalina.core.StandardWrapperValve.invoke(StandardWrapperValve.java:168)
		at org.apache.catalina.core.StandardContextValve.invoke(StandardContextValve.java:90)
		at org.apache.catalina.authenticator.AuthenticatorBase.invoke(AuthenticatorBase.java:597)
		at org.apache.catalina.valves.RequestFilterValve.process(RequestFilterValve.java:354)
		at org.apache.catalina.valves.RemoteAddrValve.invoke(RemoteAddrValve.java:54)
		at org.apache.catalina.core.StandardHostValve.invoke(StandardHostValve.java:130)
		at org.apache.catalina.valves.ErrorReportValve.invoke(ErrorReportValve.java:93)
		at org.apache.catalina.valves.AbstractAccessLogValve.invoke(AbstractAccessLogValve.java:656)
		at org.apache.catalina.core.StandardEngineValve.invoke(StandardEngineValve.java:74)
		at org.apache.catalina.connector.CoyoteAdapter.service(CoyoteAdapter.java:346)
		at org.apache.coyote.http11.Http11Processor.service(Http11Processor.java:397)
		at org.apache.coyote.AbstractProcessorLight.process(AbstractProcessorLight.java:63)
		at org.apache.coyote.AbstractProtocol$ConnectionHandler.process(AbstractProtocol.java:935)
		at org.apache.tomcat.util.net.NioEndpoint$SocketProcessor.doRun(NioEndpoint.java:1826)
		at org.apache.tomcat.util.net.SocketProcessorBase.run(SocketProcessorBase.java:52)
		at org.apache.tomcat.util.threads.ThreadPoolExecutor.runWorker(ThreadPoolExecutor.java:1189)
		at org.apache.tomcat.util.threads.ThreadPoolExecutor$Worker.run(ThreadPoolExecutor.java:658)
		at org.apache.tomcat.util.threads.TaskThread$WrappingRunnable.run(TaskThread.java:63)
		at java.base/java.lang.Thread.run(Thread.java:1575)
21-Jul-2025 19:05:08.569 INFO [http-nio-8086-exec-5] org.apache.catalina.core.ApplicationContext.log Manager: init: Associated with Deployer 'Catalina:type=Deployer,host=localhost'
21-Jul-2025 19:05:08.570 INFO [http-nio-8086-exec-5] org.apache.catalina.core.ApplicationContext.log Manager: init: Global resources are available
21-Jul-2025 19:05:08.681 INFO [http-nio-8086-exec-9] org.apache.catalina.core.ApplicationContext.log Manager: list: Listing contexts for virtual host 'localhost'
21-Jul-2025 19:05:08.689 INFO [http-nio-8086-exec-8] org.apache.catalina.core.ApplicationContext.log Manager: list: Listing contexts for virtual host 'localhost'
21-Jul-2025 19:05:08.729 INFO [http-nio-8086-exec-10] org.apache.catalina.core.ApplicationContext.log Manager: restart: Reloading web application '/TestWeb'
21-Jul-2025 19:05:08.729 SEVERE [http-nio-8086-exec-10] org.apache.catalina.core.ApplicationContext.log Manager: Error reloading [/TestWeb]
	java.lang.IllegalStateException: Context with name [/TestWeb] has not yet been started
		at org.apache.catalina.core.StandardContext.reload(StandardContext.java:3249)
		at org.apache.catalina.manager.ManagerServlet.reload(ManagerServlet.java:1033)
		at org.apache.catalina.manager.ManagerServlet.doGet(ManagerServlet.java:316)
		at javax.servlet.http.HttpServlet.service(HttpServlet.java:529)
		at javax.servlet.http.HttpServlet.service(HttpServlet.java:623)
		at org.apache.catalina.core.ApplicationFilterChain.internalDoFilter(ApplicationFilterChain.java:199)
		at org.apache.catalina.core.ApplicationFilterChain.doFilter(ApplicationFilterChain.java:144)
		at org.apache.tomcat.websocket.server.WsFilter.doFilter(WsFilter.java:51)
		at org.apache.catalina.core.ApplicationFilterChain.internalDoFilter(ApplicationFilterChain.java:168)
		at org.apache.catalina.core.ApplicationFilterChain.doFilter(ApplicationFilterChain.java:144)
		at org.apache.catalina.filters.HttpHeaderSecurityFilter.doFilter(HttpHeaderSecurityFilter.java:129)
		at org.apache.catalina.core.ApplicationFilterChain.internalDoFilter(ApplicationFilterChain.java:168)
		at org.apache.catalina.core.ApplicationFilterChain.doFilter(ApplicationFilterChain.java:144)
		at org.apache.catalina.core.StandardWrapperValve.invoke(StandardWrapperValve.java:168)
		at org.apache.catalina.core.StandardContextValve.invoke(StandardContextValve.java:90)
		at org.apache.catalina.authenticator.AuthenticatorBase.invoke(AuthenticatorBase.java:597)
		at org.apache.catalina.valves.RequestFilterValve.process(RequestFilterValve.java:354)
		at org.apache.catalina.valves.RemoteAddrValve.invoke(RemoteAddrValve.java:54)
		at org.apache.catalina.core.StandardHostValve.invoke(StandardHostValve.java:130)
		at org.apache.catalina.valves.ErrorReportValve.invoke(ErrorReportValve.java:93)
		at org.apache.catalina.valves.AbstractAccessLogValve.invoke(AbstractAccessLogValve.java:656)
		at org.apache.catalina.core.StandardEngineValve.invoke(StandardEngineValve.java:74)
		at org.apache.catalina.connector.CoyoteAdapter.service(CoyoteAdapter.java:346)
		at org.apache.coyote.http11.Http11Processor.service(Http11Processor.java:397)
		at org.apache.coyote.AbstractProcessorLight.process(AbstractProcessorLight.java:63)
		at org.apache.coyote.AbstractProtocol$ConnectionHandler.process(AbstractProtocol.java:935)
		at org.apache.tomcat.util.net.NioEndpoint$SocketProcessor.doRun(NioEndpoint.java:1826)
		at org.apache.tomcat.util.net.SocketProcessorBase.run(SocketProcessorBase.java:52)
		at org.apache.tomcat.util.threads.ThreadPoolExecutor.runWorker(ThreadPoolExecutor.java:1189)
		at org.apache.tomcat.util.threads.ThreadPoolExecutor$Worker.run(ThreadPoolExecutor.java:658)
		at org.apache.tomcat.util.threads.TaskThread$WrappingRunnable.run(TaskThread.java:63)
		at java.base/java.lang.Thread.run(Thread.java:1575)
21-Jul-2025 19:13:03.552 INFO [http-nio-8086-exec-3] org.apache.catalina.core.ApplicationContext.log Manager: list: Listing contexts for virtual host 'localhost'
21-Jul-2025 19:13:03.575 INFO [http-nio-8086-exec-4] org.apache.catalina.core.ApplicationContext.log Manager: restart: Reloading web application '/TestWeb'
21-Jul-2025 19:13:03.575 SEVERE [http-nio-8086-exec-4] org.apache.catalina.core.ApplicationContext.log Manager: Error reloading [/TestWeb]
	java.lang.IllegalStateException: Context with name [/TestWeb] has not yet been started
		at org.apache.catalina.core.StandardContext.reload(StandardContext.java:3249)
		at org.apache.catalina.manager.ManagerServlet.reload(ManagerServlet.java:1033)
		at org.apache.catalina.manager.ManagerServlet.doGet(ManagerServlet.java:316)
		at javax.servlet.http.HttpServlet.service(HttpServlet.java:529)
		at javax.servlet.http.HttpServlet.service(HttpServlet.java:623)
		at org.apache.catalina.core.ApplicationFilterChain.internalDoFilter(ApplicationFilterChain.java:199)
		at org.apache.catalina.core.ApplicationFilterChain.doFilter(ApplicationFilterChain.java:144)
		at org.apache.tomcat.websocket.server.WsFilter.doFilter(WsFilter.java:51)
		at org.apache.catalina.core.ApplicationFilterChain.internalDoFilter(ApplicationFilterChain.java:168)
		at org.apache.catalina.core.ApplicationFilterChain.doFilter(ApplicationFilterChain.java:144)
		at org.apache.catalina.filters.HttpHeaderSecurityFilter.doFilter(HttpHeaderSecurityFilter.java:129)
		at org.apache.catalina.core.ApplicationFilterChain.internalDoFilter(ApplicationFilterChain.java:168)
		at org.apache.catalina.core.ApplicationFilterChain.doFilter(ApplicationFilterChain.java:144)
		at org.apache.catalina.core.StandardWrapperValve.invoke(StandardWrapperValve.java:168)
		at org.apache.catalina.core.StandardContextValve.invoke(StandardContextValve.java:90)
		at org.apache.catalina.authenticator.AuthenticatorBase.invoke(AuthenticatorBase.java:597)
		at org.apache.catalina.valves.RequestFilterValve.process(RequestFilterValve.java:354)
		at org.apache.catalina.valves.RemoteAddrValve.invoke(RemoteAddrValve.java:54)
		at org.apache.catalina.core.StandardHostValve.invoke(StandardHostValve.java:130)
		at org.apache.catalina.valves.ErrorReportValve.invoke(ErrorReportValve.java:93)
		at org.apache.catalina.valves.AbstractAccessLogValve.invoke(AbstractAccessLogValve.java:656)
		at org.apache.catalina.core.StandardEngineValve.invoke(StandardEngineValve.java:74)
		at org.apache.catalina.connector.CoyoteAdapter.service(CoyoteAdapter.java:346)
		at org.apache.coyote.http11.Http11Processor.service(Http11Processor.java:397)
		at org.apache.coyote.AbstractProcessorLight.process(AbstractProcessorLight.java:63)
		at org.apache.coyote.AbstractProtocol$ConnectionHandler.process(AbstractProtocol.java:935)
		at org.apache.tomcat.util.net.NioEndpoint$SocketProcessor.doRun(NioEndpoint.java:1826)
		at org.apache.tomcat.util.net.SocketProcessorBase.run(SocketProcessorBase.java:52)
		at org.apache.tomcat.util.threads.ThreadPoolExecutor.runWorker(ThreadPoolExecutor.java:1189)
		at org.apache.tomcat.util.threads.ThreadPoolExecutor$Worker.run(ThreadPoolExecutor.java:658)
		at org.apache.tomcat.util.threads.TaskThread$WrappingRunnable.run(TaskThread.java:63)
		at java.base/java.lang.Thread.run(Thread.java:1575)
21-Jul-2025 19:13:25.093 INFO [http-nio-8086-exec-2] org.apache.catalina.core.ApplicationContext.log Manager: list: Listing contexts for virtual host 'localhost'
21-Jul-2025 19:13:25.101 INFO [http-nio-8086-exec-1] org.apache.catalina.core.ApplicationContext.log Manager: list: Listing contexts for virtual host 'localhost'
21-Jul-2025 19:13:25.125 INFO [http-nio-8086-exec-3] org.apache.catalina.core.ApplicationContext.log Manager: restart: Reloading web application '/TestWeb'
21-Jul-2025 19:13:25.125 SEVERE [http-nio-8086-exec-3] org.apache.catalina.core.ApplicationContext.log Manager: Error reloading [/TestWeb]
	java.lang.IllegalStateException: Context with name [/TestWeb] has not yet been started
		at org.apache.catalina.core.StandardContext.reload(StandardContext.java:3249)
		at org.apache.catalina.manager.ManagerServlet.reload(ManagerServlet.java:1033)
		at org.apache.catalina.manager.ManagerServlet.doGet(ManagerServlet.java:316)
		at javax.servlet.http.HttpServlet.service(HttpServlet.java:529)
		at javax.servlet.http.HttpServlet.service(HttpServlet.java:623)
		at org.apache.catalina.core.ApplicationFilterChain.internalDoFilter(ApplicationFilterChain.java:199)
		at org.apache.catalina.core.ApplicationFilterChain.doFilter(ApplicationFilterChain.java:144)
		at org.apache.tomcat.websocket.server.WsFilter.doFilter(WsFilter.java:51)
		at org.apache.catalina.core.ApplicationFilterChain.internalDoFilter(ApplicationFilterChain.java:168)
		at org.apache.catalina.core.ApplicationFilterChain.doFilter(ApplicationFilterChain.java:144)
		at org.apache.catalina.filters.HttpHeaderSecurityFilter.doFilter(HttpHeaderSecurityFilter.java:129)
		at org.apache.catalina.core.ApplicationFilterChain.internalDoFilter(ApplicationFilterChain.java:168)
		at org.apache.catalina.core.ApplicationFilterChain.doFilter(ApplicationFilterChain.java:144)
		at org.apache.catalina.core.StandardWrapperValve.invoke(StandardWrapperValve.java:168)
		at org.apache.catalina.core.StandardContextValve.invoke(StandardContextValve.java:90)
		at org.apache.catalina.authenticator.AuthenticatorBase.invoke(AuthenticatorBase.java:597)
		at org.apache.catalina.valves.RequestFilterValve.process(RequestFilterValve.java:354)
		at org.apache.catalina.valves.RemoteAddrValve.invoke(RemoteAddrValve.java:54)
		at org.apache.catalina.core.StandardHostValve.invoke(StandardHostValve.java:130)
		at org.apache.catalina.valves.ErrorReportValve.invoke(ErrorReportValve.java:93)
		at org.apache.catalina.valves.AbstractAccessLogValve.invoke(AbstractAccessLogValve.java:656)
		at org.apache.catalina.core.StandardEngineValve.invoke(StandardEngineValve.java:74)
		at org.apache.catalina.connector.CoyoteAdapter.service(CoyoteAdapter.java:346)
		at org.apache.coyote.http11.Http11Processor.service(Http11Processor.java:397)
		at org.apache.coyote.AbstractProcessorLight.process(AbstractProcessorLight.java:63)
		at org.apache.coyote.AbstractProtocol$ConnectionHandler.process(AbstractProtocol.java:935)
		at org.apache.tomcat.util.net.NioEndpoint$SocketProcessor.doRun(NioEndpoint.java:1826)
		at org.apache.tomcat.util.net.SocketProcessorBase.run(SocketProcessorBase.java:52)
		at org.apache.tomcat.util.threads.ThreadPoolExecutor.runWorker(ThreadPoolExecutor.java:1189)
		at org.apache.tomcat.util.threads.ThreadPoolExecutor$Worker.run(ThreadPoolExecutor.java:658)
		at org.apache.tomcat.util.threads.TaskThread$WrappingRunnable.run(TaskThread.java:63)
		at java.base/java.lang.Thread.run(Thread.java:1575)
21-Jul-2025 19:13:50.817 INFO [http-nio-8086-exec-2] org.apache.catalina.core.ApplicationContext.log Manager: list: Listing contexts for virtual host 'localhost'
21-Jul-2025 19:13:50.830 INFO [http-nio-8086-exec-1] org.apache.catalina.core.ApplicationContext.log Manager: list: Listing contexts for virtual host 'localhost'
21-Jul-2025 19:13:50.859 INFO [http-nio-8086-exec-3] org.apache.catalina.core.ApplicationContext.log Manager: restart: Reloading web application '/TestWeb'
21-Jul-2025 19:13:50.860 SEVERE [http-nio-8086-exec-3] org.apache.catalina.core.ApplicationContext.log Manager: Error reloading [/TestWeb]
	java.lang.IllegalStateException: Context with name [/TestWeb] has not yet been started
		at org.apache.catalina.core.StandardContext.reload(StandardContext.java:3249)
		at org.apache.catalina.manager.ManagerServlet.reload(ManagerServlet.java:1033)
		at org.apache.catalina.manager.ManagerServlet.doGet(ManagerServlet.java:316)
		at javax.servlet.http.HttpServlet.service(HttpServlet.java:529)
		at javax.servlet.http.HttpServlet.service(HttpServlet.java:623)
		at org.apache.catalina.core.ApplicationFilterChain.internalDoFilter(ApplicationFilterChain.java:199)
		at org.apache.catalina.core.ApplicationFilterChain.doFilter(ApplicationFilterChain.java:144)
		at org.apache.tomcat.websocket.server.WsFilter.doFilter(WsFilter.java:51)
		at org.apache.catalina.core.ApplicationFilterChain.internalDoFilter(ApplicationFilterChain.java:168)
		at org.apache.catalina.core.ApplicationFilterChain.doFilter(ApplicationFilterChain.java:144)
		at org.apache.catalina.filters.HttpHeaderSecurityFilter.doFilter(HttpHeaderSecurityFilter.java:129)
		at org.apache.catalina.core.ApplicationFilterChain.internalDoFilter(ApplicationFilterChain.java:168)
		at org.apache.catalina.core.ApplicationFilterChain.doFilter(ApplicationFilterChain.java:144)
		at org.apache.catalina.core.StandardWrapperValve.invoke(StandardWrapperValve.java:168)
		at org.apache.catalina.core.StandardContextValve.invoke(StandardContextValve.java:90)
		at org.apache.catalina.authenticator.AuthenticatorBase.invoke(AuthenticatorBase.java:597)
		at org.apache.catalina.valves.RequestFilterValve.process(RequestFilterValve.java:354)
		at org.apache.catalina.valves.RemoteAddrValve.invoke(RemoteAddrValve.java:54)
		at org.apache.catalina.core.StandardHostValve.invoke(StandardHostValve.java:130)
		at org.apache.catalina.valves.ErrorReportValve.invoke(ErrorReportValve.java:93)
		at org.apache.catalina.valves.AbstractAccessLogValve.invoke(AbstractAccessLogValve.java:656)
		at org.apache.catalina.core.StandardEngineValve.invoke(StandardEngineValve.java:74)
		at org.apache.catalina.connector.CoyoteAdapter.service(CoyoteAdapter.java:346)
		at org.apache.coyote.http11.Http11Processor.service(Http11Processor.java:397)
		at org.apache.coyote.AbstractProcessorLight.process(AbstractProcessorLight.java:63)
		at org.apache.coyote.AbstractProtocol$ConnectionHandler.process(AbstractProtocol.java:935)
		at org.apache.tomcat.util.net.NioEndpoint$SocketProcessor.doRun(NioEndpoint.java:1826)
		at org.apache.tomcat.util.net.SocketProcessorBase.run(SocketProcessorBase.java:52)
		at org.apache.tomcat.util.threads.ThreadPoolExecutor.runWorker(ThreadPoolExecutor.java:1189)
		at org.apache.tomcat.util.threads.ThreadPoolExecutor$Worker.run(ThreadPoolExecutor.java:658)
		at org.apache.tomcat.util.threads.TaskThread$WrappingRunnable.run(TaskThread.java:63)
		at java.base/java.lang.Thread.run(Thread.java:1575)
21-Jul-2025 19:15:31.323 INFO [http-nio-8086-exec-2] org.apache.catalina.core.ApplicationContext.log Manager: list: Listing contexts for virtual host 'localhost'
21-Jul-2025 19:15:31.330 INFO [http-nio-8086-exec-1] org.apache.catalina.core.ApplicationContext.log Manager: list: Listing contexts for virtual host 'localhost'
21-Jul-2025 19:15:31.365 INFO [http-nio-8086-exec-3] org.apache.catalina.core.ApplicationContext.log Manager: undeploy: Undeploying web application at '/TestWeb'
21-Jul-2025 19:15:32.016 INFO [http-nio-8086-exec-4] org.apache.catalina.core.ApplicationContext.log Manager: install: Installing context configuration at 'file:/var/folders/81/74rdf9nj47d3x623bsly7v340000gn/T/context9462777225341812004.xml'
21-Jul-2025 19:15:33.252 INFO [http-nio-8086-exec-6] org.apache.catalina.core.ApplicationContext.log Manager: start: Starting web application '/TestWeb'
21-Jul-2025 19:15:33.653 INFO [http-nio-8086-exec-5] org.apache.catalina.core.ApplicationContext.log Manager: list: Listing contexts for virtual host 'localhost'
21-Jul-2025 19:15:33.663 INFO [http-nio-8086-exec-9] org.apache.catalina.core.ApplicationContext.log Manager: restart: Reloading web application '/TestWeb'
21-Jul-2025 19:15:40.205 INFO [http-nio-8086-exec-4] org.apache.catalina.core.ApplicationContext.log Manager: list: Listing contexts for virtual host 'localhost'
21-Jul-2025 19:15:40.210 INFO [http-nio-8086-exec-1] org.apache.catalina.core.ApplicationContext.log Manager: list: Listing contexts for virtual host 'localhost'
21-Jul-2025 19:15:40.240 INFO [http-nio-8086-exec-11] org.apache.catalina.core.ApplicationContext.log Manager: restart: Reloading web application '/TestWeb'
21-Jul-2025 19:18:51.158 INFO [http-nio-8086-exec-16] org.apache.catalina.core.ApplicationContext.log Manager: list: Listing contexts for virtual host 'localhost'
21-Jul-2025 19:18:51.177 INFO [http-nio-8086-exec-17] org.apache.catalina.core.ApplicationContext.log Manager: restart: Reloading web application '/TestWeb'
21-Jul-2025 19:18:56.082 INFO [http-nio-8086-exec-24] org.apache.catalina.core.ApplicationContext.log Manager: list: Listing contexts for virtual host 'localhost'
21-Jul-2025 19:18:57.202 INFO [http-nio-8086-exec-13] org.apache.catalina.core.ApplicationContext.log Manager: list: Listing contexts for virtual host 'localhost'
21-Jul-2025 19:18:57.208 INFO [http-nio-8086-exec-22] org.apache.catalina.core.ApplicationContext.log Manager: list: Listing contexts for virtual host 'localhost'
21-Jul-2025 19:18:57.225 INFO [http-nio-8086-exec-21] org.apache.catalina.core.ApplicationContext.log Manager: restart: Reloading web application '/TestWeb'
21-Jul-2025 19:19:35.811 INFO [http-nio-8086-exec-21] org.apache.catalina.core.ApplicationContext.log Manager: list: Listing contexts for virtual host 'localhost'
21-Jul-2025 19:19:35.827 INFO [http-nio-8086-exec-23] org.apache.catalina.core.ApplicationContext.log Manager: restart: Reloading web application '/TestWeb'
21-Jul-2025 19:21:15.737 INFO [http-nio-8086-exec-35] org.apache.catalina.core.ApplicationContext.log Manager: list: Listing contexts for virtual host 'localhost'
21-Jul-2025 19:21:15.743 INFO [http-nio-8086-exec-36] org.apache.catalina.core.ApplicationContext.log Manager: restart: Reloading web application '/TestWeb'
21-Jul-2025 19:21:40.296 INFO [http-nio-8086-exec-28] org.apache.catalina.core.ApplicationContext.log Manager: list: Listing contexts for virtual host 'localhost'
21-Jul-2025 19:21:40.304 INFO [http-nio-8086-exec-32] org.apache.catalina.core.ApplicationContext.log Manager: restart: Reloading web application '/TestWeb'
21-Jul-2025 19:24:53.288 INFO [http-nio-8086-exec-43] org.apache.catalina.core.ApplicationContext.log Manager: list: Listing contexts for virtual host 'localhost'
21-Jul-2025 19:24:53.296 INFO [http-nio-8086-exec-44] org.apache.catalina.core.ApplicationContext.log Manager: list: Listing contexts for virtual host 'localhost'
21-Jul-2025 19:24:53.321 INFO [http-nio-8086-exec-33] org.apache.catalina.core.ApplicationContext.log Manager: restart: Reloading web application '/TestWeb'
21-Jul-2025 19:26:18.469 INFO [http-nio-8086-exec-50] org.apache.catalina.core.ApplicationContext.log Manager: list: Listing contexts for virtual host 'localhost'
21-Jul-2025 19:26:18.478 INFO [http-nio-8086-exec-49] org.apache.catalina.core.ApplicationContext.log Manager: restart: Reloading web application '/TestWeb'
21-Jul-2025 19:27:26.665 INFO [http-nio-8086-exec-58] org.apache.catalina.core.ApplicationContext.log Manager: list: Listing contexts for virtual host 'localhost'
21-Jul-2025 19:27:26.678 INFO [http-nio-8086-exec-57] org.apache.catalina.core.ApplicationContext.log Manager: restart: Reloading web application '/TestWeb'
21-Jul-2025 19:27:55.408 INFO [http-nio-8086-exec-39] org.apache.catalina.core.ApplicationContext.log Manager: list: Listing contexts for virtual host 'localhost'
21-Jul-2025 19:27:55.420 INFO [http-nio-8086-exec-59] org.apache.catalina.core.ApplicationContext.log Manager: restart: Reloading web application '/TestWeb'
21-Jul-2025 19:30:29.152 INFO [http-nio-8086-exec-65] org.apache.catalina.core.ApplicationContext.log Manager: list: Listing contexts for virtual host 'localhost'
21-Jul-2025 19:30:29.171 INFO [http-nio-8086-exec-66] org.apache.catalina.core.ApplicationContext.log Manager: restart: Reloading web application '/TestWeb'
21-Jul-2025 19:30:50.838 INFO [http-nio-8086-exec-67] org.apache.catalina.core.ApplicationContext.log Manager: list: Listing contexts for virtual host 'localhost'
21-Jul-2025 19:30:50.857 INFO [http-nio-8086-exec-71] org.apache.catalina.core.ApplicationContext.log Manager: restart: Reloading web application '/TestWeb'
21-Jul-2025 19:37:51.752 INFO [http-nio-8086-exec-83] org.apache.catalina.core.ApplicationContext.log Manager: list: Listing contexts for virtual host 'localhost'
21-Jul-2025 19:37:51.788 INFO [http-nio-8086-exec-84] org.apache.catalina.core.ApplicationContext.log Manager: undeploy: Undeploying web application at '/TestWeb'
21-Jul-2025 19:37:52.057 INFO [http-nio-8086-exec-75] org.apache.catalina.core.ApplicationContext.log Manager: list: Listing contexts for virtual host 'localhost'
21-Jul-2025 19:37:52.343 INFO [http-nio-8086-exec-85] org.apache.catalina.core.ApplicationContext.log Manager: restart: Reloading web application '/TestWeb'
21-Jul-2025 19:39:20.328 INFO [http-nio-8086-exec-4] org.apache.catalina.core.ApplicationContext.log Manager: init: Associated with Deployer 'Catalina:type=Deployer,host=localhost'
21-Jul-2025 19:39:20.328 INFO [http-nio-8086-exec-4] org.apache.catalina.core.ApplicationContext.log Manager: init: Global resources are available
21-Jul-2025 19:39:20.538 INFO [http-nio-8086-exec-7] org.apache.catalina.core.ApplicationContext.log Manager: list: Listing contexts for virtual host 'localhost'
21-Jul-2025 19:39:20.550 INFO [http-nio-8086-exec-8] org.apache.catalina.core.ApplicationContext.log Manager: list: Listing contexts for virtual host 'localhost'
21-Jul-2025 19:39:20.642 INFO [http-nio-8086-exec-9] org.apache.catalina.core.ApplicationContext.log Manager: install: Installing context configuration at 'file:/var/folders/81/74rdf9nj47d3x623bsly7v340000gn/T/context7497217168502172567.xml'
21-Jul-2025 19:39:21.851 INFO [http-nio-8086-exec-10] org.apache.catalina.core.ApplicationContext.log Manager: start: Starting web application '/TestWeb'
21-Jul-2025 21:25:59.747 INFO [http-nio-8086-exec-4] org.apache.catalina.core.ApplicationContext.log Manager: list: Listing contexts for virtual host 'localhost'
21-Jul-2025 21:25:59.756 INFO [http-nio-8086-exec-6] org.apache.catalina.core.ApplicationContext.log Manager: list: Listing contexts for virtual host 'localhost'
