27-Aug-2025 10:04:03.539 INFO [http-nio-8086-exec-5] org.apache.catalina.core.ApplicationContext.log Manager: init: Associated with Deployer 'Catalina:type=Deployer,host=localhost'
27-Aug-2025 10:04:03.540 INFO [http-nio-8086-exec-5] org.apache.catalina.core.ApplicationContext.log Manager: init: Global resources are available
27-Aug-2025 10:04:03.666 INFO [http-nio-8086-exec-8] org.apache.catalina.core.ApplicationContext.log Manager: list: Listing contexts for virtual host 'localhost'
27-Aug-2025 10:04:03.675 INFO [http-nio-8086-exec-9] org.apache.catalina.core.ApplicationContext.log Manager: list: Listing contexts for virtual host 'localhost'
27-Aug-2025 10:04:03.742 INFO [http-nio-8086-exec-10] org.apache.catalina.core.ApplicationContext.log Manager: stop: Stopping web application '/SpringMVCWebApp'
27-Aug-2025 10:04:03.778 INFO [http-nio-8086-exec-7] org.apache.catalina.core.ApplicationContext.log Manager: start: Starting web application '/SpringMVCWebApp'
27-Aug-2025 10:05:27.728 INFO [http-nio-8086-exec-18] org.apache.catalina.core.ApplicationContext.log Manager: list: Listing contexts for virtual host 'localhost'
27-Aug-2025 10:05:27.732 INFO [http-nio-8086-exec-16] org.apache.catalina.core.ApplicationContext.log Manager: list: Listing contexts for virtual host 'localhost'
27-Aug-2025 10:08:08.980 INFO [http-nio-8086-exec-14] org.apache.catalina.core.ApplicationContext.log Manager: list: Listing contexts for virtual host 'localhost'
27-Aug-2025 10:08:11.885 INFO [http-nio-8086-exec-14] org.apache.catalina.core.ApplicationContext.log Manager: list: Listing contexts for virtual host 'localhost'
27-Aug-2025 10:08:11.897 INFO [http-nio-8086-exec-13] org.apache.catalina.core.ApplicationContext.log Manager: list: Listing contexts for virtual host 'localhost'
27-Aug-2025 10:09:37.987 INFO [http-nio-8086-exec-12] org.apache.catalina.core.ApplicationContext.log Manager: list: Listing contexts for virtual host 'localhost'
27-Aug-2025 10:10:02.168 INFO [http-nio-8086-exec-17] org.apache.catalina.core.ApplicationContext.log Manager: list: Listing contexts for virtual host 'localhost'
27-Aug-2025 10:10:02.172 INFO [http-nio-8086-exec-14] org.apache.catalina.core.ApplicationContext.log Manager: list: Listing contexts for virtual host 'localhost'
27-Aug-2025 10:12:50.409 INFO [http-nio-8086-exec-19] org.apache.catalina.core.ApplicationContext.log Manager: list: Listing contexts for virtual host 'localhost'
27-Aug-2025 10:12:50.420 INFO [http-nio-8086-exec-17] org.apache.catalina.core.ApplicationContext.log Manager: stop: Stopping web application '/SpringMVCWebApp'
27-Aug-2025 10:12:50.542 INFO [http-nio-8086-exec-14] org.apache.catalina.core.ApplicationContext.log Manager: start: Starting web application '/SpringMVCWebApp'
27-Aug-2025 10:13:22.015 INFO [http-nio-8086-exec-18] org.apache.catalina.core.ApplicationContext.log Manager: list: Listing contexts for virtual host 'localhost'
27-Aug-2025 10:13:22.022 INFO [http-nio-8086-exec-12] org.apache.catalina.core.ApplicationContext.log Manager: list: Listing contexts for virtual host 'localhost'
27-Aug-2025 10:13:22.043 INFO [http-nio-8086-exec-11] org.apache.catalina.core.ApplicationContext.log Manager: stop: Stopping web application '/SpringMVCWebApp'
27-Aug-2025 10:13:22.055 INFO [http-nio-8086-exec-14] org.apache.catalina.core.ApplicationContext.log Manager: start: Starting web application '/SpringMVCWebApp'
27-Aug-2025 10:15:14.416 INFO [http-nio-8086-exec-24] org.apache.catalina.core.ApplicationContext.log Manager: list: Listing contexts for virtual host 'localhost'
27-Aug-2025 10:15:14.440 INFO [http-nio-8086-exec-25] org.apache.catalina.core.ApplicationContext.log Manager: stop: Stopping web application '/SpringMVCWebApp'
27-Aug-2025 10:15:14.500 INFO [http-nio-8086-exec-23] org.apache.catalina.core.ApplicationContext.log Manager: start: Starting web application '/SpringMVCWebApp'
27-Aug-2025 10:15:19.948 INFO [http-nio-8086-exec-23] org.apache.catalina.core.ApplicationContext.log Manager: list: Listing contexts for virtual host 'localhost'
27-Aug-2025 10:15:19.957 INFO [http-nio-8086-exec-27] org.apache.catalina.core.ApplicationContext.log Manager: list: Listing contexts for virtual host 'localhost'
27-Aug-2025 10:15:19.973 INFO [http-nio-8086-exec-22] org.apache.catalina.core.ApplicationContext.log Manager: stop: Stopping web application '/SpringMVCWebApp'
27-Aug-2025 10:15:19.984 INFO [http-nio-8086-exec-24] org.apache.catalina.core.ApplicationContext.log Manager: start: Starting web application '/SpringMVCWebApp'
27-Aug-2025 10:18:36.080 INFO [http-nio-8086-exec-34] org.apache.catalina.core.ApplicationContext.log Manager: list: Listing contexts for virtual host 'localhost'
27-Aug-2025 10:18:36.087 INFO [http-nio-8086-exec-35] org.apache.catalina.core.ApplicationContext.log Manager: list: Listing contexts for virtual host 'localhost'
